{"level":"info","message":"POST /auth/login - 200","timestamp":"2025-01-28T03:14:02.718Z"}
{"level":"info","message":"GET /admin-dashboard/showAllAgencyInAdmin - 200","timestamp":"2025-01-28T03:14:03.158Z"}
{"level":"info","message":"GET /general/read - 200","timestamp":"2025-01-28T03:14:22.148Z"}
{"level":"info","message":"GET /uploads/PlatformLogo/logo2-1737803805271.png - 200","timestamp":"2025-01-28T03:14:23.068Z"}
{"level":"info","message":"PATCH /general/update - 200","timestamp":"2025-01-28T03:14:50.936Z"}
{"level":"info","message":"GET /platform/read - 200","timestamp":"2025-01-28T03:14:55.196Z"}
{"level":"info","message":"GET /promo-code/read - 200","timestamp":"2025-01-28T03:15:03.748Z"}
{"level":"info","message":"GET /subscription/read - 200","timestamp":"2025-01-28T03:15:07.410Z"}
{"level":"info","message":"GET /uploads/users/logo2-1737974350507.png - 200","timestamp":"2025-01-28T03:15:09.832Z"}
{"level":"info","message":"GET /general/read - 200","timestamp":"2025-01-28T03:22:59.330Z"}
{"level":"info","message":"GET /subscription/read - 200","timestamp":"2025-01-28T03:25:25.643Z"}
{"level":"info","message":"GET /admin-dashboard/showAllAgencyInAdmin - 200","timestamp":"2025-01-28T03:36:08.624Z"}
{"level":"info","message":"GET /admin-dashboard/showAllAgencyInAdmin - 200","timestamp":"2025-01-28T03:36:09.547Z"}
{"level":"info","message":"GET /general/read - 200","timestamp":"2025-01-28T03:36:11.320Z"}
{"level":"info","message":"GET /subscription/read - 200","timestamp":"2025-01-28T03:38:19.606Z"}
{"level":"info","message":"GET /subscription/read/undefined - 200","timestamp":"2025-01-28T03:38:33.761Z"}
{"level":"info","message":"GET /subscription/read/undefined - 200","timestamp":"2025-01-28T03:38:48.049Z"}
{"level":"info","message":"GET /subscription/read/67971b152c30c8f3bf6e97f6 - 200","timestamp":"2025-01-28T03:38:51.878Z"}
{"level":"info","message":"GET /subscription/read/67971b152c30c8f3bf6e97f6 - 200","timestamp":"2025-01-28T03:39:15.970Z"}
{"level":"info","message":"GET /subscription/read/67971b152c30c8f3bf6e97f6 - 200","timestamp":"2025-01-28T03:44:04.753Z"}
{"level":"info","message":"GET /admin-dashboard/showAllAgencyInAdmin - 200","timestamp":"2025-01-28T04:10:46.737Z"}
{"level":"info","message":"GET /admin-dashboard/showAllAgencyInAdmin - 200","timestamp":"2025-01-28T04:10:46.855Z"}
{"level":"info","message":"GET /general/read - 200","timestamp":"2025-01-28T04:10:48.260Z"}
{"level":"info","message":"GET /subscription/read - 200","timestamp":"2025-01-28T04:10:53.325Z"}
{"level":"info","message":"GET /subscription/read/67922ee8dfd8a935a229d8d4 - 200","timestamp":"2025-01-28T04:10:55.395Z"}
{"level":"info","message":"GET /subscription/read/67922ee8dfd8a935a229d8d4 - 200","timestamp":"2025-01-28T04:10:59.481Z"}
{"level":"info","message":"GET /subscription/read/67922ee8dfd8a935a229d8d4 - 200","timestamp":"2025-01-28T04:12:28.930Z"}
{"level":"info","message":"GET /subscription/read/67971b152c30c8f3bf6e97f6 - 200","timestamp":"2025-01-28T04:16:00.704Z"}
{"level":"info","message":"GET /general/read - 200","timestamp":"2025-01-28T04:18:14.326Z"}
{"level":"info","message":"GET /subscription/read - 200","timestamp":"2025-01-28T04:18:17.556Z"}
{"level":"info","message":"GET /subscription/read/67922ee8dfd8a935a229d8d4 - 200","timestamp":"2025-01-28T04:18:19.311Z"}
{"level":"info","message":"GET /subscription/read/67922ee8dfd8a935a229d8d4 - 200","timestamp":"2025-01-28T04:18:22.833Z"}
{"level":"info","message":"GET /subscription/read/67922ee8dfd8a935a229d8d4 - 200","timestamp":"2025-01-28T04:20:09.712Z"}
{"level":"info","message":"GET /subscription/read - 200","timestamp":"2025-01-28T04:20:10.610Z"}
{"level":"info","message":"GET /subscription/read/67971b152c30c8f3bf6e97f6 - 200","timestamp":"2025-01-28T04:20:12.954Z"}
{"level":"info","message":"GET /admin-dashboard/showAllAgencyInAdmin - 200","timestamp":"2025-01-28T04:22:49.828Z"}
{"level":"info","message":"GET /general/read - 200","timestamp":"2025-01-28T04:22:59.231Z"}
{"level":"info","message":"GET /subscription/read - 200","timestamp":"2025-01-28T04:23:01.267Z"}
{"level":"info","message":"GET /subscription/read/67971b152c30c8f3bf6e97f6 - 200","timestamp":"2025-01-28T04:23:03.461Z"}
{"level":"info","message":"GET /subscription/read/67971b152c30c8f3bf6e97f6 - 200","timestamp":"2025-01-28T04:25:17.161Z"}
{"level":"info","message":"GET /subscription/read/67971b152c30c8f3bf6e97f6 - 200","timestamp":"2025-01-28T04:36:54.107Z"}
{"level":"info","message":"GET /subscription/read/67971b152c30c8f3bf6e97f6 - 200","timestamp":"2025-01-28T04:37:21.132Z"}
{"level":"info","message":"GET /subscription/read/67971b152c30c8f3bf6e97f6 - 200","timestamp":"2025-01-28T04:37:22.759Z"}
{"level":"info","message":"GET /subscription/read/67971b152c30c8f3bf6e97f6 - 200","timestamp":"2025-01-28T04:37:24.667Z"}
{"level":"info","message":"GET /subscription/read/67971b152c30c8f3bf6e97f6 - 200","timestamp":"2025-01-28T04:37:26.838Z"}
{"level":"info","message":"GET /subscription/read/67971b152c30c8f3bf6e97f6 - 200","timestamp":"2025-01-28T04:37:29.355Z"}
{"level":"info","message":"GET /subscription/read - 200","timestamp":"2025-01-28T04:41:59.779Z"}
{"level":"info","message":"GET /subscription/read/undefined - 200","timestamp":"2025-01-28T04:43:24.741Z"}
{"level":"info","message":"GET /subscription/read/undefined - 200","timestamp":"2025-01-28T04:43:38.691Z"}
{"level":"info","message":"GET /subscription/read/undefined - 200","timestamp":"2025-01-28T04:43:39.572Z"}
{"level":"info","message":"GET /subscription/read/undefined - 200","timestamp":"2025-01-28T04:43:42.580Z"}
{"level":"info","message":"GET /subscription/read/67971b152c30c8f3bf6e97f6 - 200","timestamp":"2025-01-28T04:43:46.667Z"}
{"level":"info","message":"PATCH /subscription/update/6788903cb978e1640a041d7f - 200","timestamp":"2025-01-28T04:47:03.852Z"}
{"level":"info","message":"PATCH /subscription/update/6788903cb978e1640a041d7f - 200","timestamp":"2025-01-28T04:47:13.207Z"}
{"level":"info","message":"GET /subscription/read/67922ee8dfd8a935a229d8d4 - 200","timestamp":"2025-01-28T04:47:21.262Z"}
{"level":"info","message":"GET /subscription/read/67922ee8dfd8a935a229d8d4 - 200","timestamp":"2025-01-28T04:47:26.515Z"}
{"level":"info","message":"GET /subscription/read - 200","timestamp":"2025-01-28T04:47:30.640Z"}
{"level":"info","message":"POST /auth/login - 200","timestamp":"2025-01-28T04:47:37.503Z"}
{"level":"info","message":"GET /subscription/read - 200","timestamp":"2025-01-28T04:48:00.012Z"}
{"level":"info","message":"PATCH /subscription/update/67922ee8dfd8a935a229d8d4 - 200","timestamp":"2025-01-28T04:48:09.958Z"}
{"level":"info","message":"PATCH /subscription/update/67922ee8dfd8a935a229d8d4 - 200","timestamp":"2025-01-28T04:48:41.758Z"}
{"level":"info","message":"PATCH /subscription/update/67922ee8dfd8a935a229d8d4 - 200","timestamp":"2025-01-28T04:49:42.735Z"}
{"level":"info","message":"PATCH /subscription/update/67922ee8dfd8a935a229d8d4 - 200","timestamp":"2025-01-28T04:49:53.787Z"}
{"level":"info","message":"PATCH /auth/update/6794a7d9cd86cf6efe6b5d0f - 200","timestamp":"2025-01-28T04:53:41.723Z"}
{"level":"info","message":"PATCH /auth/update - 200","timestamp":"2025-01-28T04:53:49.579Z"}
{"level":"info","message":"GET /subscription/read/67971b152c30c8f3bf6e97f6 - 200","timestamp":"2025-01-28T04:53:59.136Z"}
{"level":"info","message":"GET /promo-code/read - 200","timestamp":"2025-01-28T04:54:06.631Z"}
{"level":"info","message":"GET /subscription/read - 200","timestamp":"2025-01-28T04:54:07.630Z"}
{"level":"info","message":"GET /uploads/users/1307940-1737970570055.png - 200","timestamp":"2025-01-28T04:55:19.939Z"}
{"level":"info","message":"GET /general/read - 200","timestamp":"2025-01-28T05:04:34.729Z"}
{"level":"info","message":"GET /platform/read - 200","timestamp":"2025-01-28T05:04:35.983Z"}
{"level":"info","message":"GET /promo-code/read - 200","timestamp":"2025-01-28T05:04:37.174Z"}
{"level":"info","message":"GET /subscription/read - 200","timestamp":"2025-01-28T05:04:42.746Z"}
{"level":"info","message":"GET /subscription/read/67922ee8dfd8a935a229d8d4 - 200","timestamp":"2025-01-28T05:04:45.398Z"}
{"level":"info","message":"GET /subscription/read/67922ee8dfd8a935a229d8d4 - 200","timestamp":"2025-01-28T05:05:11.457Z"}
{"level":"info","message":"GET /subscription/read/67922ee8dfd8a935a229d8d4 - 200","timestamp":"2025-01-28T05:05:25.610Z"}
{"level":"info","message":"GET /1 - 200","timestamp":"2025-01-28T05:08:29.578Z"}
{"level":"info","message":"GET /subscription/read/67922ee8dfd8a935a229d8d4 - 200","timestamp":"2025-01-28T05:15:10.331Z"}
{"level":"info","message":"GET /promo-code/read - 200","timestamp":"2025-01-28T05:15:23.308Z"}
{"level":"info","message":"GET /platform/read - 200","timestamp":"2025-01-28T05:15:25.422Z"}
{"level":"info","message":"GET /general/read - 200","timestamp":"2025-01-28T05:15:27.831Z"}
{"level":"info","message":"GET /subscription/read - 200","timestamp":"2025-01-28T05:15:31.882Z"}
{"level":"info","message":"GET /subscription/read - 200","timestamp":"2025-01-28T05:17:04.743Z"}
{"level":"info","message":"GET /subscription/read/67971b152c30c8f3bf6e97f6 - 200","timestamp":"2025-01-28T05:17:07.569Z"}
{"level":"info","message":"GET /subscription/read/67922ee8dfd8a935a229d8d4 - 200","timestamp":"2025-01-28T05:19:43.450Z"}
{"level":"info","message":"PATCH /auth/update - 200","timestamp":"2025-01-28T05:21:43.022Z"}
{"level":"info","message":"GET /admin-dashboard/showAllUserInAdmin? - 200","timestamp":"2025-01-28T05:24:51.069Z"}
{"level":"info","message":"GET /general/read - 200","timestamp":"2025-01-28T05:27:36.807Z"}
{"level":"info","message":"PATCH /auth/update - 200","timestamp":"2025-01-28T05:28:41.621Z"}
{"level":"info","message":"PATCH /auth/update - 200","timestamp":"2025-01-28T05:29:08.806Z"}
{"level":"info","message":"PATCH /auth/update - 200","timestamp":"2025-01-28T05:29:34.419Z"}
{"level":"info","message":"PATCH /auth/update - 200","timestamp":"2025-01-28T05:30:30.774Z"}
{"level":"info","message":"PATCH /auth/update - 200","timestamp":"2025-01-28T05:30:50.845Z"}
{"level":"info","message":"PATCH /auth/update - 200","timestamp":"2025-01-28T05:31:10.848Z"}
{"level":"info","message":"PATCH /auth/update - 200","timestamp":"2025-01-28T05:31:40.774Z"}
{"level":"info","message":"GET /subscription/read - 200","timestamp":"2025-01-28T05:40:38.664Z"}
{"level":"info","message":"GET /subscription/read/67922ee8dfd8a935a229d8d4 - 200","timestamp":"2025-01-28T05:40:40.222Z"}
{"level":"info","message":"GET /subscription/read/67971b152c30c8f3bf6e97f6 - 200","timestamp":"2025-01-28T05:40:51.840Z"}
{"level":"info","message":"PATCH /subscription/update/67971b152c30c8f3bf6e97f6 - 200","timestamp":"2025-01-28T05:41:05.162Z"}
{"level":"info","message":"GET /subscription/read/67971b152c30c8f3bf6e97f6 - 200","timestamp":"2025-01-28T05:41:05.400Z"}
{"level":"info","message":"GET /subscription/read - 200","timestamp":"2025-01-28T05:41:20.090Z"}
{"level":"info","message":"PATCH /subscription/update/67971b152c30c8f3bf6e97f6 - 200","timestamp":"2025-01-28T05:41:29.696Z"}
{"level":"info","message":"GET /subscription/read/67971b152c30c8f3bf6e97f6 - 200","timestamp":"2025-01-28T05:41:29.925Z"}
{"level":"info","message":"GET /subscription/read - 200","timestamp":"2025-01-28T05:41:32.817Z"}
{"level":"info","message":"GET /subscription/read/67971b152c30c8f3bf6e97f6 - 200","timestamp":"2025-01-28T05:46:51.384Z"}
{"level":"info","message":"PATCH /subscription/update/67971b152c30c8f3bf6e97f6 - 200","timestamp":"2025-01-28T05:46:59.004Z"}
{"level":"info","message":"GET /subscription/read/67971b152c30c8f3bf6e97f6 - 200","timestamp":"2025-01-28T05:46:59.231Z"}
{"level":"info","message":"GET /subscription/read - 200","timestamp":"2025-01-28T05:47:59.894Z"}
{"level":"info","message":"PATCH /subscription/update/67971b152c30c8f3bf6e97f6 - 200","timestamp":"2025-01-28T05:48:22.187Z"}
{"level":"info","message":"GET /subscription/read/67971b152c30c8f3bf6e97f6 - 200","timestamp":"2025-01-28T05:48:22.418Z"}
{"level":"info","message":"GET /subscription/read - 200","timestamp":"2025-01-28T05:48:22.445Z"}
{"level":"info","message":"PATCH /subscription/update/67971b152c30c8f3bf6e97f6 - 200","timestamp":"2025-01-28T05:48:31.467Z"}
{"level":"info","message":"GET /subscription/read/67971b152c30c8f3bf6e97f6 - 200","timestamp":"2025-01-28T05:48:31.694Z"}
{"level":"info","message":"GET /subscription/read - 200","timestamp":"2025-01-28T05:48:31.802Z"}
{"level":"info","message":"GET /subscription/read - 200","timestamp":"2025-01-28T05:48:40.529Z"}
{"level":"info","message":"GET /promo-code/read - 200","timestamp":"2025-01-28T05:48:59.375Z"}
{"level":"info","message":"PATCH /update/6791fa1af7c44882e217c4bc - 200","timestamp":"2025-01-28T05:49:57.889Z"}
{"level":"info","message":"PATCH /update/6791fa1af7c44882e217c4bc - 200","timestamp":"2025-01-28T05:58:44.179Z"}
{"level":"info","message":"PATCH /update/6791fa1af7c44882e217c4bc - 200","timestamp":"2025-01-28T05:58:46.882Z"}
{"level":"info","message":"PATCH /update/6791fa1af7c44882e217c4bc - 200","timestamp":"2025-01-28T06:00:07.754Z"}
{"level":"info","message":"GET /promo-code/read - 200","timestamp":"2025-01-28T06:01:15.542Z"}
{"level":"info","message":"PATCH /promo-code/update/6791fa1af7c44882e217c4b - 200","timestamp":"2025-01-28T06:01:34.400Z"}
{"level":"info","message":"PATCH /promo-code/update/6791fa1af7c44882e217c4b - 200","timestamp":"2025-01-28T06:02:11.968Z"}
{"level":"info","message":"PATCH /promo-code/update/6791fa1af7c44882e217c4b - 200","timestamp":"2025-01-28T06:02:26.668Z"}
{"level":"info","message":"PATCH /promo-code/update/6791fa1af7c44882e217c4bc - 200","timestamp":"2025-01-28T06:02:54.002Z"}
{"level":"info","message":"PATCH /promo-code/update/6791fa1af7c44882e217c4bc - 200","timestamp":"2025-01-28T06:02:57.590Z"}
{"level":"info","message":"GET /promo-code/read - 200","timestamp":"2025-01-28T06:03:05.280Z"}
{"level":"info","message":"GET /promo-code/read - 200","timestamp":"2025-01-28T06:05:12.405Z"}
{"level":"info","message":"GET /promo-code/read - 200","timestamp":"2025-01-28T06:06:13.898Z"}
{"level":"info","message":"GET /promo-code/read - 200","timestamp":"2025-01-28T06:06:34.664Z"}
{"level":"info","message":"GET /promo-code/read - 200","timestamp":"2025-01-28T06:06:53.184Z"}
{"level":"info","message":"GET /promo-code/read - 200","timestamp":"2025-01-28T06:13:13.673Z"}
{"level":"info","message":"PATCH /promo-code/update/6791fa64f7c44882e217c4c3 - 200","timestamp":"2025-01-28T06:14:11.985Z"}
{"level":"info","message":"GET /promo-code/read - 200","timestamp":"2025-01-28T06:14:16.597Z"}
{"level":"info","message":"GET /admin-dashboard/showAllAgencyInAdmin - 200","timestamp":"2025-01-28T06:20:42.603Z"}
{"level":"info","message":"GET /general/read - 200","timestamp":"2025-01-28T06:20:44.079Z"}
{"level":"info","message":"GET /promo-code/read - 200","timestamp":"2025-01-28T06:20:46.624Z"}
{"level":"info","message":"GET /promo-code/read - 200","timestamp":"2025-01-28T06:20:49.427Z"}
{"level":"info","message":"PATCH /promo-code/update/6791fa64f7c44882e217c4c3 - 200","timestamp":"2025-01-28T06:21:00.797Z"}
{"level":"info","message":"PATCH /promo-code/update/6791fa64f7c44882e217c4c3 - 200","timestamp":"2025-01-28T06:21:03.432Z"}
{"level":"info","message":"GET /promo-code/read - 200","timestamp":"2025-01-28T06:21:15.415Z"}
{"level":"info","message":"GET /subscription/read - 200","timestamp":"2025-01-28T06:22:45.392Z"}
{"level":"info","message":"GET /platform/read - 200","timestamp":"2025-01-28T06:22:46.530Z"}
{"level":"info","message":"GET /general/read - 200","timestamp":"2025-01-28T06:22:47.183Z"}
{"level":"info","message":"POST /promo-code/create - 200","timestamp":"2025-01-28T06:37:35.120Z"}
{"level":"info","message":"POST /promo-code/create - 200","timestamp":"2025-01-28T06:37:41.248Z"}
{"level":"info","message":"GET /promo-code/read - 200","timestamp":"2025-01-28T06:37:45.678Z"}
{"level":"info","message":"POST /auth/login - 200","timestamp":"2025-01-28T06:37:56.331Z"}
{"level":"info","message":"GET /promo-code/read - 200","timestamp":"2025-01-28T06:38:10.165Z"}
{"level":"info","message":"GET /promo-code/read/6791fa1af7c44882e217c4bc - 200","timestamp":"2025-01-28T06:38:56.974Z"}
{"level":"info","message":"PATCH /auth/update - 200","timestamp":"2025-01-28T06:40:36.137Z"}
{"level":"info","message":"GET /1 - 200","timestamp":"2025-01-28T06:42:35.515Z"}
{"level":"info","message":"POST /auth/login - 200","timestamp":"2025-01-28T06:42:46.850Z"}
{"level":"info","message":"POST /auth/login - 200","timestamp":"2025-01-28T06:42:55.810Z"}
{"level":"info","message":"GET /1 - 200","timestamp":"2025-01-28T06:42:56.757Z"}
{"level":"info","message":"GET /uploads/users/logo-1-green-small-1738046436154.png - 200","timestamp":"2025-01-28T06:42:57.387Z"}
{"level":"info","message":"PATCH /auth/update - 200","timestamp":"2025-01-28T06:43:36.281Z"}
{"level":"info","message":"PATCH /auth/update - 200","timestamp":"2025-01-28T06:45:55.631Z"}
{"level":"info","message":"PATCH /auth/update - 200","timestamp":"2025-01-28T06:46:28.470Z"}
{"level":"info","message":"PATCH /auth/update - 200","timestamp":"2025-01-28T06:48:02.726Z"}
{"level":"info","message":"GET /chat/messages/6788e348a04e8c59a30681e3/6788e56a9eb7138ceabb4c25 - 200","timestamp":"2025-01-28T06:50:27.833Z"}
{"level":"info","message":"POST /payment/create-checkout-session - 200","timestamp":"2025-01-28T06:51:15.266Z"}
{"level":"info","message":"POST /payment/create-checkout-session - 200","timestamp":"2025-01-28T06:52:21.650Z"}
{"level":"info","message":"POST /payment/webhook/stripe - 200","timestamp":"2025-01-28T06:52:57.010Z"}
{"level":"info","message":"GET /payment/success?session_id=cs_test_a1xD7JjLj01OZg7j98dNnSBytxw6oa0sO9d3Becxs9As7Trmu6VXT09buc - 200","timestamp":"2025-01-28T06:52:59.351Z"}
{"level":"info","message":"GET /1 - 200","timestamp":"2025-01-28T06:54:58.535Z"}
{"level":"info","message":"POST /auth/update - 200","timestamp":"2025-01-28T07:01:48.150Z"}
{"level":"info","message":"POST /auth/update - 200","timestamp":"2025-01-28T07:02:08.758Z"}
{"level":"info","message":"POST /auth/update - 200","timestamp":"2025-01-28T07:02:38.876Z"}
{"level":"info","message":"POST /auth/update - 200","timestamp":"2025-01-28T07:03:18.612Z"}
{"level":"info","message":"POST /auth/update - 200","timestamp":"2025-01-28T07:03:29.719Z"}
{"level":"info","message":"POST /auth/update - 200","timestamp":"2025-01-28T07:03:33.290Z"}
{"level":"info","message":"POST /auth/update - 200","timestamp":"2025-01-28T07:03:40.825Z"}
{"level":"info","message":"GET /auth/update - 200","timestamp":"2025-01-28T07:03:47.530Z"}
{"level":"info","message":"POST /payment/create-checkout-session - 200","timestamp":"2025-01-28T07:04:47.507Z"}
{"level":"info","message":"POST /payment/create-checkout-session - 200","timestamp":"2025-01-28T07:05:11.157Z"}
{"level":"info","message":"POST /payment/create-checkout-session - 200","timestamp":"2025-01-28T07:05:19.756Z"}
{"level":"info","message":"POST /payment/create-checkout-session - 200","timestamp":"2025-01-28T07:05:53.806Z"}
{"level":"info","message":"POST /payment/create-checkout-session - 200","timestamp":"2025-01-28T07:06:07.411Z"}
{"level":"info","message":"POST /payment/create-checkout-session - 200","timestamp":"2025-01-28T07:06:08.407Z"}
{"level":"info","message":"POST /payment/create-checkout-session - 200","timestamp":"2025-01-28T07:06:08.610Z"}
{"level":"info","message":"POST /payment/create-checkout-session - 200","timestamp":"2025-01-28T07:06:08.799Z"}
{"level":"info","message":"POST /payment/create-checkout-session - 200","timestamp":"2025-01-28T07:06:20.545Z"}
{"level":"info","message":"POST /payment/create-checkout-session - 200","timestamp":"2025-01-28T07:06:42.480Z"}
{"level":"info","message":"POST /payment/create-checkout-session - 200","timestamp":"2025-01-28T07:07:10.838Z"}
{"level":"info","message":"POST /payment/create-checkout-session - 200","timestamp":"2025-01-28T07:07:34.266Z"}
{"level":"info","message":"POST /payment/create-checkout-session - 200","timestamp":"2025-01-28T07:10:06.801Z"}
{"level":"info","message":"POST /payment/create-checkout-session - 200","timestamp":"2025-01-28T07:10:21.214Z"}
{"level":"info","message":"GET /1 - 200","timestamp":"2025-01-28T07:34:44.132Z"}
{"level":"info","message":"POST /payment/create-checkout-session - 200","timestamp":"2025-01-28T07:34:48.258Z"}
{"level":"info","message":"GET /payment/cancel - 200","timestamp":"2025-01-28T07:34:52.996Z"}
{"level":"info","message":"POST /payment/webhook/stripe - 200","timestamp":"2025-01-28T07:36:49.476Z"}
{"level":"info","message":"GET /payment/success?session_id=cs_test_a1TFgGHnJWkBtEHGQ2PNEXVSMvHXLyfzCMOOWv9e9QVONbp9gJHc9LlViY - 200","timestamp":"2025-01-28T07:36:52.624Z"}
{"level":"info","message":"POST /payment/create-checkout-session - 200","timestamp":"2025-01-28T07:37:26.220Z"}
{"level":"info","message":"POST /payment/create-checkout-session - 200","timestamp":"2025-01-28T07:38:40.492Z"}
{"level":"info","message":"POST /payment/create-checkout-session - 200","timestamp":"2025-01-28T07:39:02.675Z"}
{"level":"info","message":"POST /payment/create-checkout-session - 200","timestamp":"2025-01-28T07:39:02.896Z"}
{"level":"info","message":"POST /payment/create-checkout-session - 200","timestamp":"2025-01-28T07:39:03.299Z"}
{"level":"info","message":"GET /1 - 200","timestamp":"2025-01-28T07:42:07.734Z"}
{"level":"info","message":"GET /platform/read - 200","timestamp":"2025-01-28T07:43:28.087Z"}
{"level":"info","message":"POST /sell-kg/search - 200","timestamp":"2025-01-28T07:45:56.362Z"}
{"level":"info","message":"GET / - 200","timestamp":"2025-01-28T07:45:57.451Z"}
{"level":"info","message":"POST /sell-kg/search - 200","timestamp":"2025-01-28T07:46:20.354Z"}
{"level":"info","message":"POST /sell-kg/search - 200","timestamp":"2025-01-28T07:46:34.390Z"}
{"level":"info","message":"GET / - 200","timestamp":"2025-01-28T07:46:35.462Z"}
{"level":"info","message":"POST /auth/login - 200","timestamp":"2025-01-28T08:05:14.533Z"}
{"level":"info","message":"GET /1 - 200","timestamp":"2025-01-28T08:05:18.191Z"}
{"level":"info","message":"POST /payment/create-checkout-session - 200","timestamp":"2025-01-28T08:05:28.428Z"}
{"level":"info","message":"GET /payment/cancel - 200","timestamp":"2025-01-28T08:05:32.661Z"}
{"level":"info","message":"POST /payment/create-checkout-session - 200","timestamp":"2025-01-28T08:06:25.750Z"}
{"level":"info","message":"POST /auth/login - 200","timestamp":"2025-01-28T08:08:02.765Z"}
{"level":"info","message":"GET /1 - 200","timestamp":"2025-01-28T08:08:03.551Z"}
{"level":"info","message":"POST /auth/login - 200","timestamp":"2025-01-28T08:18:05.469Z"}
{"level":"info","message":"GET /chat/messages/6788e348a04e8c59a30681e3/6788e56a9eb7138ceabb4c25 - 200","timestamp":"2025-01-28T08:18:15.285Z"}
{"level":"info","message":"POST /chat/send-message - 200","timestamp":"2025-01-28T08:21:02.969Z"}
{"level":"info","message":"POST /chat/send-message - 200","timestamp":"2025-01-28T08:21:15.815Z"}
{"level":"info","message":"POST /chat/send-message - 200","timestamp":"2025-01-28T08:21:18.119Z"}
{"level":"info","message":"POST /chat/send-message - 200","timestamp":"2025-01-28T08:21:24.308Z"}
{"level":"info","message":"GET /chat/messages/6788e348a04e8c59a30681e3/6788e56a9eb7138ceabb4c25 - 200","timestamp":"2025-01-28T08:21:27.277Z"}
{"level":"info","message":"GET /chat/messages/6784fb3191d02a56e725b612/67863c745a8b583ba21e3716 - 200","timestamp":"2025-01-28T08:21:37.901Z"}
{"level":"info","message":"GET /chat/messages/6784fb3191d02a56e725b612/67863c745a8b583ba21e3716 - 200","timestamp":"2025-01-28T08:28:48.646Z"}
{"level":"info","message":"GET /1 - 200","timestamp":"2025-01-28T08:32:36.430Z"}
{"level":"info","message":"GET /chat/messages/6794a7d9cd86cf6efe6b5d0f/undefined - 200","timestamp":"2025-01-28T08:39:01.644Z"}
{"level":"info","message":"GET /chat/messages/undefined/undefined - 200","timestamp":"2025-01-28T08:39:01.652Z"}
{"level":"info","message":"GET /chat/messages/6794a7d9cd86cf6efe6b5d0f/undefined - 200","timestamp":"2025-01-28T08:39:19.320Z"}
{"level":"info","message":"GET /chat/messages/6794a7d9cd86cf6efe6b5d0f/1 - 200","timestamp":"2025-01-28T08:39:30.397Z"}
{"level":"info","message":"GET /chat/messages/undefined/1 - 200","timestamp":"2025-01-28T08:39:30.402Z"}
{"level":"info","message":"GET /chat/messages/undefined/1 - 200","timestamp":"2025-01-28T08:39:38.711Z"}
{"level":"info","message":"GET /chat/messages/undefined/1 - 200","timestamp":"2025-01-28T08:40:10.882Z"}
{"level":"info","message":"GET /chat/messages/6794a7d9cd86cf6efe6b5d0f/1 - 200","timestamp":"2025-01-28T08:40:10.885Z"}
{"level":"info","message":"GET /chat/messages/6794a7d9cd86cf6efe6b5d0f/1 - 200","timestamp":"2025-01-28T08:40:21.330Z"}
{"level":"info","message":"GET /chat/messages/undefined/1 - 200","timestamp":"2025-01-28T08:40:21.334Z"}
{"level":"info","message":"GET /chat/messages/6794a7d9cd86cf6efe6b5d0f/1 - 200","timestamp":"2025-01-28T08:40:32.901Z"}
{"level":"info","message":"GET /chat/messages/undefined/1 - 200","timestamp":"2025-01-28T08:40:32.903Z"}
{"level":"info","message":"GET /chat/messages/6794a7d9cd86cf6efe6b5d0f/1 - 200","timestamp":"2025-01-28T08:41:18.696Z"}
{"level":"info","message":"GET /chat/messages/undefined/1 - 200","timestamp":"2025-01-28T08:41:18.701Z"}
{"level":"info","message":"GET /chat/messages/undefined/1 - 200","timestamp":"2025-01-28T08:42:42.841Z"}
{"level":"info","message":"GET /chat/messages/6794a7d9cd86cf6efe6b5d0f/1 - 200","timestamp":"2025-01-28T08:42:42.843Z"}
{"level":"info","message":"GET /chat/messages/1/undefined - 200","timestamp":"2025-01-28T08:43:04.040Z"}
{"level":"info","message":"GET /chat/messages/1/6794a7d9cd86cf6efe6b5d0f - 200","timestamp":"2025-01-28T08:43:04.044Z"}
{"level":"info","message":"GET /chat/messages/1/6794a7d9cd86cf6efe6b5d0f - 200","timestamp":"2025-01-28T08:43:53.806Z"}
{"level":"info","message":"GET /chat/messages/1/undefined - 200","timestamp":"2025-01-28T08:43:53.810Z"}
{"level":"info","message":"GET /admin-dashboard/showAllAgencyInAdmin - 200","timestamp":"2025-01-28T08:44:26.802Z"}
{"level":"info","message":"GET /general/read - 200","timestamp":"2025-01-28T08:44:28.317Z"}
{"level":"info","message":"GET /uploads/PlatformLogo/logo2-1737803805271.png - 200","timestamp":"2025-01-28T08:44:29.359Z"}
{"level":"info","message":"GET /platform/read - 200","timestamp":"2025-01-28T08:44:31.515Z"}
{"level":"info","message":"GET /promo-code/read - 200","timestamp":"2025-01-28T08:44:33.144Z"}
{"level":"info","message":"GET /subscription/read - 200","timestamp":"2025-01-28T08:44:34.974Z"}
{"level":"info","message":"GET /chat/messages/1/67863c745a8b583ba21e3716 - 200","timestamp":"2025-01-28T08:44:38.264Z"}
{"level":"info","message":"GET /chat/messages/1/6784fb3191d02a56e725b612 - 200","timestamp":"2025-01-28T08:45:01.242Z"}
{"level":"info","message":"GET /chat/messages/1/6784fb3191d02a56e725b612 - 200","timestamp":"2025-01-28T08:45:07.734Z"}
{"level":"info","message":"GET /chat/messages/1/6784fb3191d02a56e725b612 - 200","timestamp":"2025-01-28T08:45:30.200Z"}
{"level":"info","message":"GET /chat/messages/6784fb3191d02a56e725b612/6784fb3191d02a56e725b612 - 200","timestamp":"2025-01-28T08:45:39.289Z"}
{"level":"info","message":"GET /chat/messages/6784fb3191d02a56e725b612/67863c745a8b583ba21e3716 - 200","timestamp":"2025-01-28T08:46:32.619Z"}
{"level":"info","message":"GET /chat/messages/6784fb3191d02a56e725b612/67863c745a8b583ba21e3716 - 200","timestamp":"2025-01-28T08:55:05.056Z"}
{"level":"info","message":"PATCH /promo-code/update/6791fa1af7c44882e217c4bc - 200","timestamp":"2025-01-28T08:55:23.243Z"}
{"level":"info","message":"GET /chat/messages/6784fb3191d02a56e725b612/67863c745a8b583ba21e3716 - 200","timestamp":"2025-01-28T08:55:35.775Z"}
{"level":"info","message":"PATCH /promo-code/update/6791fa1af7c44882e217c4bc - 200","timestamp":"2025-01-28T08:55:40.348Z"}
{"level":"info","message":"GET /chat/messages/6784fb3191d02a56e725b612/67863c745a8b583ba21e3716 - 200","timestamp":"2025-01-28T08:55:41.864Z"}
{"level":"info","message":"GET /promo-code/read - 200","timestamp":"2025-01-28T08:55:50.018Z"}
{"level":"info","message":"GET /chat/messages/6784fb3191d02a56e725b612/67863c745a8b583ba21e3716 - 200","timestamp":"2025-01-28T08:56:04.977Z"}
{"level":"info","message":"GET /chat/messages/6784fb3191d02a56e725b612/67863c745a8b583ba21e3716 - 200","timestamp":"2025-01-28T08:56:16.976Z"}
{"level":"info","message":"GET /chat/messages/6784fb3191d02a56e725b612/6794a7d9cd86cf6efe6b5d0f - 200","timestamp":"2025-01-28T08:57:08.795Z"}
{"level":"info","message":"GET /promo-code/read/ - 200","timestamp":"2025-01-28T08:57:28.714Z"}
{"level":"info","message":"GET /promo-code/read/ - 200","timestamp":"2025-01-28T08:57:30.579Z"}
{"level":"info","message":"GET /uploads/users/congratulations-1737799959827.gif - 200","timestamp":"2025-01-28T09:09:05.483Z"}
{"level":"info","message":"GET /promo-code/read/679227e8dfd8a935a229d8a0 - 200","timestamp":"2025-01-28T09:09:35.552Z"}
{"level":"info","message":"GET /promo-code/read/679227e8dfd8a935a229d8a0 - 200","timestamp":"2025-01-28T09:09:39.182Z"}
{"level":"info","message":"GET /promo-code/read/679227e8dfd8a935a229d8a0 - 200","timestamp":"2025-01-28T09:11:05.738Z"}
{"level":"info","message":"GET /promo-code/read/679227e8dfd8a935a229d8a0 - 200","timestamp":"2025-01-28T09:13:04.171Z"}
{"level":"info","message":"GET /promo-code/read/679227e8dfd8a935a229d8a0 - 200","timestamp":"2025-01-28T09:13:07.933Z"}
{"level":"info","message":"GET /promo-code/read/679227e8dfd8a935a229d8a0 - 200","timestamp":"2025-01-28T09:13:24.491Z"}
{"level":"info","message":"GET /promo-code/read - 200","timestamp":"2025-01-28T09:13:28.677Z"}
{"level":"info","message":"GET /promo-code/read/6791fa1af7c44882e217c4bc - 200","timestamp":"2025-01-28T09:13:31.215Z"}
{"level":"info","message":"GET /chat/messages/6784fb3191d02a56e725b612/67863c745a8b583ba21e3716 - 200","timestamp":"2025-01-28T09:13:52.249Z"}
{"level":"info","message":"GET /chat/messages/6784fb3191d02a56e725b612/67863c745a8b583ba21e3716 - 200","timestamp":"2025-01-28T09:14:24.241Z"}
{"level":"info","message":"GET /promo-code/read/6791fa1af7c44882e217c4bc - 200","timestamp":"2025-01-28T09:15:54.391Z"}
{"level":"info","message":"GET /promo-code/read/6791fa1af7c44882e217c4bc - 200","timestamp":"2025-01-28T09:15:57.019Z"}
{"level":"info","message":"GET /promo-code/read/6791fa1af7c44882e217c4bc - 200","timestamp":"2025-01-28T09:17:22.470Z"}
{"level":"info","message":"GET /promo-code/read/6791fa1af7c44882e217c4bc - 200","timestamp":"2025-01-28T09:18:08.980Z"}
{"level":"info","message":"GET /chat/messages/6784fb3191d02a56e725b612/67863c745a8b583ba21e3716 - 200","timestamp":"2025-01-28T09:18:26.862Z"}
{"level":"info","message":"PATCH /promo-code/update/6791fa1af7c44882e217c4bc - 200","timestamp":"2025-01-28T09:19:14.468Z"}
{"level":"info","message":"PATCH /promo-code/update/6791fa1af7c44882e217c4bc - 200","timestamp":"2025-01-28T09:19:18.056Z"}
{"level":"info","message":"GET /promo-code/read - 200","timestamp":"2025-01-28T09:19:21.477Z"}
{"level":"info","message":"GET /promo-code/read - 200","timestamp":"2025-01-28T09:19:26.225Z"}
{"level":"info","message":"GET /chat/messages/6784fb3191d02a56e725b612/67863c745a8b583ba21e3716 - 200","timestamp":"2025-01-28T09:19:40.148Z"}
{"level":"info","message":"GET /chat/messages/6784fb3191d02a56e725b612/67863c745a8b583ba21e3716 - 200","timestamp":"2025-01-28T09:20:16.620Z"}
{"level":"info","message":"GET /promo-code/read - 200","timestamp":"2025-01-28T09:20:24.985Z"}
{"level":"info","message":"GET /chat/messages/6784fb3191d02a56e725b612/67863c745a8b583ba21e3716 - 200","timestamp":"2025-01-28T09:20:29.436Z"}
{"level":"info","message":"GET /platform/read - 200","timestamp":"2025-01-28T09:20:34.131Z"}
{"level":"info","message":"GET /promo-code/read/6791fa1af7c44882e217c4bc - 200","timestamp":"2025-01-28T09:20:37.286Z"}
{"level":"info","message":"GET /chat/messages/6784fb3191d02a56e725b612/67863c745a8b583ba21e3716 - 200","timestamp":"2025-01-28T09:20:39.898Z"}
{"level":"info","message":"GET /chat/messages/6784fb3191d02a56e725b612/67863c745a8b583ba21e3716 - 200","timestamp":"2025-01-28T09:20:46.347Z"}
{"level":"info","message":"GET /chat/messages/6784fb3191d02a56e725b612/67863c745a8b583ba21e3716 - 200","timestamp":"2025-01-28T09:20:48.473Z"}
{"level":"info","message":"GET /chat/messages/6784fb3191d02a56e725b612/67863c745a8b583ba21e3716 - 200","timestamp":"2025-01-28T09:20:57.154Z"}
{"level":"info","message":"GET /chat/messages/6784fb3191d02a56e725b612/67863c745a8b583ba21e3716 - 200","timestamp":"2025-01-28T09:21:00.921Z"}
{"level":"info","message":"GET /1 - 200","timestamp":"2025-01-28T09:21:12.086Z"}
{"level":"info","message":"GET /chat/messages/6784fb3191d02a56e725b612/67863c745a8b583ba21e3716 - 200","timestamp":"2025-01-28T09:22:00.753Z"}
{"level":"info","message":"GET /chat/messages/6784fb3191d02a56e725b612/67863c745a8b583ba21e3716 - 200","timestamp":"2025-01-28T09:22:05.433Z"}
{"level":"info","message":"GET /chat/messages/6784fb3191d02a56e725b612/67863c745a8b583ba21e3716 - 200","timestamp":"2025-01-28T09:29:11.800Z"}
{"level":"info","message":"GET /chat/messages/6784fb3191d02a56e725b612/67863c745a8b583ba21e3716 - 200","timestamp":"2025-01-28T09:29:14.159Z"}
{"level":"info","message":"GET /chat/messages/6784fb3191d02a56e725b612/67863c745a8b583ba21e3716 - 200","timestamp":"2025-01-28T09:29:16.280Z"}
{"level":"info","message":"GET /chat/messages/2/67863c745a8b583ba21e3716 - 200","timestamp":"2025-01-28T09:33:04.944Z"}
{"level":"info","message":"GET /chat/messages/1/67863c745a8b583ba21e3716 - 200","timestamp":"2025-01-28T09:33:07.308Z"}
{"level":"info","message":"GET /chat/messages/3/67863c745a8b583ba21e3716 - 200","timestamp":"2025-01-28T09:33:09.136Z"}
{"level":"info","message":"GET /chat/messages/4/67863c745a8b583ba21e3716 - 200","timestamp":"2025-01-28T09:33:11.160Z"}
{"level":"info","message":"GET /chat/messages/6/67863c745a8b583ba21e3716 - 200","timestamp":"2025-01-28T09:33:12.736Z"}
{"level":"info","message":"GET /chat/messages/2/67863c745a8b583ba21e3716 - 200","timestamp":"2025-01-28T09:33:14.422Z"}
{"level":"info","message":"GET /chat/messages/1/67863c745a8b583ba21e3716 - 200","timestamp":"2025-01-28T09:33:15.907Z"}
{"level":"info","message":"GET /auth/get-user/6794a7d9cd86cf6efe6b5d0f - 200","timestamp":"2025-01-28T09:34:09.066Z"}
{"level":"info","message":"POST /auth/login - 200","timestamp":"2025-01-28T09:34:14.227Z"}
{"level":"info","message":"GET /auth/get-user/6794a7d9cd86cf6efe6b5d0f - 200","timestamp":"2025-01-28T09:34:37.234Z"}
{"level":"info","message":"GET /auth/get-user/6794a7d9cd86cf6efe6b5d0f - 200","timestamp":"2025-01-28T09:34:56.332Z"}
{"level":"info","message":"GET /auth/get-user/6794a7d9cd86cf6efe6b5d0f - 200","timestamp":"2025-01-28T09:35:15.179Z"}
{"level":"info","message":"POST /reset-password/send-verification - 200","timestamp":"2025-01-28T09:36:06.678Z"}
{"level":"info","message":"PATCH /promo-code/update/6791fa1af7c44882e217c4bc - 200","timestamp":"2025-01-28T09:38:15.614Z"}
{"level":"info","message":"PATCH /promo-code/update/6791fa1af7c44882e217c4bc - 200","timestamp":"2025-01-28T09:38:26.981Z"}
{"level":"info","message":"PATCH /promo-code/update/6791fa1af7c44882e217c4bc - 200","timestamp":"2025-01-28T09:38:31.345Z"}
{"level":"info","message":"GET /chat/messages/6784fb3191d02a56e725b612/67863c745a8b583ba21e3716 - 200","timestamp":"2025-01-28T09:38:31.762Z"}
{"level":"info","message":"PATCH /promo-code/update/6791fa1af7c44882e217c4bc - 200","timestamp":"2025-01-28T09:38:40.244Z"}
{"level":"info","message":"GET /promo-code/read - 200","timestamp":"2025-01-28T09:38:44.997Z"}
{"level":"info","message":"GET /promo-code/read - 200","timestamp":"2025-01-28T09:38:49.175Z"}
{"level":"info","message":"GET /chat/messages/1/67863c745a8b583ba21e3716 - 200","timestamp":"2025-01-28T09:40:19.252Z"}
{"level":"info","message":"GET /chat/messages/1/67863c745a8b583ba21e3716 - 200","timestamp":"2025-01-28T09:41:03.940Z"}
{"level":"info","message":"GET /chat/messages/1/67863c745a8b583ba21e3716 - 200","timestamp":"2025-01-28T09:41:54.752Z"}
{"level":"info","message":"GET /chat/messages/6784fb3191d02a56e725b612/67863c745a8b583ba21e3716 - 200","timestamp":"2025-01-28T09:41:59.784Z"}
{"level":"info","message":"GET /promo-code/read/6791fa1af7c44882e217c4bc - 200","timestamp":"2025-01-28T09:43:04.234Z"}
{"level":"info","message":"GET /promo-code/read/6791fa1af7c44882e217c4bc - 200","timestamp":"2025-01-28T09:43:06.112Z"}
{"level":"info","message":"GET /promo-code/read/6791fa1af7c44882e217c4bc - 200","timestamp":"2025-01-28T09:43:45.416Z"}
{"level":"info","message":"PATCH /promo-code/update/6791fa1af7c44882e217c4bc - 200","timestamp":"2025-01-28T09:43:52.355Z"}
{"level":"info","message":"PATCH /promo-code/update/6791fa1af7c44882e217c4bc - 200","timestamp":"2025-01-28T09:44:13.494Z"}
{"level":"info","message":"GET /promo-code/read/6791fa1af7c44882e217c4bc - 200","timestamp":"2025-01-28T09:45:17.563Z"}
{"level":"info","message":"GET /promo-code/read/6791fa1af7c44882e217c4bc - 200","timestamp":"2025-01-28T09:45:20.767Z"}
{"level":"info","message":"GET /promo-code/read/6791fa1af7c44882e217c4bc - 200","timestamp":"2025-01-28T09:45:24.921Z"}
{"level":"info","message":"GET /chat/messages/1/67863c745a8b583ba21e3716 - 200","timestamp":"2025-01-28T09:46:53.733Z"}
{"level":"info","message":"GET /1 - 200","timestamp":"2025-01-28T09:46:58.832Z"}
{"level":"info","message":"GET /promo-code/read/6791fa1af7c44882e217c4bc - 200","timestamp":"2025-01-28T09:47:46.466Z"}
{"level":"info","message":"GET /admin-dashboard/showAllAgencyInAdmin - 200","timestamp":"2025-01-28T09:55:02.699Z"}
{"level":"info","message":"GET /general/read - 200","timestamp":"2025-01-28T09:55:04.678Z"}
{"level":"info","message":"GET /subscription/read - 200","timestamp":"2025-01-28T09:55:05.794Z"}
{"level":"info","message":"GET / - 200","timestamp":"2025-01-28T09:55:07.446Z"}
{"level":"info","message":"GET /promo-code/read - 200","timestamp":"2025-01-28T09:55:08.436Z"}
{"level":"info","message":"GET /promo-code/read/6791fa1af7c44882e217c4bc - 200","timestamp":"2025-01-28T09:55:10.336Z"}
{"level":"info","message":"PATCH /promo-code/update/6791fa1af7c44882e217c4bc - 200","timestamp":"2025-01-28T09:55:19.552Z"}
{"level":"info","message":"GET /promo-code/read - 200","timestamp":"2025-01-28T09:55:35.155Z"}
{"level":"info","message":"GET /promo-code/read/67921e394f93cb9e395c4827 - 200","timestamp":"2025-01-28T09:55:50.833Z"}
{"level":"info","message":"GET /platform/read - 200","timestamp":"2025-01-28T09:56:05.235Z"}
{"level":"info","message":"GET /promo-code/read/6791fa1af7c44882e217c4bc - 200","timestamp":"2025-01-28T09:56:09.167Z"}
{"level":"info","message":"GET /admin-dashboard/showAllAgencyInAdmin - 200","timestamp":"2025-01-28T10:07:09.049Z"}
{"level":"info","message":"GET /general/read - 200","timestamp":"2025-01-28T10:07:10.803Z"}
{"level":"info","message":"GET /promo-code/read - 200","timestamp":"2025-01-28T10:07:15.417Z"}
{"level":"info","message":"GET /promo-code/read/6791fa1af7c44882e217c4bc - 200","timestamp":"2025-01-28T10:07:18.747Z"}
{"level":"info","message":"GET /promo-code/read/6791fa1af7c44882e217c4bc - 200","timestamp":"2025-01-28T10:14:50.468Z"}
{"level":"info","message":"PATCH /promo-code/update/6791fa1af7c44882e217c4bc - 200","timestamp":"2025-01-28T10:17:45.217Z"}
{"level":"info","message":"PATCH /promo-code/update/6791fa1af7c44882e217c4bc - 200","timestamp":"2025-01-28T10:17:48.076Z"}
{"level":"info","message":"PATCH /promo-code/update/6791fa1af7c44882e217c4bc - 200","timestamp":"2025-01-28T10:17:49.151Z"}
{"level":"info","message":"GET /promo-code/read - 200","timestamp":"2025-01-28T10:17:54.916Z"}
{"level":"info","message":"GET /promo-code/read - 200","timestamp":"2025-01-28T10:18:03.068Z"}
{"level":"info","message":"GET /promo-code/read/6791fa1af7c44882e217c4bc - 200","timestamp":"2025-01-28T10:18:06.391Z"}
{"level":"info","message":"PATCH /promo-code/update/6791fa1af7c44882e217c4bc - 200","timestamp":"2025-01-28T10:18:25.741Z"}
{"level":"info","message":"GET /promo-code/read - 200","timestamp":"2025-01-28T10:18:36.483Z"}
{"level":"info","message":"GET /promo-code/read - 200","timestamp":"2025-01-28T10:18:42.591Z"}
{"level":"info","message":"GET /promo-code/read - 200","timestamp":"2025-01-28T10:18:46.546Z"}
{"level":"info","message":"GET /promo-code/read/6791fa1af7c44882e217c4bc - 200","timestamp":"2025-01-28T10:18:55.327Z"}
{"level":"info","message":"PATCH /promo-code/update/6791fa1af7c44882e217c4bc - 200","timestamp":"2025-01-28T10:19:29.260Z"}
{"level":"info","message":"GET /promo-code/read - 200","timestamp":"2025-01-28T10:19:36.025Z"}
{"level":"info","message":"GET /promo-code/read/6791fa1af7c44882e217c4bc - 200","timestamp":"2025-01-28T10:19:44.912Z"}
{"level":"info","message":"GET /promo-code/read/6791fa1af7c44882e217c4bc - 200","timestamp":"2025-01-28T10:21:12.448Z"}
{"level":"info","message":"PATCH /promo-code/update/6791fa1af7c44882e217c4bc - 200","timestamp":"2025-01-28T10:21:26.350Z"}
{"level":"info","message":"GET /promo-code/read - 200","timestamp":"2025-01-28T10:21:29.117Z"}
{"level":"info","message":"PATCH /promo-code/update/6791fa1af7c44882e217c4bc - 200","timestamp":"2025-01-28T10:21:42.076Z"}
{"level":"info","message":"GET /promo-code/read - 200","timestamp":"2025-01-28T10:21:50.712Z"}
{"level":"info","message":"GET /promo-code/read/67922745de9e4d056947dd5d - 200","timestamp":"2025-01-28T10:22:01.760Z"}
{"level":"info","message":"PATCH /promo-code/update/67922745de9e4d056947dd5d - 200","timestamp":"2025-01-28T10:22:14.011Z"}
{"level":"info","message":"GET /promo-code/read - 200","timestamp":"2025-01-28T10:22:22.521Z"}
{"level":"info","message":"GET /promo-code/read/6791fbedf7c44882e217c4d2 - 200","timestamp":"2025-01-28T10:24:36.641Z"}
{"level":"info","message":"PATCH /promo-code/update/6791fbedf7c44882e217c4d2 - 200","timestamp":"2025-01-28T10:24:45.251Z"}
{"level":"info","message":"GET /promo-code/read/6791fbedf7c44882e217c4d2 - 200","timestamp":"2025-01-28T10:24:45.472Z"}
{"level":"info","message":"GET /promo-code/read - 200","timestamp":"2025-01-28T10:24:54.472Z"}
{"level":"info","message":"GET /promo-code/read - 200","timestamp":"2025-01-28T10:25:35.527Z"}
{"level":"info","message":"GET /promo-code/read/6791fa1af7c44882e217c4bc - 200","timestamp":"2025-01-28T10:25:35.579Z"}
{"level":"info","message":"GET /promo-code/read/6791fa1af7c44882e217c4bc - 200","timestamp":"2025-01-28T10:25:55.966Z"}
{"level":"info","message":"GET /promo-code/read - 200","timestamp":"2025-01-28T10:25:56.304Z"}
{"level":"info","message":"GET /promo-code/read - 200","timestamp":"2025-01-28T10:26:20.518Z"}
{"level":"info","message":"GET /subscription/read - 200","timestamp":"2025-01-28T10:27:53.737Z"}
{"level":"info","message":"GET /platform/read - 200","timestamp":"2025-01-28T10:27:55.792Z"}
{"level":"info","message":"GET /general/read - 200","timestamp":"2025-01-28T10:27:56.628Z"}
{"level":"info","message":"GET / - 200","timestamp":"2025-01-28T10:27:59.322Z"}
{"level":"info","message":"PATCH /auth/update - 200","timestamp":"2025-01-28T10:28:26.358Z"}
{"level":"info","message":"GET /uploads/users/michael-dam-mez3pofgs_k-unsplash-1738060106372.jpg - 200","timestamp":"2025-01-28T10:28:28.998Z"}
{"level":"info","message":"GET /admin-dashboard/showAllAgencyInAdmin - 200","timestamp":"2025-01-28T10:36:20.537Z"}
{"level":"info","message":"GET /general/read - 200","timestamp":"2025-01-28T10:36:23.313Z"}
{"level":"info","message":"GET /platform/read - 200","timestamp":"2025-01-28T10:36:26.884Z"}
{"level":"info","message":"GET /promo-code/read - 200","timestamp":"2025-01-28T10:36:28.339Z"}
{"level":"info","message":"GET /subscription/read - 200","timestamp":"2025-01-28T10:36:30.953Z"}
{"level":"info","message":"PATCH /auth/update - 200","timestamp":"2025-01-28T10:36:46.349Z"}
{"level":"info","message":"GET /uploads/users/logo-1738060606352.png - 200","timestamp":"2025-01-28T10:36:47.337Z"}
{"level":"info","message":"PATCH /auth/update - 200","timestamp":"2025-01-28T10:36:56.146Z"}
{"level":"info","message":"PATCH /auth/update - 200","timestamp":"2025-01-28T10:36:58.259Z"}
{"level":"info","message":"GET /uploads/users/michael-dam-mez3pofgs_k-unsplash-1738060616152.jpg - 200","timestamp":"2025-01-28T10:36:58.565Z"}
{"level":"info","message":"GET /uploads/users/michael-dam-mez3pofgs_k-unsplash-1738060618263.jpg - 200","timestamp":"2025-01-28T10:36:59.517Z"}
{"level":"info","message":"GET /general/read - 200","timestamp":"2025-01-28T10:39:10.201Z"}
{"level":"info","message":"GET /platform/read - 200","timestamp":"2025-01-28T10:39:12.795Z"}
{"level":"info","message":"GET /promo-code/read - 200","timestamp":"2025-01-28T10:39:14.418Z"}
{"level":"info","message":"GET /subscription/read - 200","timestamp":"2025-01-28T10:39:19.732Z"}
{"level":"info","message":"GET /admin-dashboard/showAllUserInAdmin? - 200","timestamp":"2025-01-28T10:39:53.152Z"}
{"level":"info","message":"GET /admin-dashboard/showAllUserInAdmin? - 200","timestamp":"2025-01-28T10:39:54.689Z"}
{"level":"info","message":"GET /admin-dashboard/showAllAgencyInAdmin - 200","timestamp":"2025-01-28T10:39:55.019Z"}
{"level":"info","message":"GET /admin-dashboard/showAllUserInAdmin? - 200","timestamp":"2025-01-28T10:40:26.329Z"}
{"level":"info","message":"GET /general/read - 200","timestamp":"2025-01-28T10:40:32.279Z"}
{"level":"info","message":"GET /general/read - 200","timestamp":"2025-01-28T10:40:39.025Z"}
{"level":"info","message":"PATCH /general/update - 200","timestamp":"2025-01-28T10:40:49.075Z"}
{"level":"info","message":"GET /general/read - 200","timestamp":"2025-01-28T10:40:52.732Z"}
{"level":"info","message":"GET /uploads/PlatformLogo/michael-dam-mez3pofgs_k-unsplash-1738060849104.jpg - 200","timestamp":"2025-01-28T10:40:53.716Z"}
{"level":"info","message":"GET /platform/read - 200","timestamp":"2025-01-28T10:41:01.059Z"}
{"level":"info","message":"GET /promo-code/read - 200","timestamp":"2025-01-28T10:41:02.641Z"}
{"level":"info","message":"GET /subscription/read - 200","timestamp":"2025-01-28T10:41:03.745Z"}
