{"level":"info","message":"POST /reset-password/send-verification - 200","timestamp":"2025-01-21T02:56:43.361Z"}
{"level":"info","message":"POST /reset-password/send-verification - 200","timestamp":"2025-01-21T02:57:22.257Z"}
{"level":"info","message":"POST /reset-password/send-verification - 200","timestamp":"2025-01-21T02:57:28.700Z"}
{"level":"info","message":"POST /reset-password/proses-verification - 200","timestamp":"2025-01-21T03:01:30.501Z"}
{"level":"info","message":"POST /reset-password/proses-verification - 200","timestamp":"2025-01-21T03:03:19.378Z"}
{"level":"info","message":"POST /reset-password/proses-verification - 200","timestamp":"2025-01-21T03:03:26.521Z"}
{"level":"info","message":"POST /reset-password/proses-verification - 200","timestamp":"2025-01-21T03:07:45.507Z"}
{"level":"info","message":"POST /reset-password/proses-verification - 200","timestamp":"2025-01-21T03:07:48.928Z"}
{"level":"info","message":"POST /reset-password/proses-verification - 200","timestamp":"2025-01-21T03:07:53.478Z"}
{"level":"info","message":"POST /reset-password/proses-verification - 200","timestamp":"2025-01-21T03:08:29.018Z"}
{"level":"info","message":"POST /reset-password/proses-verification - 200","timestamp":"2025-01-21T03:08:30.004Z"}
{"level":"info","message":"POST /reset-password/proses-verification - 200","timestamp":"2025-01-21T03:10:07.673Z"}
{"level":"info","message":"POST /reset-password/send-verification - 200","timestamp":"2025-01-21T03:10:14.675Z"}
{"level":"info","message":"POST /reset-password/proses-verification - 200","timestamp":"2025-01-21T03:10:45.147Z"}
{"level":"info","message":"POST /reset-password/proses-verification - 200","timestamp":"2025-01-21T03:11:34.116Z"}
{"level":"info","message":"POST /reset-password/proses-verification - 200","timestamp":"2025-01-21T03:14:13.543Z"}
{"level":"info","message":"POST /reset-password/proses-verification - 200","timestamp":"2025-01-21T03:15:19.290Z"}
{"level":"info","message":"POST /reset-password/proses-verification - 200","timestamp":"2025-01-21T03:15:39.511Z"}
{"level":"info","message":"GET /1 - 200","timestamp":"2025-01-21T03:17:31.853Z"}
{"level":"info","message":"POST /reset-password/proses-verification - 200","timestamp":"2025-01-21T03:25:56.611Z"}
{"level":"info","message":"POST /reset-password/proses-verification - 200","timestamp":"2025-01-21T03:29:15.211Z"}
{"level":"info","message":"POST /reset-password/send-verification - 200","timestamp":"2025-01-21T03:30:03.433Z"}
{"level":"info","message":"POST /reset-password/proses-verification - 200","timestamp":"2025-01-21T03:30:59.091Z"}
{"level":"info","message":"POST /reset-password/proses-verification - 200","timestamp":"2025-01-21T03:31:05.591Z"}
{"level":"info","message":"GET /1 - 200","timestamp":"2025-01-21T03:34:54.529Z"}
{"level":"info","message":"POST /auth/register - 200","timestamp":"2025-01-21T03:38:08.068Z"}
{"level":"info","message":"POST /auth/register - 200","timestamp":"2025-01-21T03:38:16.391Z"}
{"level":"info","message":"POST /auth/register - 200","timestamp":"2025-01-21T03:38:23.926Z"}
{"level":"info","message":"GET /auth/get-user/6788aa99af330d1b0c7eae22 - 200","timestamp":"2025-01-21T03:40:46.460Z"}
{"level":"info","message":"POST /reset-password/proses-verification - 200","timestamp":"2025-01-21T03:42:54.522Z"}
{"level":"info","message":"POST /reset-password/proses-verification - 200","timestamp":"2025-01-21T03:43:21.357Z"}
{"level":"info","message":"POST /reset-password/proses-verification - 200","timestamp":"2025-01-21T03:44:15.570Z"}
{"level":"info","message":"POST /reset-password/proses-verification - 200","timestamp":"2025-01-21T03:44:39.363Z"}
{"level":"info","message":"POST /reset-password/proses-verification - 200","timestamp":"2025-01-21T03:44:51.341Z"}
{"level":"info","message":"POST /reset-password/proses-verification - 200","timestamp":"2025-01-21T03:45:08.436Z"}
{"level":"info","message":"POST /reset-password/send-verification - 200","timestamp":"2025-01-21T03:50:23.036Z"}
{"level":"info","message":"POST /reset-password/proses-verification - 200","timestamp":"2025-01-21T03:50:27.717Z"}
{"level":"info","message":"POST /reset-password/send-verification - 200","timestamp":"2025-01-21T03:50:42.253Z"}
{"level":"info","message":"POST /reset-password/proses-verification - 200","timestamp":"2025-01-21T03:50:45.871Z"}
{"level":"info","message":"POST /reset-password/proses-verification - 200","timestamp":"2025-01-21T03:50:51.512Z"}
{"level":"info","message":"POST /reset-password/proses-verification - 200","timestamp":"2025-01-21T03:52:07.639Z"}
{"level":"info","message":"POST /reset-password/proses-verification - 200","timestamp":"2025-01-21T03:52:50.546Z"}
{"level":"info","message":"POST /reset-password/proses-verification - 200","timestamp":"2025-01-21T03:54:22.722Z"}
{"level":"info","message":"POST /reset-password/proses-verification - 200","timestamp":"2025-01-21T03:56:56.769Z"}
{"level":"info","message":"POST /reset-password/proses-verification - 200","timestamp":"2025-01-21T03:58:55.640Z"}
{"level":"info","message":"POST /reset-password/proses-verification - 200","timestamp":"2025-01-21T03:59:51.432Z"}
{"level":"info","message":"POST /reset-password/proses-verification - 200","timestamp":"2025-01-21T04:00:31.331Z"}
{"level":"info","message":"POST /reset-password/proses-verification - 200","timestamp":"2025-01-21T04:10:44.344Z"}
{"level":"info","message":"PATCH /auth/block/677f42a3d5a896ffb9b24808 - 200","timestamp":"2025-01-21T04:10:58.205Z"}
{"level":"info","message":"POST /auth/make-admin - 200","timestamp":"2025-01-21T04:27:02.783Z"}
