{"level":"info","message":"GET /1 - 200","timestamp":"2025-01-25T03:12:32.133Z"}
{"level":"info","message":"GET /1 - 200","timestamp":"2025-01-25T03:16:29.281Z"}
{"level":"info","message":"POST /sell-kg/create - 200","timestamp":"2025-01-25T03:17:37.053Z"}
{"level":"info","message":"POST /sell-kg/create - 200","timestamp":"2025-01-25T03:18:16.918Z"}
{"level":"info","message":"POST /sell-kg/search - 200","timestamp":"2025-01-25T03:18:46.542Z"}
{"level":"info","message":"GET /uploads/users/user-1737631884472.png - 200","timestamp":"2025-01-25T03:18:47.001Z"}
{"level":"info","message":"POST /sell-kg/search - 200","timestamp":"2025-01-25T03:19:57.344Z"}
{"level":"info","message":"POST /sell-kg/search - 200","timestamp":"2025-01-25T03:20:04.641Z"}
{"level":"info","message":"POST /sell-kg/search - 200","timestamp":"2025-01-25T03:20:12.800Z"}
{"level":"info","message":"POST /sell-kg/search - 200","timestamp":"2025-01-25T03:20:17.299Z"}
{"level":"info","message":"POST /sell-kg/search - 200","timestamp":"2025-01-25T03:20:34.737Z"}
{"level":"info","message":"POST /sell-kg/search - 200","timestamp":"2025-01-25T03:20:42.090Z"}
{"level":"info","message":"GET /1 - 200","timestamp":"2025-01-25T03:23:41.850Z"}
{"level":"info","message":"POST /sell-kg/create - 200","timestamp":"2025-01-25T03:24:42.770Z"}
{"level":"info","message":"POST /sell-kg/search - 200","timestamp":"2025-01-25T03:24:49.932Z"}
{"level":"info","message":"POST /sell-kg/search/courier - 200","timestamp":"2025-01-25T03:31:39.682Z"}
{"level":"info","message":"POST /sell-kg/search/courier - 200","timestamp":"2025-01-25T03:40:48.548Z"}
{"level":"info","message":"POST /sell-kg/search/courier - 200","timestamp":"2025-01-25T03:41:09.581Z"}
{"level":"info","message":"POST /sell-kg/search/courier - 200","timestamp":"2025-01-25T03:41:18.958Z"}
{"level":"info","message":"POST /sell-kg/search/courier - 200","timestamp":"2025-01-25T03:42:06.776Z"}
{"level":"info","message":"POST /sell-kg/search/courier - 200","timestamp":"2025-01-25T03:44:17.326Z"}
{"level":"info","message":"POST /sell-kg/search/courier - 200","timestamp":"2025-01-25T03:44:55.594Z"}
{"level":"info","message":"POST /sell-kg/search/courier - 200","timestamp":"2025-01-25T03:45:02.485Z"}
{"level":"info","message":"POST /sell-kg/search/courier - 200","timestamp":"2025-01-25T03:45:22.949Z"}
{"level":"info","message":"POST /sell-kg/search/courier - 200","timestamp":"2025-01-25T03:45:39.333Z"}
{"level":"info","message":"GET / - 200","timestamp":"2025-01-25T03:45:39.527Z"}
{"level":"info","message":"POST /sell-kg/search/courier - 200","timestamp":"2025-01-25T03:45:41.937Z"}
{"level":"info","message":"POST /sell-kg/search/courier - 200","timestamp":"2025-01-25T03:48:27.109Z"}
{"level":"info","message":"POST /sell-kg/search/courier - 200","timestamp":"2025-01-25T03:54:20.626Z"}
{"level":"info","message":"GET / - 200","timestamp":"2025-01-25T03:54:20.850Z"}
{"level":"info","message":"POST /sell-kg/search/courier - 200","timestamp":"2025-01-25T04:38:13.504Z"}
{"level":"info","message":"GET / - 200","timestamp":"2025-01-25T04:38:13.958Z"}
{"level":"info","message":"POST /sell-kg/search - 200","timestamp":"2025-01-25T04:38:30.771Z"}
{"level":"info","message":"POST /sell-kg/search/courier - 200","timestamp":"2025-01-25T04:46:07.770Z"}
{"level":"info","message":"GET / - 200","timestamp":"2025-01-25T04:46:08.243Z"}
{"level":"info","message":"POST /sell-kg/search/courier - 200","timestamp":"2025-01-25T04:46:13.684Z"}
{"level":"info","message":"POST /sell-kg/search/courier - 200","timestamp":"2025-01-25T04:46:19.291Z"}
{"level":"info","message":"GET / - 200","timestamp":"2025-01-25T04:46:19.488Z"}
{"level":"info","message":"POST /sell-kg/search - 200","timestamp":"2025-01-25T04:46:40.166Z"}
{"level":"info","message":"POST /sell-kg/search - 200","timestamp":"2025-01-25T04:47:19.130Z"}
{"level":"info","message":"POST /sell-kg/search/courier - 200","timestamp":"2025-01-25T04:48:28.844Z"}
{"level":"info","message":"POST /sell-kg/search/courier - 200","timestamp":"2025-01-25T04:48:36.651Z"}
{"level":"info","message":"GET / - 200","timestamp":"2025-01-25T04:48:36.983Z"}
{"level":"info","message":"POST /sell-kg/search/courier - 200","timestamp":"2025-01-25T04:49:48.115Z"}
{"level":"info","message":"GET / - 200","timestamp":"2025-01-25T04:49:48.580Z"}
{"level":"info","message":"POST /sell-kg/search/courier - 200","timestamp":"2025-01-25T04:50:21.976Z"}
{"level":"info","message":"POST /sell-kg/search/courier - 200","timestamp":"2025-01-25T04:50:29.864Z"}
{"level":"info","message":"POST /sell-kg/search/courier - 200","timestamp":"2025-01-25T04:50:31.123Z"}
{"level":"info","message":"POST /sell-kg/search/courier - 200","timestamp":"2025-01-25T04:50:32.834Z"}
{"level":"info","message":"POST /sell-kg/search/courier - 200","timestamp":"2025-01-25T04:50:39.616Z"}
{"level":"info","message":"POST /auth/login - 200","timestamp":"2025-01-25T04:50:42.836Z"}
{"level":"info","message":"GET /admin-dashboard/showAllAgencyInAdmin - 200","timestamp":"2025-01-25T04:50:43.190Z"}
{"level":"info","message":"POST /sell-kg/search/courier - 200","timestamp":"2025-01-25T04:50:43.776Z"}
{"level":"info","message":"POST /sell-kg/search - 200","timestamp":"2025-01-25T04:53:29.268Z"}
{"level":"info","message":"POST /sell-kg/search - 200","timestamp":"2025-01-25T04:53:38.652Z"}
{"level":"info","message":"POST /sell-kg/search - 200","timestamp":"2025-01-25T04:53:42.226Z"}
{"level":"info","message":"POST /sell-kg/search - 200","timestamp":"2025-01-25T04:53:44.199Z"}
{"level":"info","message":"POST /sell-kg/search - 200","timestamp":"2025-01-25T04:53:53.482Z"}
{"level":"info","message":"POST /sell-kg/search - 200","timestamp":"2025-01-25T04:54:05.849Z"}
{"level":"info","message":"POST /sell-kg/search/courier - 200","timestamp":"2025-01-25T04:58:50.560Z"}
{"level":"info","message":"GET / - 200","timestamp":"2025-01-25T04:58:50.796Z"}
{"level":"info","message":"POST /sell-kg/search/courier - 200","timestamp":"2025-01-25T04:59:27.825Z"}
{"level":"info","message":"POST /sell-kg/search/courier - 200","timestamp":"2025-01-25T04:59:38.090Z"}
{"level":"info","message":"GET / - 200","timestamp":"2025-01-25T04:59:38.545Z"}
{"level":"info","message":"POST /sell-kg/search/courier - 200","timestamp":"2025-01-25T04:59:51.607Z"}
{"level":"info","message":"GET / - 200","timestamp":"2025-01-25T04:59:52.056Z"}
{"level":"info","message":"POST /sell-kg/search/courier - 200","timestamp":"2025-01-25T05:00:48.220Z"}
{"level":"info","message":"GET / - 200","timestamp":"2025-01-25T05:00:48.456Z"}
{"level":"info","message":"POST /sell-kg/search - 200","timestamp":"2025-01-25T05:01:01.010Z"}
{"level":"info","message":"POST /sell-kg/search - 200","timestamp":"2025-01-25T05:01:04.610Z"}
{"level":"info","message":"POST /sell-kg/search - 200","timestamp":"2025-01-25T05:01:27.173Z"}
{"level":"info","message":"POST /sell-kg/search - 200","timestamp":"2025-01-25T05:01:38.238Z"}
{"level":"info","message":"POST /sell-kg/search - 200","timestamp":"2025-01-25T05:01:41.587Z"}
{"level":"info","message":"POST /sell-kg/search - 200","timestamp":"2025-01-25T05:01:47.202Z"}
{"level":"info","message":"POST /auth/login - 200","timestamp":"2025-01-25T05:16:43.640Z"}
{"level":"info","message":"GET /admin-dashboard/showAllAgencyInAdmin - 200","timestamp":"2025-01-25T05:16:43.972Z"}
{"level":"info","message":"GET /sell-kg/get-all - 200","timestamp":"2025-01-25T05:21:05.308Z"}
{"level":"info","message":"GET /platform/read - 200","timestamp":"2025-01-25T05:21:09.295Z"}
{"level":"info","message":"POST /auth/login - 200","timestamp":"2025-01-25T05:21:13.753Z"}
{"level":"info","message":"GET /sell-kg/get-all - 200","timestamp":"2025-01-25T05:21:27.066Z"}
{"level":"info","message":"GET /general/read - 200","timestamp":"2025-01-25T05:21:43.420Z"}
{"level":"info","message":"GET /sell-kg/read/679220598e6c39ff15badcea - 200","timestamp":"2025-01-25T05:22:17.004Z"}
{"level":"info","message":"GET /sell-kg/read/679220598e6c39ff15badcea - 200","timestamp":"2025-01-25T05:22:30.014Z"}
{"level":"info","message":"GET /sell-kg/read/679220598e6c39ff15badcea - 200","timestamp":"2025-01-25T05:23:07.230Z"}
{"level":"info","message":"GET /sell-kg/read/679220598e6c39ff15badcea - 200","timestamp":"2025-01-25T05:23:17.840Z"}
{"level":"info","message":"GET /sell-kg/read/678e245bc46631685e3f0f7c - 200","timestamp":"2025-01-25T05:23:29.928Z"}
{"level":"info","message":"GET /sell-kg/read/679220598e6c39ff15badcea - 200","timestamp":"2025-01-25T05:23:41.221Z"}
{"level":"info","message":"GET /sell-kg/read/679457d11672bac5fd74b78d - 200","timestamp":"2025-01-25T05:25:08.410Z"}
{"level":"info","message":"GET /auth/update/679457d11672bac5fd74b78d - 200","timestamp":"2025-01-25T05:30:18.301Z"}
{"level":"info","message":"GET /auth/update/679457d11672bac5fd74b78d - 200","timestamp":"2025-01-25T05:30:18.638Z"}
{"level":"info","message":"GET /auth/update/679457d11672bac5fd74b78d - 200","timestamp":"2025-01-25T05:30:29.199Z"}
{"level":"info","message":"GET /sell-kg/read/679457d11672bac5fd74b78d - 200","timestamp":"2025-01-25T05:30:57.895Z"}
{"level":"info","message":"GET /sell-kg/read/679457d11672bac5fd74b78d - 200","timestamp":"2025-01-25T05:31:41.310Z"}
{"level":"info","message":"GET /sell-kg/read/679457d11672bac5fd74b78d - 200","timestamp":"2025-01-25T05:32:14.611Z"}
{"level":"info","message":"GET /admin-dashboard/showAllAgencyInAdmin - 200","timestamp":"2025-01-25T05:32:16.886Z"}
{"level":"info","message":"GET /sell-kg/read/679457d11672bac5fd74b78d - 200","timestamp":"2025-01-25T05:32:24.874Z"}
{"level":"info","message":"GET /admin-dashboard/showAllAgencyInAdmin - 200","timestamp":"2025-01-25T05:32:26.654Z"}
{"level":"info","message":"GET /sell-kg/read/679457d11672bac5fd74b78d - 200","timestamp":"2025-01-25T05:32:28.391Z"}
{"level":"info","message":"GET /admin-dashboard/showAllAgencyInAdmin - 200","timestamp":"2025-01-25T05:34:32.408Z"}
{"level":"info","message":"GET /sell-kg/read/679457d11672bac5fd74b78d - 200","timestamp":"2025-01-25T05:35:54.137Z"}
{"level":"info","message":"GET /sell-kg/read/679457d11672bac5fd74b78d - 200","timestamp":"2025-01-25T05:36:14.251Z"}
{"level":"info","message":"GET /sell-kg/read/[object%20Object] - 200","timestamp":"2025-01-25T05:36:28.711Z"}
{"level":"info","message":"GET /admin-dashboard/showAllAgencyInAdmin - 200","timestamp":"2025-01-25T05:36:29.207Z"}
{"level":"info","message":"GET /sell-kg/read/[object%20Object] - 200","timestamp":"2025-01-25T05:37:05.662Z"}
{"level":"info","message":"GET /sell-kg/read/679457d11672bac5fd74b78d - 200","timestamp":"2025-01-25T05:37:10.961Z"}
{"level":"info","message":"GET /admin-dashboard/showAllAgencyInAdmin - 200","timestamp":"2025-01-25T05:37:15.894Z"}
{"level":"info","message":"GET /admin-dashboard/showAllAgencyInAdmin - 200","timestamp":"2025-01-25T05:38:20.765Z"}
{"level":"info","message":"GET /admin-dashboard/showAllAgencyInAdmin - 200","timestamp":"2025-01-25T05:39:09.257Z"}
{"level":"info","message":"GET /admin-dashboard/showAllAgencyInAdmin - 200","timestamp":"2025-01-25T05:39:28.887Z"}
{"level":"info","message":"GET /admin-dashboard/showAllAgencyInAdmin - 200","timestamp":"2025-01-25T05:39:41.515Z"}
{"level":"info","message":"GET /general/read - 200","timestamp":"2025-01-25T05:43:21.043Z"}
{"level":"info","message":"GET /sell-kg/read/679457d11672bac5fd74b78d - 200","timestamp":"2025-01-25T05:43:31.095Z"}
{"level":"info","message":"GET /sell-kg/read/679457d11672bac5fd74b78d - 200","timestamp":"2025-01-25T05:43:35.089Z"}
{"level":"info","message":"GET /sell-kg/read/undefined - 200","timestamp":"2025-01-25T05:44:08.238Z"}
{"level":"info","message":"GET /sell-kg/read/undefined - 200","timestamp":"2025-01-25T05:44:33.951Z"}
{"level":"info","message":"GET /sell-kg/read/679457d11672bac5fd74b78d - 200","timestamp":"2025-01-25T05:44:38.849Z"}
{"level":"info","message":"GET /admin-dashboard/showAllAgencyInAdmin - 200","timestamp":"2025-01-25T05:44:47.426Z"}
{"level":"info","message":"GET /admin-dashboard/showAllAgencyInAdmin - 200","timestamp":"2025-01-25T05:46:13.339Z"}
{"level":"info","message":"GET /general/read - 200","timestamp":"2025-01-25T05:46:16.387Z"}
{"level":"info","message":"GET /general/read - 200","timestamp":"2025-01-25T05:48:04.250Z"}
{"level":"info","message":"GET /general/read - 200","timestamp":"2025-01-25T05:48:17.184Z"}
{"level":"info","message":"GET /sell-kg/read/679457d11672bac5fd74b78d - 200","timestamp":"2025-01-25T05:48:17.914Z"}
{"level":"info","message":"POST /general/create - 200","timestamp":"2025-01-25T05:49:23.541Z"}
{"level":"info","message":"POST /general/create - 200","timestamp":"2025-01-25T05:49:33.184Z"}
{"level":"info","message":"GET /sell-kg/read/679457d11672bac5fd74b78d - 200","timestamp":"2025-01-25T05:49:41.554Z"}
{"level":"info","message":"GET /sell-kg/read/679457d11672bac5fd74b78d - 200","timestamp":"2025-01-25T05:50:01.947Z"}
{"level":"info","message":"PATCH /general/update - 200","timestamp":"2025-01-25T05:50:07.821Z"}
{"level":"info","message":"PATCH /general/update - 200","timestamp":"2025-01-25T05:50:16.513Z"}
{"level":"info","message":"GET /sell-kg/read/679457d11672bac5fd74b78d - 200","timestamp":"2025-01-25T05:50:38.527Z"}
{"level":"info","message":"GET /general/read - 200","timestamp":"2025-01-25T05:50:43.684Z"}
{"level":"info","message":"GET /sell-kg/read/679457d11672bac5fd74b78d - 200","timestamp":"2025-01-25T05:51:25.160Z"}
{"level":"info","message":"GET /sell-kg/read/679457d11672bac5fd74b78d - 200","timestamp":"2025-01-25T05:51:45.112Z"}
{"level":"info","message":"GET /sell-kg/read/679457d11672bac5fd74b78d - 200","timestamp":"2025-01-25T05:52:49.247Z"}
{"level":"info","message":"GET /sell-kg/read/679457d11672bac5fd74b78d - 200","timestamp":"2025-01-25T05:52:55.541Z"}
{"level":"info","message":"GET /sell-kg/read/679457d11672bac5fd74b78d - 200","timestamp":"2025-01-25T05:53:35.791Z"}
{"level":"info","message":"GET /sell-kg/read/679457d11672bac5fd74b78d - 200","timestamp":"2025-01-25T05:54:58.484Z"}
{"level":"info","message":"GET /sell-kg/read/679457d11672bac5fd74b78d - 200","timestamp":"2025-01-25T05:55:37.915Z"}
{"level":"info","message":"GET /sell-kg/read/679457d11672bac5fd74b78d - 200","timestamp":"2025-01-25T05:55:42.571Z"}
{"level":"info","message":"GET /sell-kg/read/679457d11672bac5fd74b78d - 200","timestamp":"2025-01-25T05:55:45.272Z"}
{"level":"info","message":"GET /sell-kg/read/679457d11672bac5fd74b78d - 200","timestamp":"2025-01-25T05:56:29.735Z"}
{"level":"info","message":"GET /sell-kg/read/679457d11672bac5fd74b78d - 200","timestamp":"2025-01-25T05:56:32.028Z"}
{"level":"info","message":"GET /sell-kg/read/679457d11672bac5fd74b78d - 200","timestamp":"2025-01-25T05:56:44.398Z"}
{"level":"info","message":"GET /sell-kg/read/679457d11672bac5fd74b78d - 200","timestamp":"2025-01-25T05:56:49.198Z"}
{"level":"info","message":"GET /sell-kg/read/679457d11672bac5fd74b78d - 200","timestamp":"2025-01-25T05:57:39.927Z"}
{"level":"info","message":"GET /sell-kg/read/679457d11672bac5fd74b78d - 200","timestamp":"2025-01-25T05:57:41.502Z"}
{"level":"info","message":"GET /sell-kg/read/679457d11672bac5fd74b78d - 200","timestamp":"2025-01-25T05:57:47.158Z"}
{"level":"info","message":"GET /sell-kg/read/679457d11672bac5fd74b78d - 200","timestamp":"2025-01-25T05:58:40.342Z"}
{"level":"info","message":"GET /sell-kg/read/679457d11672bac5fd74b78d - 200","timestamp":"2025-01-25T05:58:44.359Z"}
{"level":"info","message":"GET /general/read - 200","timestamp":"2025-01-25T06:00:07.259Z"}
{"level":"info","message":"GET /sell-kg/read/679457d11672bac5fd74b78d - 200","timestamp":"2025-01-25T06:00:15.840Z"}
{"level":"info","message":"GET /sell-kg/read/679457d11672bac5fd74b78d - 200","timestamp":"2025-01-25T06:00:57.835Z"}
{"level":"info","message":"GET /sell-kg/read/679457d11672bac5fd74b78d - 200","timestamp":"2025-01-25T06:01:02.518Z"}
{"level":"info","message":"GET /general/read - 200","timestamp":"2025-01-25T06:01:14.700Z"}
{"level":"info","message":"GET /sell-kg/read/679457d11672bac5fd74b78d - 200","timestamp":"2025-01-25T06:04:21.054Z"}
{"level":"info","message":"GET /sell-kg/read/679457d11672bac5fd74b78d - 200","timestamp":"2025-01-25T06:05:00.912Z"}
{"level":"info","message":"GET /general/read - 200","timestamp":"2025-01-25T06:05:40.608Z"}
{"level":"info","message":"GET /sell-kg/read/679457d11672bac5fd74b78d - 200","timestamp":"2025-01-25T06:06:52.535Z"}
{"level":"info","message":"GET /sell-kg/read/679457d11672bac5fd74b78d - 200","timestamp":"2025-01-25T06:06:56.027Z"}
{"level":"info","message":"GET /1 - 200","timestamp":"2025-01-25T06:08:37.454Z"}
{"level":"info","message":"POST /sell-kg/search - 200","timestamp":"2025-01-25T06:09:17.034Z"}
{"level":"info","message":"GET /sell-kg/read/679457d11672bac5fd74b78d - 200","timestamp":"2025-01-25T06:09:23.736Z"}
{"level":"info","message":"GET /general/read - 200","timestamp":"2025-01-25T06:09:43.635Z"}
{"level":"info","message":"GET /sell-kg/read/679457d11672bac5fd74b78d - 200","timestamp":"2025-01-25T06:13:23.993Z"}
{"level":"info","message":"GET /sell-kg/read/679457d11672bac5fd74b78d - 200","timestamp":"2025-01-25T06:13:30.213Z"}
{"level":"info","message":"GET /sell-kg/read/679457d11672bac5fd74b78d - 200","timestamp":"2025-01-25T06:14:31.537Z"}
{"level":"info","message":"GET /sell-kg/read/679457d11672bac5fd74b78d - 200","timestamp":"2025-01-25T06:14:35.245Z"}
{"level":"info","message":"POST /sell-kg/search/courier - 200","timestamp":"2025-01-25T06:15:31.787Z"}
{"level":"info","message":"GET / - 200","timestamp":"2025-01-25T06:15:32.018Z"}
{"level":"info","message":"POST /auth/reset-passs/678dcf5d777814e797e92ead - 200","timestamp":"2025-01-25T06:16:22.332Z"}
{"level":"info","message":"POST /auth/reset-passs/678dcf5d777814e797e92ead - 200","timestamp":"2025-01-25T06:16:31.707Z"}
{"level":"info","message":"POST /auth/reset-passs/678dcf5d777814e797e92ead - 200","timestamp":"2025-01-25T06:16:42.427Z"}
{"level":"info","message":"POST /auth/reset-passs/678dcf5d777814e797e92ead - 200","timestamp":"2025-01-25T06:16:55.191Z"}
{"level":"info","message":"GET /general/read - 200","timestamp":"2025-01-25T06:17:31.397Z"}
{"level":"info","message":"GET /sell-kg/read/679457d11672bac5fd74b78d - 200","timestamp":"2025-01-25T06:19:44.603Z"}
{"level":"info","message":"GET /sell-kg/read/679457d11672bac5fd74b78d - 200","timestamp":"2025-01-25T06:20:45.936Z"}
{"level":"info","message":"GET /sell-kg/read/679457d11672bac5fd74b78d - 200","timestamp":"2025-01-25T06:21:10.300Z"}
{"level":"info","message":"GET /sell-kg/read/679457d11672bac5fd74b78d - 200","timestamp":"2025-01-25T06:23:03.426Z"}
{"level":"info","message":"GET /sell-kg/read/679457d11672bac5fd74b78d - 200","timestamp":"2025-01-25T06:23:24.886Z"}
{"level":"info","message":"GET /sell-kg/read/679457d11672bac5fd74b78d - 200","timestamp":"2025-01-25T06:24:10.974Z"}
{"level":"info","message":"GET /general/read - 200","timestamp":"2025-01-25T06:24:12.807Z"}
{"level":"info","message":"POST /auth/reset-passs/undefined - 200","timestamp":"2025-01-25T06:28:07.287Z"}
{"level":"info","message":"POST /auth/reset-passs/undefined - 200","timestamp":"2025-01-25T06:29:23.727Z"}
{"level":"info","message":"POST /auth/reset-passs/undefined - 200","timestamp":"2025-01-25T06:29:48.921Z"}
{"level":"info","message":"POST /auth/reset-passs/undefined - 200","timestamp":"2025-01-25T06:30:25.320Z"}
{"level":"info","message":"GET /sell-kg/read/679457d11672bac5fd74b78d - 200","timestamp":"2025-01-25T06:31:06.806Z"}
{"level":"info","message":"POST /auth/reset-passs/678e245bc46631685e3f0f7c - 200","timestamp":"2025-01-25T06:31:17.049Z"}
{"level":"info","message":"POST /auth/reset-passs/678e245bc46631685e3f0f7c - 200","timestamp":"2025-01-25T06:31:20.573Z"}
{"level":"info","message":"POST /auth/reset-passs/678e245bc46631685e3f0f7c - 200","timestamp":"2025-01-25T06:31:21.580Z"}
{"level":"info","message":"POST /auth/reset-passs/678e245bc46631685e3f0f7c - 200","timestamp":"2025-01-25T06:31:32.425Z"}
{"level":"info","message":"POST /auth/reset-passs/678e245bc46631685e3f0f7c - 200","timestamp":"2025-01-25T06:32:16.775Z"}
{"level":"info","message":"POST /auth/reset-passs/678e245bc46631685e3f0f7c - 200","timestamp":"2025-01-25T06:32:35.267Z"}
{"level":"info","message":"GET /sell-kg/read/679457d11672bac5fd74b78d - 200","timestamp":"2025-01-25T06:33:04.822Z"}
{"level":"info","message":"POST /auth/reset-passs/678e245bc46631685e3f0f7c - 200","timestamp":"2025-01-25T06:33:12.036Z"}
{"level":"info","message":"POST /auth/reset-passs/678e245bc46631685e3f0f7c - 200","timestamp":"2025-01-25T06:33:14.557Z"}
{"level":"info","message":"POST /auth/reset-passs/678dcf5d777814e797e92ead - 200","timestamp":"2025-01-25T06:33:23.715Z"}
{"level":"info","message":"POST /auth/reset-passs/678e245bc46631685e3f0f7c - 200","timestamp":"2025-01-25T06:33:31.459Z"}
{"level":"info","message":"POST /auth/reset-passs/678e245bc46631685e3f0f7c - 200","timestamp":"2025-01-25T06:33:38.186Z"}
{"level":"info","message":"POST /auth/reset-passs/678e245bc46631685e3f0f7c - 200","timestamp":"2025-01-25T06:33:41.376Z"}
{"level":"info","message":"POST /auth/reset-passs/678e245bc46631685e3f0f7c - 200","timestamp":"2025-01-25T06:33:58.846Z"}
{"level":"info","message":"POST /auth/reset-passs/678e245bc46631685e3f0f7c - 200","timestamp":"2025-01-25T06:34:04.257Z"}
{"level":"info","message":"POST /auth/reset-passs/678e245bc46631685e3f0f7c - 200","timestamp":"2025-01-25T06:34:21.142Z"}
{"level":"info","message":"POST /auth/reset-passs/678e245bc46631685e3f0f7c - 200","timestamp":"2025-01-25T06:34:22.628Z"}
{"level":"info","message":"GET /1 - 200","timestamp":"2025-01-25T06:34:51.767Z"}
{"level":"info","message":"GET /1 - 200","timestamp":"2025-01-25T06:35:07.807Z"}
{"level":"info","message":"GET /1 - 200","timestamp":"2025-01-25T06:35:37.873Z"}
{"level":"info","message":"POST /auth/login - 200","timestamp":"2025-01-25T06:35:43.372Z"}
{"level":"info","message":"POST /reset-password/send-verification - 200","timestamp":"2025-01-25T06:35:50.967Z"}
{"level":"info","message":"POST /reset-password/proses-verification - 200","timestamp":"2025-01-25T06:36:08.207Z"}
{"level":"info","message":"POST /auth/change-passs/nimurnerob404@gmail.com - 200","timestamp":"2025-01-25T06:36:24.181Z"}
{"level":"info","message":"POST /auth/login - 200","timestamp":"2025-01-25T06:36:29.192Z"}
{"level":"info","message":"GET /1 - 200","timestamp":"2025-01-25T06:36:30.264Z"}
{"level":"info","message":"GET /1 - 200","timestamp":"2025-01-25T06:36:33.366Z"}
{"level":"info","message":"POST /auth/reset-passs/678e245bc46631685e3f0f7c - 200","timestamp":"2025-01-25T06:37:05.710Z"}
{"level":"info","message":"POST /auth/reset-passs/678e245bc46631685e3f0f7c - 200","timestamp":"2025-01-25T06:37:13.372Z"}
{"level":"info","message":"GET /1 - 200","timestamp":"2025-01-25T06:38:03.206Z"}
{"level":"info","message":"GET /sell-kg/read/679457d11672bac5fd74b78d - 200","timestamp":"2025-01-25T06:38:04.440Z"}
{"level":"info","message":"POST /auth/reset-passs/678e245bc46631685e3f0f7c - 200","timestamp":"2025-01-25T06:38:30.369Z"}
{"level":"info","message":"POST /auth/reset-passs/678e245bc46631685e3f0f7c - 200","timestamp":"2025-01-25T06:39:11.436Z"}
{"level":"info","message":"POST /auth/reset-passs/678e245bc46631685e3f0f7c - 200","timestamp":"2025-01-25T06:39:21.079Z"}
{"level":"info","message":"GET /general/read - 200","timestamp":"2025-01-25T06:46:42.447Z"}
{"level":"info","message":"GET /general/read - 200","timestamp":"2025-01-25T06:47:40.097Z"}
{"level":"info","message":"GET /general/read - 200","timestamp":"2025-01-25T06:48:03.178Z"}
{"level":"info","message":"GET /1 - 200","timestamp":"2025-01-25T06:50:01.866Z"}
{"level":"info","message":"GET /sell-kg/read/679457d11672bac5fd74b78d - 200","timestamp":"2025-01-25T06:50:01.937Z"}
{"level":"info","message":"GET /1 - 200","timestamp":"2025-01-25T06:50:16.926Z"}
{"level":"info","message":"GET /sell-kg/read/679457d11672bac5fd74b78d - 200","timestamp":"2025-01-25T06:50:17.466Z"}
{"level":"info","message":"GET /general/read - 200","timestamp":"2025-01-25T06:54:46.332Z"}
{"level":"info","message":"GET /general/read - 200","timestamp":"2025-01-25T06:57:04.681Z"}
{"level":"info","message":"GET /sell-kg/read/679457d11672bac5fd74b78d - 200","timestamp":"2025-01-25T06:57:40.789Z"}
{"level":"info","message":"GET /1 - 200","timestamp":"2025-01-25T06:57:40.950Z"}
{"level":"info","message":"GET /general/read - 200","timestamp":"2025-01-25T06:58:58.635Z"}
{"level":"info","message":"GET /1 - 200","timestamp":"2025-01-25T06:59:00.609Z"}
{"level":"info","message":"GET /sell-kg/read/679457d11672bac5fd74b78d - 200","timestamp":"2025-01-25T06:59:00.671Z"}
{"level":"info","message":"GET /general/read - 200","timestamp":"2025-01-25T06:59:01.033Z"}
{"level":"info","message":"GET /general/read - 200","timestamp":"2025-01-25T07:01:14.702Z"}
{"level":"info","message":"GET /general/read - 200","timestamp":"2025-01-25T07:01:21.149Z"}
{"level":"info","message":"GET /general/read - 200","timestamp":"2025-01-25T07:01:51.163Z"}
{"level":"info","message":"GET /general/read - 200","timestamp":"2025-01-25T07:02:28.129Z"}
{"level":"info","message":"GET /general/read - 200","timestamp":"2025-01-25T07:03:17.417Z"}
{"level":"info","message":"GET /admin-dashboard/showAllAgencyInAdmin - 200","timestamp":"2025-01-25T07:41:08.594Z"}
{"level":"info","message":"GET /general/read - 200","timestamp":"2025-01-25T07:41:11.010Z"}
{"level":"info","message":"GET /admin-dashboard/showAllAgencyInAdmin - 200","timestamp":"2025-01-25T07:41:13.074Z"}
{"level":"info","message":"GET /admin-dashboard/showAllUserInAdmin? - 200","timestamp":"2025-01-25T07:41:14.138Z"}
{"level":"info","message":"GET /admin-dashboard/showAllUserInAdmin? - 200","timestamp":"2025-01-25T07:41:14.867Z"}
{"level":"info","message":"GET /admin-dashboard/showAllUserInAdmin? - 200","timestamp":"2025-01-25T07:41:15.696Z"}
{"level":"info","message":"GET /admin-dashboard/showAllUserInAdmin? - 200","timestamp":"2025-01-25T07:41:16.249Z"}
{"level":"info","message":"GET /admin-dashboard/showAllAgencyInAdmin - 200","timestamp":"2025-01-25T07:41:16.367Z"}
{"level":"info","message":"GET /admin-dashboard/showAllUserInAdmin? - 200","timestamp":"2025-01-25T07:41:16.839Z"}
{"level":"info","message":"GET /platform/read - 200","timestamp":"2025-01-25T07:41:20.618Z"}
{"level":"info","message":"GET /promo-code/read - 200","timestamp":"2025-01-25T07:41:21.272Z"}
{"level":"info","message":"GET /subscription/read - 200","timestamp":"2025-01-25T07:41:21.907Z"}
{"level":"info","message":"GET /general/read - 200","timestamp":"2025-01-25T07:41:47.768Z"}
{"level":"info","message":"PATCH /auth/reset-passs/[object%20Object] - 200","timestamp":"2025-01-25T07:59:07.851Z"}
{"level":"info","message":"POST /auth/login - 200","timestamp":"2025-01-25T07:59:19.959Z"}
{"level":"info","message":"POST /auth/login - 200","timestamp":"2025-01-25T07:59:28.711Z"}
{"level":"info","message":"POST /auth/login - 200","timestamp":"2025-01-25T07:59:41.099Z"}
{"level":"info","message":"POST /auth/login - 200","timestamp":"2025-01-25T07:59:56.353Z"}
{"level":"info","message":"POST /auth/login - 200","timestamp":"2025-01-25T08:00:04.197Z"}
{"level":"info","message":"GET /admin-dashboard/showAllAgencyInAdmin - 200","timestamp":"2025-01-25T08:00:04.515Z"}
{"level":"info","message":"GET /general/read - 200","timestamp":"2025-01-25T08:08:04.429Z"}
{"level":"info","message":"GET /subscription/read - 200","timestamp":"2025-01-25T08:08:08.221Z"}
{"level":"info","message":"PATCH /auth/reset-passs/[object%20Object] - 200","timestamp":"2025-01-25T08:12:00.197Z"}
{"level":"info","message":"PATCH /auth/reset-passs/[object%20Object] - 200","timestamp":"2025-01-25T08:13:07.056Z"}
{"level":"info","message":"PATCH /auth/reset-passs/[object%20Object] - 200","timestamp":"2025-01-25T08:13:45.115Z"}
{"level":"info","message":"PATCH /auth/reset-passs/[object%20Object] - 200","timestamp":"2025-01-25T08:14:12.040Z"}
{"level":"info","message":"PATCH /auth/reset-passs/[object%20Object] - 200","timestamp":"2025-01-25T08:14:16.861Z"}
{"level":"info","message":"PATCH /auth/reset-passs/[object%20Object] - 200","timestamp":"2025-01-25T08:14:30.177Z"}
{"level":"info","message":"PATCH /auth/reset-passs/[object%20Object] - 200","timestamp":"2025-01-25T08:14:43.692Z"}
{"level":"info","message":"PATCH /auth/reset-passs/[object%20Object] - 200","timestamp":"2025-01-25T08:15:08.282Z"}
{"level":"info","message":"GET /1 - 200","timestamp":"2025-01-25T08:36:24.075Z"}
{"level":"info","message":"GET /sell-kg/read/679457d11672bac5fd74b78d - 200","timestamp":"2025-01-25T08:36:24.649Z"}
{"level":"info","message":"PATCH /auth/reset-passs/undefined - 200","timestamp":"2025-01-25T08:37:52.211Z"}
{"level":"info","message":"PATCH /auth/reset-passs/undefined - 200","timestamp":"2025-01-25T08:38:50.893Z"}
{"level":"info","message":"PATCH /auth/reset-passs/undefined - 200","timestamp":"2025-01-25T08:41:25.853Z"}
{"level":"info","message":"PATCH /auth/reset-passs/undefined - 200","timestamp":"2025-01-25T08:42:25.349Z"}
{"level":"info","message":"PATCH /auth/reset-passs/undefined - 200","timestamp":"2025-01-25T08:42:26.581Z"}
{"level":"info","message":"PATCH /auth/reset-passs/undefined - 200","timestamp":"2025-01-25T08:43:16.028Z"}
{"level":"info","message":"PATCH /auth/reset-passs/undefined - 200","timestamp":"2025-01-25T08:43:17.856Z"}
{"level":"info","message":"PATCH /auth/reset-passs/undefined - 200","timestamp":"2025-01-25T08:44:01.048Z"}
{"level":"info","message":"PATCH /auth/reset-passs/undefined - 200","timestamp":"2025-01-25T08:44:39.031Z"}
{"level":"info","message":"PATCH /auth/reset-passs/undefined - 200","timestamp":"2025-01-25T08:44:57.469Z"}
{"level":"info","message":"PATCH /auth/reset-passs/undefined - 200","timestamp":"2025-01-25T08:46:03.721Z"}
{"level":"info","message":"PATCH /auth/reset-passs/undefined - 200","timestamp":"2025-01-25T08:46:37.733Z"}
{"level":"info","message":"POST /auth/reset-passs/678dcf5d777814e797e92ead - 200","timestamp":"2025-01-25T08:48:18.857Z"}
{"level":"info","message":"POST /auth/login - 200","timestamp":"2025-01-25T08:48:26.895Z"}
{"level":"info","message":"POST /auth/reset-passs/678dcf5d777814e797e92ead - 200","timestamp":"2025-01-25T08:48:51.866Z"}
{"level":"info","message":"POST /auth/reset-passs/678dcf5d777814e797e92ead - 200","timestamp":"2025-01-25T08:49:01.068Z"}
{"level":"info","message":"POST /auth/reset-passs/678dcf5d777814e797e92ead - 200","timestamp":"2025-01-25T08:50:02.457Z"}
{"level":"info","message":"POST /auth/reset-passs/678dcf5d777814e797e92ead - 200","timestamp":"2025-01-25T08:50:25.114Z"}
{"level":"info","message":"POST /auth/reset-passs/678dcf5d777814e797e92ead - 200","timestamp":"2025-01-25T08:50:52.802Z"}
{"level":"info","message":"POST /auth/reset-passs/678dcf5d777814e797e92ead - 200","timestamp":"2025-01-25T08:51:07.621Z"}
{"level":"info","message":"POST /auth/login - 200","timestamp":"2025-01-25T08:51:19.718Z"}
{"level":"info","message":"GET /admin-dashboard/showAllAgencyInAdmin - 200","timestamp":"2025-01-25T08:51:20.024Z"}
{"level":"info","message":"POST /auth/login - 200","timestamp":"2025-01-25T08:53:10.937Z"}
{"level":"info","message":"GET /admin-dashboard/showAllAgencyInAdmin - 200","timestamp":"2025-01-25T08:53:11.244Z"}
{"level":"info","message":"GET /sell-kg/read/679457d11672bac5fd74b78d - 200","timestamp":"2025-01-25T08:53:28.911Z"}
{"level":"info","message":"GET /1 - 200","timestamp":"2025-01-25T08:53:31.392Z"}
{"level":"info","message":"GET /uploads/users/user-1737631884472.png - 200","timestamp":"2025-01-25T08:53:46.443Z"}
{"level":"info","message":"GET /general/read - 200","timestamp":"2025-01-25T08:54:30.988Z"}
{"level":"info","message":"GET /promo-code/read - 200","timestamp":"2025-01-25T08:54:38.404Z"}
{"level":"info","message":"POST /promo-code/create - 200","timestamp":"2025-01-25T08:55:16.662Z"}
{"level":"info","message":"GET /platform/read - 200","timestamp":"2025-01-25T08:55:21.162Z"}
{"level":"info","message":"GET /promo-code/read - 200","timestamp":"2025-01-25T08:56:02.978Z"}
{"level":"info","message":"GET /promo-code/read - 200","timestamp":"2025-01-25T08:57:22.517Z"}
{"level":"info","message":"POST /auth/register - 200","timestamp":"2025-01-25T08:59:05.126Z"}
{"level":"info","message":"GET /promo-code/read - 200","timestamp":"2025-01-25T08:59:51.014Z"}
{"level":"info","message":"PATCH /auth/update/6794a7d9cd86cf6efe6b5d0f - 200","timestamp":"2025-01-25T09:00:01.507Z"}
{"level":"info","message":"POST /auth/login - 200","timestamp":"2025-01-25T09:00:49.157Z"}
{"level":"info","message":"GET /1 - 200","timestamp":"2025-01-25T09:00:50.249Z"}
{"level":"info","message":"PUT /update/6791fa1af7c44882e217c4bc - 200","timestamp":"2025-01-25T09:01:05.390Z"}
{"level":"info","message":"PUT /update/6791fa1af7c44882e217c4bc - 200","timestamp":"2025-01-25T09:01:12.183Z"}
{"level":"info","message":"GET /sell-kg/read/679457d11672bac5fd74b78d - 200","timestamp":"2025-01-25T09:02:04.531Z"}
{"level":"info","message":"GET /platform/read - 200","timestamp":"2025-01-25T09:02:43.460Z"}
{"level":"info","message":"GET /general/read - 200","timestamp":"2025-01-25T09:02:45.132Z"}
{"level":"info","message":"GET /sell-kg/read/679457d11672bac5fd74b78d - 200","timestamp":"2025-01-25T09:03:12.500Z"}
{"level":"info","message":"GET /general/read - 200","timestamp":"2025-01-25T09:03:13.101Z"}
{"level":"info","message":"GET /general/read - 200","timestamp":"2025-01-25T09:06:41.420Z"}
{"level":"info","message":"GET /1 - 200","timestamp":"2025-01-25T09:07:39.625Z"}
{"level":"info","message":"GET /sell-kg/read/679457d11672bac5fd74b78d - 200","timestamp":"2025-01-25T09:07:41.007Z"}
{"level":"info","message":"GET /uploads/users/user-1737795601514.png - 200","timestamp":"2025-01-25T09:07:57.211Z"}
{"level":"info","message":"GET /1 - 200","timestamp":"2025-01-25T09:16:45.225Z"}
{"level":"info","message":"GET /general/read - 200","timestamp":"2025-01-25T09:17:34.110Z"}
{"level":"info","message":"GET /general/read - 200","timestamp":"2025-01-25T09:17:50.585Z"}
{"level":"info","message":"GET /sell-kg/read/679457d11672bac5fd74b78d - 200","timestamp":"2025-01-25T09:18:46.759Z"}
{"level":"info","message":"GET /sell-kg/read/679457d11672bac5fd74b78d - 200","timestamp":"2025-01-25T09:19:57.312Z"}
{"level":"info","message":"GET /general/read - 200","timestamp":"2025-01-25T09:21:52.762Z"}
{"level":"info","message":"PATCH /auth/update/6794a7d9cd86cf6efe6b5d0f - 200","timestamp":"2025-01-25T09:22:12.280Z"}
{"level":"info","message":"PATCH /auth/update/6794a7d9cd86cf6efe6b5d0f - 200","timestamp":"2025-01-25T09:22:23.287Z"}
{"level":"info","message":"PATCH /auth/update/6794a7d9cd86cf6efe6b5d0f - 200","timestamp":"2025-01-25T09:22:33.789Z"}
{"level":"info","message":"GET /general/read - 200","timestamp":"2025-01-25T09:22:46.513Z"}
{"level":"info","message":"GET /general/read - 200","timestamp":"2025-01-25T09:22:49.666Z"}
{"level":"info","message":"GET /general/read - 200","timestamp":"2025-01-25T09:22:50.752Z"}
{"level":"info","message":"GET /general/read - 200","timestamp":"2025-01-25T09:22:55.207Z"}
{"level":"info","message":"GET /general/read - 200","timestamp":"2025-01-25T09:23:27.884Z"}
{"level":"info","message":"PATCH /auth/update/6794a7d9cd86cf6efe6b5d0f - 200","timestamp":"2025-01-25T09:24:40.481Z"}
{"level":"info","message":"GET /general/read - 200","timestamp":"2025-01-25T09:25:21.800Z"}
{"level":"info","message":"PATCH /auth/update/6794a7d9cd86cf6efe6b5d0f - 200","timestamp":"2025-01-25T09:25:51.381Z"}
{"level":"info","message":"GET /general/read - 200","timestamp":"2025-01-25T09:26:12.144Z"}
{"level":"info","message":"GET /general/read - 200","timestamp":"2025-01-25T09:26:16.065Z"}
{"level":"info","message":"GET /sell-kg/read/679457d11672bac5fd74b78d - 200","timestamp":"2025-01-25T09:26:31.344Z"}
{"level":"info","message":"GET /uploads/users/user-1737795601514.png - 200","timestamp":"2025-01-25T09:29:59.295Z"}
{"level":"info","message":"GET /general/read - 200","timestamp":"2025-01-25T09:30:50.310Z"}
{"level":"info","message":"GET /general/read - 200","timestamp":"2025-01-25T09:30:52.927Z"}
{"level":"info","message":"GET /general/read - 200","timestamp":"2025-01-25T09:31:07.601Z"}
{"level":"info","message":"GET /general/read - 200","timestamp":"2025-01-25T09:31:10.662Z"}
{"level":"info","message":"GET /general/read - 200","timestamp":"2025-01-25T09:32:27.159Z"}
{"level":"info","message":"PATCH /auth/update/6794a7d9cd86cf6efe6b5d0f - 200","timestamp":"2025-01-25T09:32:40.108Z"}
{"level":"info","message":"PATCH /auth/update/6794a7d9cd86cf6efe6b5d0f - 200","timestamp":"2025-01-25T09:32:56.038Z"}
{"level":"info","message":"PATCH /auth/update/6794a7d9cd86cf6efe6b5d0f - 200","timestamp":"2025-01-25T09:33:50.698Z"}
{"level":"info","message":"PATCH /auth/update/6794a7d9cd86cf6efe6b5d0f - 200","timestamp":"2025-01-25T09:34:12.344Z"}
{"level":"info","message":"GET /uploads/users/1307940-1737797151392.png - 200","timestamp":"2025-01-25T09:34:20.477Z"}
{"level":"info","message":"PATCH /general/update - 200","timestamp":"2025-01-25T09:35:55.627Z"}
{"level":"info","message":"PATCH /general/update - 200","timestamp":"2025-01-25T09:36:29.486Z"}
{"level":"info","message":"PATCH /auth/update/6794a7d9cd86cf6efe6b5d0f - 200","timestamp":"2025-01-25T09:38:24.219Z"}
{"level":"info","message":"PATCH /auth/update/6794a7d9cd86cf6efe6b5d0f - 200","timestamp":"2025-01-25T09:38:58.618Z"}
{"level":"info","message":"GET /uploads/users/user-1737797938620.png - 200","timestamp":"2025-01-25T09:39:06.499Z"}
{"level":"info","message":"PATCH /general/update - 200","timestamp":"2025-01-25T09:40:36.587Z"}
{"level":"info","message":"PATCH /general/update - 200","timestamp":"2025-01-25T09:41:06.198Z"}
{"level":"info","message":"GET /general/read - 200","timestamp":"2025-01-25T09:41:13.828Z"}
{"level":"info","message":"GET /general/read - 200","timestamp":"2025-01-25T09:41:56.570Z"}
{"level":"info","message":"GET /general/read - 200","timestamp":"2025-01-25T09:43:46.640Z"}
{"level":"info","message":"GET /uploads/PlatformLogo/logo2-1737798066201.png - 200","timestamp":"2025-01-25T09:44:32.801Z"}
{"level":"info","message":"GET /favicon.ico - 200","timestamp":"2025-01-25T09:44:33.110Z"}
{"level":"info","message":"GET /uploads/PlatformLogo/logo2-1737798066201.png - 200","timestamp":"2025-01-25T09:45:32.521Z"}
{"level":"info","message":"PATCH /general/update - 200","timestamp":"2025-01-25T09:48:49.728Z"}
{"level":"info","message":"PATCH /general/update - 200","timestamp":"2025-01-25T09:50:37.728Z"}
{"level":"info","message":"PATCH /general/update - 200","timestamp":"2025-01-25T09:50:50.628Z"}
{"level":"info","message":"PATCH /general/update - 200","timestamp":"2025-01-25T09:51:42.125Z"}
{"level":"info","message":"PATCH /general/update - 200","timestamp":"2025-01-25T09:51:44.729Z"}
{"level":"info","message":"PATCH /general/update - 200","timestamp":"2025-01-25T09:51:46.048Z"}
