{"level":"info","message":"POST /sell-kg/create - 200","timestamp":"2025-01-23T03:11:39.960Z"}
{"level":"info","message":"POST /sell-kg/create - 200","timestamp":"2025-01-23T03:12:39.443Z"}
{"level":"info","message":"POST /sell-kg/create - 200","timestamp":"2025-01-23T03:14:22.054Z"}
{"level":"info","message":"POST /sell-kg/create - 200","timestamp":"2025-01-23T03:22:59.617Z"}
{"level":"info","message":"POST /sell-kg/create - 200","timestamp":"2025-01-23T03:24:30.561Z"}
{"level":"info","message":"POST /sell-kg/create - 200","timestamp":"2025-01-23T03:25:06.450Z"}
{"level":"info","message":"POST /sell-kg/create - 200","timestamp":"2025-01-23T03:26:46.145Z"}
{"level":"info","message":"POST /sell-kg/create - 200","timestamp":"2025-01-23T03:28:17.252Z"}
{"level":"info","message":"POST /sell-kg/create - 200","timestamp":"2025-01-23T03:29:37.719Z"}
{"level":"info","message":"POST /sell-kg/create - 200","timestamp":"2025-01-23T03:30:58.941Z"}
{"level":"info","message":"POST /sell-kg/create - 200","timestamp":"2025-01-23T03:31:44.757Z"}
{"level":"info","message":"POST /auth/login - 200","timestamp":"2025-01-23T03:31:49.265Z"}
{"level":"info","message":"POST /auth/login - 200","timestamp":"2025-01-23T03:31:54.733Z"}
{"level":"info","message":"GET /admin-dashboard/showAllAgencyInAdmin - 200","timestamp":"2025-01-23T03:31:55.107Z"}
{"level":"info","message":"POST /auth/login - 200","timestamp":"2025-01-23T03:32:01.629Z"}
{"level":"info","message":"POST /sell-kg/create - 200","timestamp":"2025-01-23T03:32:14.024Z"}
{"level":"info","message":"POST /sell-kg/create - 200","timestamp":"2025-01-23T03:32:19.390Z"}
{"level":"info","message":"POST /sell-kg/create - 200","timestamp":"2025-01-23T03:38:12.232Z"}
{"level":"info","message":"POST /sell-kg/create - 200","timestamp":"2025-01-23T03:39:23.693Z"}
{"level":"info","message":"POST /sell-kg/create - 200","timestamp":"2025-01-23T03:42:10.043Z"}
{"level":"info","message":"POST /sell-kg/create - 200","timestamp":"2025-01-23T03:42:13.857Z"}
{"level":"info","message":"POST /sell-kg/create - 200","timestamp":"2025-01-23T03:44:49.877Z"}
{"level":"info","message":"POST /sell-kg/create - 200","timestamp":"2025-01-23T03:44:58.326Z"}
{"level":"info","message":"POST /sell-kg/create - 200","timestamp":"2025-01-23T03:46:03.907Z"}
{"level":"info","message":"POST /sell-kg/create - 200","timestamp":"2025-01-23T03:46:51.986Z"}
{"level":"info","message":"POST /platform/create - 200","timestamp":"2025-01-23T03:48:29.228Z"}
{"level":"info","message":"POST /platform/create - 200","timestamp":"2025-01-23T03:49:04.316Z"}
{"level":"info","message":"POST /platform/create - 200","timestamp":"2025-01-23T03:49:20.505Z"}
{"level":"info","message":"POST /auth/login - 200","timestamp":"2025-01-23T03:51:40.930Z"}
{"level":"info","message":"GET /admin-dashboard/showAllAgencyInAdmin - 200","timestamp":"2025-01-23T03:51:41.745Z"}
{"level":"info","message":"POST /sell-kg/create - 200","timestamp":"2025-01-23T03:52:39.756Z"}
{"level":"info","message":"POST /auth/login - 200","timestamp":"2025-01-23T03:52:53.668Z"}
{"level":"info","message":"POST /sell-kg/create - 200","timestamp":"2025-01-23T03:53:09.335Z"}
{"level":"info","message":"POST /platform/create - 200","timestamp":"2025-01-23T03:53:22.589Z"}
{"level":"info","message":"POST /sell-kg/create - 200","timestamp":"2025-01-23T03:53:39.975Z"}
{"level":"info","message":"POST /sell-kg/create - 200","timestamp":"2025-01-23T03:53:40.954Z"}
{"level":"info","message":"POST /sell-kg/create - 200","timestamp":"2025-01-23T03:54:33.630Z"}
{"level":"info","message":"POST /sell-kg/create - 200","timestamp":"2025-01-23T03:54:44.682Z"}
{"level":"info","message":"POST /sell-kg/create - 200","timestamp":"2025-01-23T03:54:54.259Z"}
{"level":"info","message":"POST /sell-kg/create - 200","timestamp":"2025-01-23T03:55:16.855Z"}
{"level":"info","message":"POST /sell-kg/create - 200","timestamp":"2025-01-23T03:55:37.051Z"}
{"level":"info","message":"POST /sell-kg/create - 200","timestamp":"2025-01-23T03:56:33.239Z"}
{"level":"info","message":"POST /sell-kg/create - 200","timestamp":"2025-01-23T03:56:37.826Z"}
{"level":"info","message":"POST /sell-kg/create - 200","timestamp":"2025-01-23T03:56:56.092Z"}
{"level":"info","message":"POST /sell-kg/create - 200","timestamp":"2025-01-23T03:57:16.019Z"}
{"level":"info","message":"POST /auth/login - 200","timestamp":"2025-01-23T04:02:06.331Z"}
{"level":"info","message":"GET /admin-dashboard/showAllAgencyInAdmin - 200","timestamp":"2025-01-23T04:02:06.892Z"}
{"level":"info","message":"POST /platform/create - 200","timestamp":"2025-01-23T04:06:11.015Z"}
{"level":"info","message":"POST /platform/create - 200","timestamp":"2025-01-23T04:06:31.554Z"}
{"level":"info","message":"POST /sell-kg/create - 200","timestamp":"2025-01-23T04:28:19.094Z"}
{"level":"info","message":"GET /admin-dashboard/showAllAgencyInAdmin - 200","timestamp":"2025-01-23T04:32:05.349Z"}
{"level":"info","message":"GET /platform/read - 200","timestamp":"2025-01-23T04:36:43.054Z"}
{"level":"info","message":"POST /auth/login - 200","timestamp":"2025-01-23T04:38:03.349Z"}
{"level":"info","message":"GET /platform/read - 200","timestamp":"2025-01-23T04:38:26.913Z"}
{"level":"info","message":"GET /admin-dashboard/showAllAgencyInAdmin - 200","timestamp":"2025-01-23T04:55:01.231Z"}
{"level":"info","message":"GET /admin-dashboard/showAllUserInAdmin? - 200","timestamp":"2025-01-23T04:55:18.343Z"}
{"level":"info","message":"GET /admin-dashboard/showAllUserInAdmin? - 200","timestamp":"2025-01-23T04:55:30.198Z"}
{"level":"info","message":"GET /admin-dashboard/showAllAgencyInAdmin - 200","timestamp":"2025-01-23T04:55:38.316Z"}
{"level":"info","message":"GET /admin-dashboard/showAllAgencyInAdmin - 200","timestamp":"2025-01-23T04:55:50.273Z"}
{"level":"info","message":"GET /admin-dashboard/showAllUserInAdmin? - 200","timestamp":"2025-01-23T04:55:52.586Z"}
{"level":"info","message":"GET /admin-dashboard/showAllUserInAdmin? - 200","timestamp":"2025-01-23T04:55:54.579Z"}
{"level":"info","message":"GET /admin-dashboard/showAllAgencyInAdmin - 200","timestamp":"2025-01-23T04:55:54.582Z"}
{"level":"info","message":"GET /admin-dashboard/showAllUserInAdmin? - 200","timestamp":"2025-01-23T04:55:57.002Z"}
{"level":"info","message":"GET /admin-dashboard/showAllUserInAdmin? - 200","timestamp":"2025-01-23T04:56:04.425Z"}
{"level":"info","message":"GET /admin-dashboard/showAllUserInAdmin? - 200","timestamp":"2025-01-23T04:56:05.385Z"}
{"level":"info","message":"GET /admin-dashboard/showAllAgencyInAdmin - 200","timestamp":"2025-01-23T04:56:05.511Z"}
{"level":"info","message":"GET /admin-dashboard/showAllAgencyInAdmin - 200","timestamp":"2025-01-23T04:56:11.429Z"}
{"level":"info","message":"GET /admin-dashboard/showAllUserInAdmin? - 200","timestamp":"2025-01-23T04:56:22.057Z"}
{"level":"info","message":"GET /admin-dashboard/showAllUserInAdmin? - 200","timestamp":"2025-01-23T04:56:53.010Z"}
{"level":"info","message":"GET /admin-dashboard/showAllAgencyInAdmin - 200","timestamp":"2025-01-23T04:56:53.017Z"}
{"level":"info","message":"GET /admin-dashboard/showAllAgencyInAdmin - 200","timestamp":"2025-01-23T04:57:06.207Z"}
{"level":"info","message":"POST /sell-kg/create - 200","timestamp":"2025-01-23T05:07:32.875Z"}
{"level":"info","message":"GET /admin-dashboard/showAllAgencyInAdmin - 200","timestamp":"2025-01-23T05:09:46.854Z"}
{"level":"info","message":"GET /platform/read - 200","timestamp":"2025-01-23T05:09:50.209Z"}
{"level":"info","message":"GET /platform/read - 200","timestamp":"2025-01-23T05:09:52.988Z"}
{"level":"info","message":"POST /sell-kg/create - 200","timestamp":"2025-01-23T05:09:54.884Z"}
{"level":"info","message":"PATCH /platform/update - 200","timestamp":"2025-01-23T05:10:14.457Z"}
{"level":"info","message":"POST /sell-kg/create - 200","timestamp":"2025-01-23T05:11:39.436Z"}
{"level":"info","message":"GET /platform/read - 200","timestamp":"2025-01-23T05:12:05.757Z"}
{"level":"info","message":"POST /sell-kg/create - 200","timestamp":"2025-01-23T05:12:44.828Z"}
{"level":"info","message":"POST /sell-kg/create - 200","timestamp":"2025-01-23T05:13:58.264Z"}
{"level":"info","message":"POST /sell-kg/create - 200","timestamp":"2025-01-23T05:15:45.245Z"}
{"level":"info","message":"GET /platform/read - 200","timestamp":"2025-01-23T05:16:10.086Z"}
{"level":"info","message":"GET /platform/read - 200","timestamp":"2025-01-23T05:16:14.006Z"}
{"level":"info","message":"GET /platform/read - 200","timestamp":"2025-01-23T05:16:17.035Z"}
{"level":"info","message":"GET /platform/read - 200","timestamp":"2025-01-23T05:17:14.759Z"}
{"level":"info","message":"GET /platform/read - 200","timestamp":"2025-01-23T05:17:15.735Z"}
{"level":"info","message":"GET /platform/read - 200","timestamp":"2025-01-23T05:21:27.081Z"}
{"level":"info","message":"GET /platform/read - 200","timestamp":"2025-01-23T05:21:28.644Z"}
{"level":"info","message":"PATCH /platform/update - 200","timestamp":"2025-01-23T05:21:36.029Z"}
{"level":"info","message":"PATCH /platform/update - 200","timestamp":"2025-01-23T05:22:09.232Z"}
{"level":"info","message":"GET /platform/read - 200","timestamp":"2025-01-23T05:22:49.112Z"}
{"level":"info","message":"PATCH /platform/update - 200","timestamp":"2025-01-23T05:26:49.172Z"}
{"level":"info","message":"PATCH /platform/update - 200","timestamp":"2025-01-23T05:27:25.244Z"}
{"level":"info","message":"PATCH /platform/update - 200","timestamp":"2025-01-23T05:27:32.080Z"}
{"level":"info","message":"GET /platform/read - 200","timestamp":"2025-01-23T05:30:38.525Z"}
{"level":"info","message":"GET /platform/read - 200","timestamp":"2025-01-23T05:30:40.705Z"}
{"level":"info","message":"PATCH /platform/update - 200","timestamp":"2025-01-23T05:31:07.432Z"}
{"level":"info","message":"GET /platform/read - 200","timestamp":"2025-01-23T05:32:42.094Z"}
{"level":"info","message":"GET /platform/read - 200","timestamp":"2025-01-23T05:33:07.141Z"}
{"level":"info","message":"PATCH /platform/update - 200","timestamp":"2025-01-23T05:33:15.775Z"}
{"level":"info","message":"GET /platform/read - 200","timestamp":"2025-01-23T05:36:00.405Z"}
{"level":"info","message":"GET /platform/read - 200","timestamp":"2025-01-23T05:36:02.724Z"}
{"level":"info","message":"GET /platform/read - 200","timestamp":"2025-01-23T05:36:27.048Z"}
{"level":"info","message":"GET /platform/read - 200","timestamp":"2025-01-23T05:38:14.990Z"}
{"level":"info","message":"GET /platform/read - 200","timestamp":"2025-01-23T05:38:17.126Z"}
{"level":"info","message":"GET /platform/read - 200","timestamp":"2025-01-23T05:38:28.066Z"}
{"level":"info","message":"GET /platform/read - 200","timestamp":"2025-01-23T05:38:49.678Z"}
{"level":"info","message":"GET /platform/read - 200","timestamp":"2025-01-23T05:38:50.775Z"}
{"level":"info","message":"GET /admin-dashboard/showAllAgencyInAdmin - 200","timestamp":"2025-01-23T05:39:04.976Z"}
{"level":"info","message":"GET /admin-dashboard/showAllAgencyInAdmin - 200","timestamp":"2025-01-23T05:39:12.440Z"}
{"level":"info","message":"GET /platform/read - 200","timestamp":"2025-01-23T05:39:14.808Z"}
{"level":"info","message":"GET /platform/read - 200","timestamp":"2025-01-23T05:39:19.198Z"}
{"level":"info","message":"GET /platform/read - 200","timestamp":"2025-01-23T05:40:42.527Z"}
{"level":"info","message":"GET /platform/read - 200","timestamp":"2025-01-23T05:40:43.821Z"}
{"level":"info","message":"GET /platform/read - 200","timestamp":"2025-01-23T05:40:45.299Z"}
{"level":"info","message":"GET /platform/read - 200","timestamp":"2025-01-23T05:40:45.913Z"}
{"level":"info","message":"GET /platform/read - 200","timestamp":"2025-01-23T05:40:46.271Z"}
{"level":"info","message":"GET /platform/read - 200","timestamp":"2025-01-23T05:40:51.609Z"}
{"level":"info","message":"POST /sell-kg/search - 200","timestamp":"2025-01-23T05:44:50.508Z"}
{"level":"info","message":"POST /auth/login - 200","timestamp":"2025-01-23T05:45:15.408Z"}
{"level":"info","message":"POST /sell-kg/search - 200","timestamp":"2025-01-23T05:45:29.760Z"}
{"level":"info","message":"POST /sell-kg/search - 200","timestamp":"2025-01-23T05:45:37.632Z"}
{"level":"info","message":"GET /platform/read - 200","timestamp":"2025-01-23T05:46:53.131Z"}
{"level":"info","message":"GET /platform/read - 200","timestamp":"2025-01-23T05:46:55.081Z"}
{"level":"info","message":"GET /platform/read - 200","timestamp":"2025-01-23T05:46:55.961Z"}
{"level":"info","message":"GET /platform/read - 200","timestamp":"2025-01-23T05:46:56.331Z"}
{"level":"info","message":"GET /platform/read - 200","timestamp":"2025-01-23T05:46:56.698Z"}
{"level":"info","message":"GET /platform/read - 200","timestamp":"2025-01-23T05:46:57.061Z"}
{"level":"info","message":"GET /platform/read - 200","timestamp":"2025-01-23T05:46:57.181Z"}
{"level":"info","message":"GET /platform/read - 200","timestamp":"2025-01-23T05:46:57.505Z"}
{"level":"info","message":"GET /platform/read - 200","timestamp":"2025-01-23T05:47:51.931Z"}
{"level":"info","message":"GET /platform/read - 200","timestamp":"2025-01-23T05:47:54.441Z"}
{"level":"info","message":"GET /platform/read - 200","timestamp":"2025-01-23T05:47:56.760Z"}
{"level":"info","message":"GET /platform/read - 200","timestamp":"2025-01-23T05:48:23.983Z"}
{"level":"info","message":"GET /platform/read - 200","timestamp":"2025-01-23T05:48:25.385Z"}
{"level":"info","message":"GET /platform/read - 200","timestamp":"2025-01-23T05:48:26.378Z"}
{"level":"info","message":"GET /platform/read - 200","timestamp":"2025-01-23T05:48:27.072Z"}
{"level":"info","message":"GET /platform/read - 200","timestamp":"2025-01-23T05:48:27.679Z"}
{"level":"info","message":"GET /platform/read - 200","timestamp":"2025-01-23T05:48:28.305Z"}
{"level":"info","message":"GET /platform/read - 200","timestamp":"2025-01-23T05:48:28.592Z"}
{"level":"info","message":"GET /platform/read - 200","timestamp":"2025-01-23T05:48:29.057Z"}
{"level":"info","message":"GET /platform/read - 200","timestamp":"2025-01-23T05:48:57.651Z"}
{"level":"info","message":"GET /platform/read - 200","timestamp":"2025-01-23T05:49:29.480Z"}
{"level":"info","message":"GET /platform/read - 200","timestamp":"2025-01-23T05:49:34.612Z"}
{"level":"info","message":"GET /platform/read - 200","timestamp":"2025-01-23T05:49:38.272Z"}
{"level":"info","message":"GET /platform/read - 200","timestamp":"2025-01-23T05:50:24.563Z"}
{"level":"info","message":"GET /platform/read - 200","timestamp":"2025-01-23T05:50:25.540Z"}
{"level":"info","message":"GET /platform/read - 200","timestamp":"2025-01-23T05:50:37.426Z"}
{"level":"info","message":"GET /platform/read - 200","timestamp":"2025-01-23T05:51:00.301Z"}
{"level":"info","message":"GET /platform/read - 200","timestamp":"2025-01-23T05:52:51.726Z"}
{"level":"info","message":"GET /platform/read - 200","timestamp":"2025-01-23T05:53:18.941Z"}
{"level":"info","message":"GET /platform/read - 200","timestamp":"2025-01-23T05:53:25.505Z"}
{"level":"info","message":"POST /sell-kg/search - 200","timestamp":"2025-01-23T05:54:32.656Z"}
{"level":"info","message":"GET /chat/messages/6788e348a04e8c59a30681e3/6788e56a9eb7138ceabb4c25 - 200","timestamp":"2025-01-23T05:56:24.375Z"}
{"level":"info","message":"POST /chat/send-message - 200","timestamp":"2025-01-23T05:56:28.771Z"}
{"level":"info","message":"POST /chat/send-message - 200","timestamp":"2025-01-23T05:56:39.392Z"}
{"level":"info","message":"GET /platform/read - 200","timestamp":"2025-01-23T05:59:39.766Z"}
{"level":"info","message":"GET /platform/read - 200","timestamp":"2025-01-23T06:00:23.343Z"}
{"level":"info","message":"GET /platform/read - 200","timestamp":"2025-01-23T06:00:25.035Z"}
{"level":"info","message":"GET /platform/read - 200","timestamp":"2025-01-23T06:00:29.129Z"}
{"level":"info","message":"GET /platform/read - 200","timestamp":"2025-01-23T06:00:38.530Z"}
{"level":"info","message":"GET /platform/read - 200","timestamp":"2025-01-23T06:03:41.032Z"}
{"level":"info","message":"GET /platform/read - 200","timestamp":"2025-01-23T06:03:47.217Z"}
{"level":"info","message":"PATCH /platform/update - 200","timestamp":"2025-01-23T06:03:51.261Z"}
{"level":"info","message":"PATCH /platform/update - 200","timestamp":"2025-01-23T06:04:04.623Z"}
{"level":"info","message":"GET /platform/read - 200","timestamp":"2025-01-23T06:04:11.672Z"}
{"level":"info","message":"GET /platform/read - 200","timestamp":"2025-01-23T06:04:14.975Z"}
{"level":"info","message":"PATCH /platform/update - 200","timestamp":"2025-01-23T06:04:20.233Z"}
{"level":"info","message":"GET /platform/read - 200","timestamp":"2025-01-23T06:04:44.640Z"}
{"level":"info","message":"PATCH /platform/update - 200","timestamp":"2025-01-23T06:05:14.936Z"}
{"level":"info","message":"POST /sell-kg/search - 200","timestamp":"2025-01-23T06:06:24.390Z"}
{"level":"info","message":"PATCH /platform/update - 200","timestamp":"2025-01-23T06:09:02.924Z"}
{"level":"info","message":"GET /platform/read - 200","timestamp":"2025-01-23T06:12:56.302Z"}
{"level":"info","message":"GET /platform/read - 200","timestamp":"2025-01-23T06:12:59.987Z"}
{"level":"info","message":"PATCH /platform/update - 200","timestamp":"2025-01-23T06:13:08.190Z"}
{"level":"info","message":"GET /platform/read - 200","timestamp":"2025-01-23T06:13:27.066Z"}
{"level":"info","message":"GET /platform/read - 200","timestamp":"2025-01-23T06:13:34.698Z"}
{"level":"info","message":"GET /promo-code/read - 200","timestamp":"2025-01-23T06:15:57.561Z"}
{"level":"info","message":"GET /promo-code/read - 200","timestamp":"2025-01-23T06:16:26.619Z"}
{"level":"info","message":"POST /sell-kg/search/courier - 200","timestamp":"2025-01-23T06:16:53.027Z"}
{"level":"info","message":"POST /sell-kg/search/courier - 200","timestamp":"2025-01-23T06:17:29.310Z"}
{"level":"info","message":"POST /sell-kg/search - 200","timestamp":"2025-01-23T06:17:44.020Z"}
{"level":"info","message":"GET /platform/read - 200","timestamp":"2025-01-23T06:18:05.919Z"}
{"level":"info","message":"GET /platform/read - 200","timestamp":"2025-01-23T06:18:14.408Z"}
{"level":"info","message":"PATCH /platform/update - 200","timestamp":"2025-01-23T06:18:23.503Z"}
{"level":"info","message":"POST /sell-kg/search/courier - 200","timestamp":"2025-01-23T06:18:44.909Z"}
{"level":"info","message":"POST /sell-kg/search/courier - 200","timestamp":"2025-01-23T06:18:46.059Z"}
{"level":"info","message":"POST /sell-kg/search/courier - 200","timestamp":"2025-01-23T06:19:31.247Z"}
{"level":"info","message":"POST /sell-kg/search - 200","timestamp":"2025-01-23T06:27:27.538Z"}
{"level":"info","message":"POST /sell-kg/search - 200","timestamp":"2025-01-23T06:27:38.833Z"}
{"level":"info","message":"POST /sell-kg/search - 200","timestamp":"2025-01-23T06:29:04.380Z"}
{"level":"info","message":"POST /sell-kg/search - 200","timestamp":"2025-01-23T06:29:31.914Z"}
{"level":"info","message":"POST /sell-kg/search - 200","timestamp":"2025-01-23T06:30:52.291Z"}
{"level":"info","message":"POST /sell-kg/search - 200","timestamp":"2025-01-23T06:31:21.470Z"}
{"level":"info","message":"GET /promo-code/read - 200","timestamp":"2025-01-23T06:31:52.039Z"}
{"level":"info","message":"POST /sell-kg/search - 200","timestamp":"2025-01-23T06:31:53.046Z"}
{"level":"info","message":"GET /promo-code/read - 200","timestamp":"2025-01-23T06:31:57.158Z"}
{"level":"info","message":"GET /promo-code/read - 200","timestamp":"2025-01-23T06:31:58.943Z"}
{"level":"info","message":"GET /promo-code/read - 200","timestamp":"2025-01-23T06:32:00.714Z"}
{"level":"info","message":"GET /promo-code/read - 200","timestamp":"2025-01-23T06:32:01.388Z"}
{"level":"info","message":"POST /sell-kg/search - 200","timestamp":"2025-01-23T06:33:06.277Z"}
{"level":"info","message":"POST /sell-kg/search - 200","timestamp":"2025-01-23T06:33:33.435Z"}
{"level":"info","message":"POST /sell-kg/search - 200","timestamp":"2025-01-23T06:34:46.646Z"}
{"level":"info","message":"POST /sell-kg/search - 200","timestamp":"2025-01-23T06:34:55.513Z"}
{"level":"info","message":"GET /promo-code/read - 200","timestamp":"2025-01-23T06:36:06.433Z"}
{"level":"info","message":"GET /promo-code/read - 200","timestamp":"2025-01-23T06:36:08.855Z"}
{"level":"info","message":"GET /promo-code/read - 200","timestamp":"2025-01-23T06:36:10.479Z"}
{"level":"info","message":"GET /promo-code/read - 200","timestamp":"2025-01-23T06:36:48.154Z"}
{"level":"info","message":"GET /promo-code/read - 200","timestamp":"2025-01-23T06:38:17.069Z"}
{"level":"info","message":"GET /promo-code/read - 200","timestamp":"2025-01-23T06:38:23.584Z"}
{"level":"info","message":"POST /sell-kg/search - 200","timestamp":"2025-01-23T06:40:16.686Z"}
{"level":"info","message":"GET /1 - 200","timestamp":"2025-01-23T06:40:20.781Z"}
{"level":"info","message":"GET /1 - 200","timestamp":"2025-01-23T06:40:25.073Z"}
{"level":"info","message":"GET /1 - 200","timestamp":"2025-01-23T06:41:08.553Z"}
{"level":"info","message":"POST /sell-kg/search - 200","timestamp":"2025-01-23T06:44:31.942Z"}
{"level":"info","message":"POST /sell-kg/search - 200","timestamp":"2025-01-23T06:44:34.308Z"}
{"level":"info","message":"POST /sell-kg/search - 200","timestamp":"2025-01-23T06:46:06.412Z"}
{"level":"info","message":"GET /platform/read - 200","timestamp":"2025-01-23T06:48:10.981Z"}
{"level":"info","message":"GET /promo-code/read - 200","timestamp":"2025-01-23T06:48:12.604Z"}
{"level":"info","message":"POST /sell-kg/search - 200","timestamp":"2025-01-23T06:51:47.433Z"}
{"level":"info","message":"POST /sell-kg/search - 200","timestamp":"2025-01-23T06:52:02.344Z"}
{"level":"info","message":"POST /sell-kg/search/courier - 200","timestamp":"2025-01-23T06:52:31.897Z"}
{"level":"info","message":"POST /sell-kg/search - 200","timestamp":"2025-01-23T06:55:35.801Z"}
{"level":"info","message":"POST /sell-kg/search/courier - 200","timestamp":"2025-01-23T06:55:45.581Z"}
{"level":"info","message":"GET /platform/read - 200","timestamp":"2025-01-23T06:56:35.968Z"}
{"level":"info","message":"GET /promo-code/read - 200","timestamp":"2025-01-23T06:56:38.019Z"}
{"level":"info","message":"GET /platform/read - 200","timestamp":"2025-01-23T06:57:47.950Z"}
{"level":"info","message":"GET /platform/read - 200","timestamp":"2025-01-23T06:57:57.537Z"}
{"level":"info","message":"PATCH /platform/update - 200","timestamp":"2025-01-23T06:58:03.419Z"}
{"level":"info","message":"GET /promo-code/read - 200","timestamp":"2025-01-23T06:58:19.287Z"}
{"level":"info","message":"POST /promo-code/create - 200","timestamp":"2025-01-23T06:58:44.244Z"}
{"level":"info","message":"POST /promo-code/create - 200","timestamp":"2025-01-23T06:58:53.101Z"}
{"level":"info","message":"POST /sell-kg/search - 200","timestamp":"2025-01-23T07:01:49.566Z"}
{"level":"info","message":"POST /sell-kg/search - 200","timestamp":"2025-01-23T07:02:55.022Z"}
{"level":"info","message":"POST /sell-kg/search - 200","timestamp":"2025-01-23T07:03:04.339Z"}
{"level":"info","message":"POST /sell-kg/search - 200","timestamp":"2025-01-23T07:03:15.435Z"}
{"level":"info","message":"POST /sell-kg/search - 200","timestamp":"2025-01-23T07:03:22.297Z"}
{"level":"info","message":"POST /sell-kg/search - 200","timestamp":"2025-01-23T07:03:31.225Z"}
{"level":"info","message":"POST /sell-kg/search - 200","timestamp":"2025-01-23T07:03:47.448Z"}
{"level":"info","message":"POST /sell-kg/search - 200","timestamp":"2025-01-23T07:03:59.725Z"}
{"level":"info","message":"POST /sell-kg/search - 200","timestamp":"2025-01-23T07:04:01.034Z"}
{"level":"info","message":"GET /promo-code/read - 200","timestamp":"2025-01-23T07:05:25.080Z"}
{"level":"info","message":"POST /sell-kg/search - 200","timestamp":"2025-01-23T07:05:25.864Z"}
{"level":"info","message":"POST /sell-kg/search - 200","timestamp":"2025-01-23T07:05:34.807Z"}
{"level":"info","message":"PATCH /promo-code/create - 200","timestamp":"2025-01-23T07:06:12.569Z"}
{"level":"info","message":"PATCH /promo-code/create - 200","timestamp":"2025-01-23T07:06:39.072Z"}
{"level":"info","message":"PATCH /promo-code/create - 200","timestamp":"2025-01-23T07:07:45.218Z"}
{"level":"info","message":"PATCH /promo-code/create - 200","timestamp":"2025-01-23T07:08:01.497Z"}
{"level":"info","message":"PATCH /promo-code/create - 200","timestamp":"2025-01-23T07:10:08.334Z"}
{"level":"info","message":"POST /promo-code/create - 200","timestamp":"2025-01-23T07:10:26.837Z"}
{"level":"info","message":"GET /promo-code/read - 200","timestamp":"2025-01-23T07:10:36.262Z"}
{"level":"info","message":"GET /platform/read - 200","timestamp":"2025-01-23T07:10:49.874Z"}
{"level":"info","message":"GET /admin-dashboard/showAllAgencyInAdmin - 200","timestamp":"2025-01-23T07:47:21.588Z"}
{"level":"info","message":"GET /admin-dashboard/showAllUserInAdmin? - 200","timestamp":"2025-01-23T07:47:36.742Z"}
{"level":"info","message":"GET /admin-dashboard/showAllUserInAdmin? - 200","timestamp":"2025-01-23T07:47:38.638Z"}
{"level":"info","message":"GET /platform/read - 200","timestamp":"2025-01-23T07:47:41.293Z"}
{"level":"info","message":"GET /promo-code/read - 200","timestamp":"2025-01-23T07:47:43.024Z"}
{"level":"info","message":"GET /promo-code/read - 200","timestamp":"2025-01-23T07:51:47.127Z"}
{"level":"info","message":"POST /promo-code/create - 200","timestamp":"2025-01-23T07:58:31.973Z"}
{"level":"info","message":"GET /promo-code/read - 200","timestamp":"2025-01-23T07:58:36.719Z"}
{"level":"info","message":"POST /promo-code/create - 200","timestamp":"2025-01-23T07:58:51.180Z"}
{"level":"info","message":"POST /promo-code/create - 200","timestamp":"2025-01-23T07:59:13.264Z"}
{"level":"info","message":"GET /promo-code/read - 200","timestamp":"2025-01-23T07:59:22.610Z"}
{"level":"info","message":"POST /sell-kg/search - 200","timestamp":"2025-01-23T08:01:52.774Z"}
{"level":"info","message":"POST /sell-kg/search - 200","timestamp":"2025-01-23T08:02:27.764Z"}
{"level":"info","message":"POST /sell-kg/search - 200","timestamp":"2025-01-23T08:02:28.436Z"}
{"level":"info","message":"POST /sell-kg/search - 200","timestamp":"2025-01-23T08:02:33.120Z"}
{"level":"info","message":"POST /sell-kg/search - 200","timestamp":"2025-01-23T08:02:54.837Z"}
{"level":"info","message":"POST /sell-kg/search - 200","timestamp":"2025-01-23T08:03:03.066Z"}
{"level":"info","message":"POST /sell-kg/search - 200","timestamp":"2025-01-23T08:03:23.242Z"}
{"level":"info","message":"POST /sell-kg/search - 200","timestamp":"2025-01-23T08:03:51.571Z"}
{"level":"info","message":"POST /sell-kg/search - 200","timestamp":"2025-01-23T08:03:58.938Z"}
{"level":"info","message":"POST /sell-kg/search - 200","timestamp":"2025-01-23T08:05:11.200Z"}
{"level":"info","message":"POST /sell-kg/search - 200","timestamp":"2025-01-23T08:05:30.975Z"}
{"level":"info","message":"POST /sell-kg/search - 200","timestamp":"2025-01-23T08:06:02.544Z"}
{"level":"info","message":"POST /sell-kg/search - 200","timestamp":"2025-01-23T08:06:26.047Z"}
{"level":"info","message":"POST /sell-kg/search - 200","timestamp":"2025-01-23T08:07:00.352Z"}
{"level":"info","message":"POST /sell-kg/search - 200","timestamp":"2025-01-23T08:07:19.065Z"}
{"level":"info","message":"POST /sell-kg/search - 200","timestamp":"2025-01-23T08:08:07.763Z"}
{"level":"info","message":"POST /sell-kg/search - 200","timestamp":"2025-01-23T08:09:46.010Z"}
