{"level":"info","message":"GET /admin-dashboard/showAllAgencyInAdmin - 200","timestamp":"2025-01-29T03:43:09.138Z"}
{"level":"info","message":"GET /admin-dashboard/showAllUserInAdmin? - 200","timestamp":"2025-01-29T03:43:12.167Z"}
{"level":"info","message":"GET /uploads/users/logo-1-green-small-1738046436154.png - 200","timestamp":"2025-01-29T04:09:38.936Z"}
{"level":"info","message":"POST /sell-kg/search/courier - 200","timestamp":"2025-01-29T04:09:52.669Z"}
{"level":"info","message":"GET / - 200","timestamp":"2025-01-29T04:09:53.009Z"}
{"level":"info","message":"GET /uploads/users/1307940-1737801575102.png - 200","timestamp":"2025-01-29T04:09:53.458Z"}
{"level":"info","message":"GET /sell-kg/read/679220598e6c39ff15badcea - 200","timestamp":"2025-01-29T04:09:58.679Z"}
{"level":"info","message":"GET / - 200","timestamp":"2025-01-29T04:09:59.357Z"}
{"level":"info","message":"GET /admin-dashboard/showAllUserInAdmin? - 200","timestamp":"2025-01-29T04:27:58.463Z"}
{"level":"info","message":"GET /admin-dashboard/showAllUserInAdmin? - 200","timestamp":"2025-01-29T04:27:58.956Z"}
{"level":"info","message":"GET /admin-dashboard/showAllAgencyInAdmin - 200","timestamp":"2025-01-29T04:28:16.883Z"}
{"level":"info","message":"GET /admin-dashboard/showAllUserInAdmin? - 200","timestamp":"2025-01-29T04:28:17.716Z"}
{"level":"info","message":"GET /admin-dashboard/showAllUserInAdmin? - 200","timestamp":"2025-01-29T04:28:18.263Z"}
{"level":"info","message":"GET /admin-dashboard/showAllUserInAdmin? - 200","timestamp":"2025-01-29T04:28:19.099Z"}
{"level":"info","message":"GET /admin-dashboard/showAllUserInAdmin? - 200","timestamp":"2025-01-29T04:28:19.759Z"}
{"level":"info","message":"GET /admin-dashboard/showAllAgencyInAdmin - 200","timestamp":"2025-01-29T04:28:19.761Z"}
{"level":"info","message":"GET /admin-dashboard/showAllUserInAdmin? - 200","timestamp":"2025-01-29T04:28:21.225Z"}
{"level":"info","message":"GET /general/read - 200","timestamp":"2025-01-29T04:28:22.829Z"}
{"level":"info","message":"GET /platform/read - 200","timestamp":"2025-01-29T04:28:26.900Z"}
{"level":"info","message":"GET /promo-code/read - 200","timestamp":"2025-01-29T04:28:27.862Z"}
{"level":"info","message":"GET /subscription/read - 200","timestamp":"2025-01-29T04:28:28.708Z"}
{"level":"info","message":"GET /promo-code/read - 200","timestamp":"2025-01-29T04:28:29.626Z"}
{"level":"info","message":"GET /platform/read - 200","timestamp":"2025-01-29T04:28:32.991Z"}
{"level":"info","message":"GET /general/read - 200","timestamp":"2025-01-29T04:28:34.792Z"}
{"level":"info","message":"GET /platform/read - 200","timestamp":"2025-01-29T04:28:36.173Z"}
{"level":"info","message":"GET /promo-code/read - 200","timestamp":"2025-01-29T04:28:36.766Z"}
{"level":"info","message":"GET /subscription/read - 200","timestamp":"2025-01-29T04:28:40.652Z"}
{"level":"info","message":"GET / - 200","timestamp":"2025-01-29T04:28:42.847Z"}
{"level":"info","message":"GET / - 200","timestamp":"2025-01-29T04:28:49.763Z"}
{"level":"info","message":"GET /subscription/read - 200","timestamp":"2025-01-29T04:28:50.049Z"}
{"level":"info","message":"GET /promo-code/read - 200","timestamp":"2025-01-29T04:28:51.473Z"}
{"level":"info","message":"GET /promo-code/read - 200","timestamp":"2025-01-29T04:28:53.716Z"}
{"level":"info","message":"GET /platform/read - 200","timestamp":"2025-01-29T04:28:58.743Z"}
{"level":"info","message":"GET /general/read - 200","timestamp":"2025-01-29T04:29:02.661Z"}
{"level":"info","message":"GET / - 200","timestamp":"2025-01-29T04:29:11.838Z"}
{"level":"info","message":"PATCH /auth/update - 200","timestamp":"2025-01-29T04:29:42.181Z"}
{"level":"info","message":"POST /auth/login - 200","timestamp":"2025-01-29T04:29:55.726Z"}
{"level":"info","message":"GET /admin-dashboard/showAllAgencyInAdmin - 200","timestamp":"2025-01-29T04:29:56.468Z"}
{"level":"info","message":"GET /uploads/users/michael-dam-mez3pofgs_k-unsplash-1738060618263.jpg - 200","timestamp":"2025-01-29T04:29:56.570Z"}
{"level":"info","message":"GET /general/read - 200","timestamp":"2025-01-29T04:29:58.111Z"}
{"level":"info","message":"GET /uploads/PlatformLogo/michael-dam-mez3pofgs_k-unsplash-1738060849104.jpg - 200","timestamp":"2025-01-29T04:29:58.852Z"}
{"level":"info","message":"GET /platform/read - 200","timestamp":"2025-01-29T04:30:12.315Z"}
{"level":"info","message":"GET /promo-code/read - 200","timestamp":"2025-01-29T04:30:14.022Z"}
{"level":"info","message":"GET /subscription/read - 200","timestamp":"2025-01-29T04:30:17.161Z"}
{"level":"info","message":"GET /admin-dashboard/showAllUserInAdmin? - 200","timestamp":"2025-01-29T04:30:44.143Z"}
{"level":"info","message":"GET /admin-dashboard/showAllUserInAdmin? - 200","timestamp":"2025-01-29T04:47:16.059Z"}
{"level":"info","message":"GET /admin-dashboard/showAllUserInAdmin? - 200","timestamp":"2025-01-29T04:47:20.666Z"}
{"level":"info","message":"GET /admin-dashboard/showAllUserInAdmin? - 200","timestamp":"2025-01-29T04:47:36.182Z"}
{"level":"info","message":"GET /admin-dashboard/showAllAgencyInAdmin - 200","timestamp":"2025-01-29T04:47:36.857Z"}
{"level":"info","message":"GET /admin-dashboard/showAllUserInAdmin? - 200","timestamp":"2025-01-29T04:47:43.139Z"}
{"level":"info","message":"GET /admin-dashboard/showAllAgencyInAdmin - 200","timestamp":"2025-01-29T04:53:33.012Z"}
{"level":"info","message":"GET /admin-dashboard/showAllUserInAdmin? - 200","timestamp":"2025-01-29T04:53:33.033Z"}
{"level":"info","message":"GET /admin-dashboard/showAllUserInAdmin? - 200","timestamp":"2025-01-29T04:53:56.112Z"}
{"level":"info","message":"GET /admin-dashboard/showAllAgencyInAdmin - 200","timestamp":"2025-01-29T04:53:56.114Z"}
{"level":"info","message":"GET /admin-dashboard/showAllUserInAdmin? - 200","timestamp":"2025-01-29T04:54:13.154Z"}
{"level":"info","message":"GET /admin-dashboard/showAllUserInAdmin? - 200","timestamp":"2025-01-29T04:54:28.574Z"}
{"level":"info","message":"GET /admin-dashboard/showAllAgencyInAdmin - 200","timestamp":"2025-01-29T04:54:28.577Z"}
{"level":"info","message":"GET /admin-dashboard/showAllUserInAdmin? - 200","timestamp":"2025-01-29T04:54:29.884Z"}
{"level":"info","message":"GET /admin-dashboard/showAllUserInAdmin? - 200","timestamp":"2025-01-29T04:54:34.953Z"}
{"level":"info","message":"GET /admin-dashboard/showAllUserInAdmin? - 200","timestamp":"2025-01-29T04:54:38.688Z"}
{"level":"info","message":"GET /admin-dashboard/showAllUserInAdmin? - 200","timestamp":"2025-01-29T04:54:42.889Z"}
{"level":"info","message":"GET /admin-dashboard/showAllUserInAdmin? - 200","timestamp":"2025-01-29T04:54:43.431Z"}
{"level":"info","message":"GET /admin-dashboard/showAllAgencyInAdmin - 200","timestamp":"2025-01-29T04:54:43.767Z"}
{"level":"info","message":"GET /admin-dashboard/showAllUserInAdmin? - 200","timestamp":"2025-01-29T04:54:43.920Z"}
{"level":"info","message":"GET /general/read - 200","timestamp":"2025-01-29T06:23:09.101Z"}
{"level":"info","message":"GET /uploads/PlatformLogo/michael-dam-mez3pofgs_k-unsplash-1738060849104.jpg - 200","timestamp":"2025-01-29T06:23:09.574Z"}
{"level":"info","message":"GET /platform/read - 200","timestamp":"2025-01-29T06:23:12.989Z"}
{"level":"info","message":"GET /promo-code/read - 200","timestamp":"2025-01-29T06:23:15.185Z"}
{"level":"info","message":"GET /promo-code/read/6791fa1af7c44882e217c4bc - 200","timestamp":"2025-01-29T06:23:18.498Z"}
{"level":"info","message":"GET /subscription/read - 200","timestamp":"2025-01-29T06:23:23.923Z"}
{"level":"info","message":"GET /admin-dashboard/showAllUserInAdmin? - 200","timestamp":"2025-01-29T06:42:33.012Z"}
{"level":"info","message":"GET /uploads/users/michael-dam-mez3pofgs_k-unsplash-1738060618263.jpg - 200","timestamp":"2025-01-29T06:43:01.034Z"}
{"level":"info","message":"GET /general/read - 200","timestamp":"2025-01-29T07:04:02.915Z"}
{"level":"info","message":"GET /admin-dashboard/showAllAgencyInAdmin - 200","timestamp":"2025-01-29T07:04:06.922Z"}
{"level":"info","message":"GET /admin-dashboard/showAllUserInAdmin? - 200","timestamp":"2025-01-29T07:04:25.558Z"}
{"level":"info","message":"GET /admin-dashboard/showAllUserInAdmin? - 200","timestamp":"2025-01-29T07:04:35.504Z"}
{"level":"info","message":"GET /admin-dashboard/showAllUserInAdmin? - 200","timestamp":"2025-01-29T07:04:40.122Z"}
{"level":"info","message":"GET /admin-dashboard/showAllAgencyInAdmin - 200","timestamp":"2025-01-29T07:04:46.933Z"}
{"level":"info","message":"GET /admin-dashboard/showAllUserInAdmin? - 200","timestamp":"2025-01-29T07:04:46.950Z"}
{"level":"info","message":"GET /admin-dashboard/showAllUserInAdmin? - 200","timestamp":"2025-01-29T07:04:49.766Z"}
{"level":"info","message":"GET /admin-dashboard/showAllUserInAdmin? - 200","timestamp":"2025-01-29T07:05:24.209Z"}
{"level":"info","message":"GET /admin-dashboard/showAllUserInAdmin? - 200","timestamp":"2025-01-29T07:05:24.528Z"}
{"level":"info","message":"GET /general/read - 200","timestamp":"2025-01-29T07:05:25.315Z"}
{"level":"info","message":"GET /platform/read - 200","timestamp":"2025-01-29T07:05:26.947Z"}
{"level":"info","message":"GET /promo-code/read - 200","timestamp":"2025-01-29T07:05:28.659Z"}
{"level":"info","message":"GET /subscription/read - 200","timestamp":"2025-01-29T07:05:29.157Z"}
{"level":"info","message":"GET /admin-dashboard/showAllUserInAdmin? - 200","timestamp":"2025-01-29T07:05:59.222Z"}
{"level":"info","message":"GET /admin-dashboard/showAllAgencyInAdmin - 200","timestamp":"2025-01-29T07:05:59.532Z"}
{"level":"info","message":"GET /admin-dashboard/showAllUserInAdmin? - 200","timestamp":"2025-01-29T07:06:00.421Z"}
{"level":"info","message":"GET /admin-dashboard/showAllUserInAdmin? - 200","timestamp":"2025-01-29T07:06:01.096Z"}
{"level":"info","message":"GET /admin-dashboard/showAllUserInAdmin? - 200","timestamp":"2025-01-29T07:06:02.361Z"}
{"level":"info","message":"GET /admin-dashboard/showAllAgencyInAdmin - 200","timestamp":"2025-01-29T07:06:02.901Z"}
{"level":"info","message":"GET /admin-dashboard/showAllUserInAdmin? - 200","timestamp":"2025-01-29T07:06:04.026Z"}
{"level":"info","message":"GET /admin-dashboard/showAllAgencyInAdmin - 200","timestamp":"2025-01-29T07:06:04.812Z"}
{"level":"info","message":"GET /admin-dashboard/showAllUserInAdmin? - 200","timestamp":"2025-01-29T07:06:05.401Z"}
{"level":"info","message":"GET /admin-dashboard/showAllUserInAdmin? - 200","timestamp":"2025-01-29T07:06:05.929Z"}
{"level":"info","message":"GET /admin-dashboard/showAllUserInAdmin? - 200","timestamp":"2025-01-29T07:06:06.661Z"}
{"level":"info","message":"GET /admin-dashboard/showAllAgencyInAdmin - 200","timestamp":"2025-01-29T07:06:07.355Z"}
{"level":"info","message":"GET /admin-dashboard/showAllUserInAdmin? - 200","timestamp":"2025-01-29T07:06:07.357Z"}
{"level":"info","message":"GET /admin-dashboard/showAllUserInAdmin? - 200","timestamp":"2025-01-29T07:06:08.023Z"}
{"level":"info","message":"GET /admin-dashboard/showAllUserInAdmin? - 200","timestamp":"2025-01-29T07:06:13.746Z"}
{"level":"info","message":"GET /admin-dashboard/showAllUserInAdmin? - 200","timestamp":"2025-01-29T07:06:14.274Z"}
{"level":"info","message":"GET /admin-dashboard/showAllAgencyInAdmin - 200","timestamp":"2025-01-29T07:06:14.433Z"}
{"level":"info","message":"GET /admin-dashboard/showAllUserInAdmin? - 200","timestamp":"2025-01-29T07:06:15.815Z"}
{"level":"info","message":"GET /admin-dashboard/showAllUserInAdmin? - 200","timestamp":"2025-01-29T07:06:16.481Z"}
{"level":"info","message":"GET /admin-dashboard/showAllUserInAdmin? - 200","timestamp":"2025-01-29T07:06:17.214Z"}
{"level":"info","message":"GET /admin-dashboard/showAllAgencyInAdmin - 200","timestamp":"2025-01-29T07:06:17.726Z"}
{"level":"info","message":"GET /admin-dashboard/showAllUserInAdmin? - 200","timestamp":"2025-01-29T07:06:54.843Z"}
{"level":"info","message":"GET /admin-dashboard/showAllUserInAdmin? - 200","timestamp":"2025-01-29T07:06:55.561Z"}
{"level":"info","message":"GET /admin-dashboard/showAllAgencyInAdmin - 200","timestamp":"2025-01-29T07:06:55.671Z"}
{"level":"info","message":"GET /admin-dashboard/showAllUserInAdmin? - 200","timestamp":"2025-01-29T07:06:56.320Z"}
{"level":"info","message":"GET /admin-dashboard/showAllUserInAdmin? - 200","timestamp":"2025-01-29T07:06:57.470Z"}
{"level":"info","message":"GET /admin-dashboard/showAllUserInAdmin? - 200","timestamp":"2025-01-29T07:06:58.485Z"}
{"level":"info","message":"GET /admin-dashboard/showAllAgencyInAdmin - 200","timestamp":"2025-01-29T07:06:59.314Z"}
{"level":"info","message":"GET /general/read - 200","timestamp":"2025-01-29T08:29:58.262Z"}
{"level":"info","message":"GET /admin-dashboard/showAllUserInAdmin? - 200","timestamp":"2025-01-29T08:30:00.948Z"}
{"level":"info","message":"GET /admin-dashboard/showAllUserInAdmin? - 200","timestamp":"2025-01-29T08:30:02.640Z"}
{"level":"info","message":"GET /admin-dashboard/showAllAgencyInAdmin - 200","timestamp":"2025-01-29T08:30:02.785Z"}
{"level":"info","message":"GET /admin-dashboard/showAllUserInAdmin? - 200","timestamp":"2025-01-29T08:30:09.173Z"}
{"level":"info","message":"GET /admin-dashboard/showAllUserInAdmin? - 200","timestamp":"2025-01-29T08:30:12.285Z"}
{"level":"info","message":"GET /admin-dashboard/showAllUserInAdmin? - 200","timestamp":"2025-01-29T08:30:14.039Z"}
{"level":"info","message":"GET /admin-dashboard/showAllUserInAdmin? - 200","timestamp":"2025-01-29T08:53:26.149Z"}
{"level":"info","message":"GET /admin-dashboard/showAllUserInAdmin? - 200","timestamp":"2025-01-29T08:53:30.873Z"}
{"level":"info","message":"GET /admin-dashboard/showAllUserInAdmin? - 200","timestamp":"2025-01-29T09:04:54.267Z"}
{"level":"info","message":"GET /admin-dashboard/showAllUserInAdmin? - 200","timestamp":"2025-01-29T09:04:56.286Z"}
{"level":"info","message":"GET /admin-dashboard/showAllUserInAdmin? - 200","timestamp":"2025-01-29T09:05:05.569Z"}
{"level":"info","message":"GET /admin-dashboard/showAllAgencyInAdmin - 200","timestamp":"2025-01-29T09:05:05.578Z"}
{"level":"info","message":"GET /admin-dashboard/showAllUserInAdmin? - 200","timestamp":"2025-01-29T09:06:01.097Z"}
{"level":"info","message":"GET /admin-dashboard/showAllAgencyInAdmin - 200","timestamp":"2025-01-29T09:06:01.101Z"}
{"level":"info","message":"GET /admin-dashboard/showAllAgencyInAdmin - 200","timestamp":"2025-01-29T09:06:05.749Z"}
{"level":"info","message":"GET /admin-dashboard/showAllUserInAdmin? - 200","timestamp":"2025-01-29T09:06:13.025Z"}
{"level":"info","message":"GET /admin-dashboard/showAllUserInAdmin? - 200","timestamp":"2025-01-29T09:06:13.538Z"}
{"level":"info","message":"GET /admin-dashboard/showAllUserInAdmin? - 200","timestamp":"2025-01-29T09:06:14.625Z"}
{"level":"info","message":"GET /admin-dashboard/showAllUserInAdmin? - 200","timestamp":"2025-01-29T09:06:15.458Z"}
{"level":"info","message":"GET /admin-dashboard/showAllAgencyInAdmin - 200","timestamp":"2025-01-29T09:06:15.798Z"}
{"level":"info","message":"GET /admin-dashboard/showAllUserInAdmin? - 200","timestamp":"2025-01-29T09:06:17.085Z"}
{"level":"info","message":"GET /admin-dashboard/showAllUserInAdmin? - 200","timestamp":"2025-01-29T09:12:16.827Z"}
{"level":"info","message":"GET /admin-dashboard/showAllAgencyInAdmin - 200","timestamp":"2025-01-29T10:40:32.966Z"}
{"level":"info","message":"GET /admin-dashboard/showAllUserInAdmin? - 200","timestamp":"2025-01-29T11:24:57.463Z"}
{"level":"info","message":"GET /admin-dashboard/showAllUserInAdmin? - 200","timestamp":"2025-01-29T11:25:00.780Z"}
{"level":"info","message":"GET /admin-dashboard/showAllAgencyInAdmin - 200","timestamp":"2025-01-29T11:25:01.691Z"}
{"level":"info","message":"GET /admin-dashboard/showAllUserInAdmin? - 200","timestamp":"2025-01-29T11:25:02.098Z"}
{"level":"info","message":"GET /admin-dashboard/showAllUserInAdmin? - 200","timestamp":"2025-01-29T11:25:03.669Z"}
{"level":"info","message":"GET /admin-dashboard/showAllAgencyInAdmin - 200","timestamp":"2025-01-29T11:25:04.063Z"}
{"level":"info","message":"GET /admin-dashboard/showAllUserInAdmin? - 200","timestamp":"2025-01-29T11:25:05.104Z"}
{"level":"info","message":"GET /general/read - 200","timestamp":"2025-01-29T11:25:07.099Z"}
{"level":"info","message":"GET /uploads/PlatformLogo/michael-dam-mez3pofgs_k-unsplash-1738060849104.jpg - 200","timestamp":"2025-01-29T11:25:08.135Z"}
{"level":"info","message":"GET /admin-dashboard/showAllUserInAdmin? - 200","timestamp":"2025-01-29T11:25:17.823Z"}
{"level":"info","message":"GET /admin-dashboard/showAllUserInAdmin? - 200","timestamp":"2025-01-29T11:25:28.979Z"}
{"level":"info","message":"GET /uploads/users/michael-dam-mez3pofgs_k-unsplash-1738060618263.jpg - 200","timestamp":"2025-01-29T11:26:50.809Z"}
{"level":"info","message":"GET /uploads/users/michael-dam-mez3pofgs_k-unsplash-1738060618263.jpg - 200","timestamp":"2025-01-29T11:26:52.324Z"}
{"level":"info","message":"GET /admin-dashboard/showAllUserInAdmin? - 200","timestamp":"2025-01-29T11:28:45.877Z"}
{"level":"info","message":"GET /uploads/users/michael-dam-mez3pofgs_k-unsplash-1738060618263.jpg - 200","timestamp":"2025-01-29T11:28:56.473Z"}
{"level":"info","message":"GET /admin-dashboard/showAllAgencyInAdmin - 200","timestamp":"2025-01-29T11:30:41.191Z"}
{"level":"info","message":"GET /general/read - 200","timestamp":"2025-01-29T11:30:44.686Z"}
{"level":"info","message":"GET /admin-dashboard/showAllUserInAdmin? - 200","timestamp":"2025-01-29T11:30:52.478Z"}
{"level":"info","message":"GET /admin-dashboard/showAllAgencyInAdmin - 200","timestamp":"2025-01-29T11:31:52.180Z"}
{"level":"info","message":"GET /admin-dashboard/showAllUserInAdmin? - 200","timestamp":"2025-01-29T11:31:53.462Z"}
{"level":"info","message":"GET /admin-dashboard/showAllUserInAdmin? - 200","timestamp":"2025-01-29T11:31:59.045Z"}
{"level":"info","message":"GET /admin-dashboard/showAllUserInAdmin? - 200","timestamp":"2025-01-29T11:33:17.157Z"}
{"level":"info","message":"GET /admin-dashboard/showAllUserInAdmin? - 200","timestamp":"2025-01-29T11:36:14.574Z"}
{"level":"info","message":"GET /admin-dashboard/showAllUserInAdmin? - 200","timestamp":"2025-01-29T11:36:22.206Z"}
{"level":"info","message":"GET /admin-dashboard/showAllAgencyInAdmin - 200","timestamp":"2025-01-29T11:36:45.122Z"}
{"level":"info","message":"GET /admin-dashboard/showAllUserInAdmin? - 200","timestamp":"2025-01-29T11:36:45.131Z"}
{"level":"info","message":"GET /admin-dashboard/showAllUserInAdmin? - 200","timestamp":"2025-01-29T11:46:37.981Z"}
{"level":"info","message":"GET /admin-dashboard/showAllUserInAdmin? - 200","timestamp":"2025-01-29T11:46:53.275Z"}
{"level":"info","message":"GET /admin-dashboard/showAllUserInAdmin? - 200","timestamp":"2025-01-29T11:48:04.369Z"}
{"level":"info","message":"GET /admin-dashboard/showAllUserInAdmin? - 200","timestamp":"2025-01-29T11:48:20.709Z"}
{"level":"info","message":"GET /admin-dashboard/showAllAgencyInAdmin - 200","timestamp":"2025-01-29T11:48:23.928Z"}
{"level":"info","message":"GET /admin-dashboard/showAllUserInAdmin? - 200","timestamp":"2025-01-29T11:48:27.297Z"}
{"level":"info","message":"GET /admin-dashboard/showAllUserInAdmin? - 200","timestamp":"2025-01-29T11:48:29.689Z"}
{"level":"info","message":"GET /admin-dashboard/showAllUserInAdmin? - 200","timestamp":"2025-01-29T11:48:31.461Z"}
{"level":"info","message":"GET /admin-dashboard/showAllUserInAdmin? - 200","timestamp":"2025-01-29T11:48:34.890Z"}
{"level":"info","message":"GET /admin-dashboard/showAllAgencyInAdmin - 200","timestamp":"2025-01-29T11:48:34.896Z"}
