{"level":"info","message":"POST /auth/login - 200","timestamp":"2025-01-27T03:41:15.421Z"}
{"level":"info","message":"GET /admin-dashboard/showAllAgencyInAdmin - 200","timestamp":"2025-01-27T03:41:16.281Z"}
{"level":"info","message":"GET /general/read - 200","timestamp":"2025-01-27T03:41:31.428Z"}
{"level":"info","message":"GET /uploads/PlatformLogo/logo2-1737803805271.png - 200","timestamp":"2025-01-27T03:41:32.218Z"}
{"level":"info","message":"GET /platform/read - 200","timestamp":"2025-01-27T03:41:42.097Z"}
{"level":"info","message":"GET /promo-code/read - 200","timestamp":"2025-01-27T03:41:44.042Z"}
{"level":"info","message":"GET /subscription/read - 200","timestamp":"2025-01-27T03:41:49.251Z"}
{"level":"info","message":"GET /admin-dashboard/showAllAgencyInAdmin - 200","timestamp":"2025-01-27T03:54:25.936Z"}
{"level":"info","message":"GET /general/read - 200","timestamp":"2025-01-27T03:54:27.482Z"}
{"level":"info","message":"GET /admin-dashboard/showAllUserInAdmin? - 200","timestamp":"2025-01-27T03:55:46.302Z"}
{"level":"info","message":"GET /subscription/read - 200","timestamp":"2025-01-27T03:55:50.231Z"}
{"level":"info","message":"POST /subscription/create - 200","timestamp":"2025-01-27T03:56:34.590Z"}
{"level":"info","message":"GET /subscription/read - 200","timestamp":"2025-01-27T03:56:42.979Z"}
{"level":"info","message":"GET /subscription/read - 200","timestamp":"2025-01-27T04:13:40.165Z"}
{"level":"info","message":"POST /auth/login - 200","timestamp":"2025-01-27T04:19:28.296Z"}
{"level":"info","message":"GET /admin-dashboard/showAllAgencyInAdmin - 200","timestamp":"2025-01-27T04:19:28.621Z"}
{"level":"info","message":"GET /subscription/read - 200","timestamp":"2025-01-27T04:39:10.762Z"}
{"level":"info","message":"GET /subscription/read - 200","timestamp":"2025-01-27T04:39:12.208Z"}
{"level":"info","message":"DELETE /subscription/delete/undefined - 200","timestamp":"2025-01-27T04:39:14.660Z"}
{"level":"info","message":"GET /subscription/read - 200","timestamp":"2025-01-27T04:39:21.809Z"}
{"level":"info","message":"GET /subscription/read - 200","timestamp":"2025-01-27T04:41:00.556Z"}
{"level":"info","message":"GET /subscription/read - 200","timestamp":"2025-01-27T04:41:39.135Z"}
{"level":"info","message":"GET /subscription/read - 200","timestamp":"2025-01-27T04:41:48.126Z"}
{"level":"info","message":"GET /subscription/read - 200","timestamp":"2025-01-27T04:42:42.633Z"}
{"level":"info","message":"DELETE /subscription/delete/6788903cb978e1640a041d7f - 200","timestamp":"2025-01-27T04:43:37.037Z"}
{"level":"info","message":"GET /subscription/read - 200","timestamp":"2025-01-27T04:43:40.094Z"}
{"level":"info","message":"DELETE /subscription/delete/6794d3362c30c8f3bf6e96cf - 200","timestamp":"2025-01-27T04:44:13.468Z"}
{"level":"info","message":"DELETE /subscription/delete/undefined - 200","timestamp":"2025-01-27T04:48:05.115Z"}
{"level":"info","message":"DELETE /subscription/delete/undefined - 200","timestamp":"2025-01-27T04:48:23.603Z"}
{"level":"info","message":"DELETE /subscription/delete/6794d3362c30c8f3bf6e96cf - 200","timestamp":"2025-01-27T04:51:19.676Z"}
{"level":"info","message":"DELETE /subscription/delete/6794d3362c30c8f3bf6e96cf - 200","timestamp":"2025-01-27T04:51:19.965Z"}
{"level":"info","message":"DELETE /subscription/delete/6794d3362c30c8f3bf6e96cf - 200","timestamp":"2025-01-27T04:51:20.220Z"}
{"level":"info","message":"DELETE /subscription/delete/6794d3362c30c8f3bf6e96cf - 200","timestamp":"2025-01-27T04:51:20.418Z"}
{"level":"info","message":"GET /subscription/read - 200","timestamp":"2025-01-27T04:51:25.078Z"}
{"level":"info","message":"POST /make-appointment/create-appointment - 200","timestamp":"2025-01-27T04:52:04.888Z"}
{"level":"info","message":"POST /make-appointment/create-appointment - 200","timestamp":"2025-01-27T04:52:41.205Z"}
{"level":"info","message":"GET /subscription/read - 200","timestamp":"2025-01-27T04:53:37.912Z"}
{"level":"info","message":"DELETE /subscription/delete/679703f22c30c8f3bf6e96e3 - 200","timestamp":"2025-01-27T04:53:42.635Z"}
{"level":"info","message":"GET /subscription/read - 200","timestamp":"2025-01-27T04:53:48.355Z"}
{"level":"info","message":"GET /subscription/read - 200","timestamp":"2025-01-27T04:54:25.385Z"}
{"level":"info","message":"GET /admin-dashboard/showAllAgencyInAdmin - 200","timestamp":"2025-01-27T04:54:25.534Z"}
{"level":"info","message":"GET /subscription/read - 200","timestamp":"2025-01-27T04:54:25.737Z"}
{"level":"info","message":"POST /api/v1/make-appointment/create-appointment - 200","timestamp":"2025-01-27T04:54:33.586Z"}
{"level":"info","message":"POST /subscription/create - 200","timestamp":"2025-01-27T05:05:23.895Z"}
{"level":"info","message":"GET /subscription/read - 200","timestamp":"2025-01-27T05:05:31.100Z"}
{"level":"info","message":"DELETE /subscription/delete/6794d1522c30c8f3bf6e96b0 - 200","timestamp":"2025-01-27T05:05:38.918Z"}
{"level":"info","message":"DELETE /subscription/delete/6794d1522c30c8f3bf6e96b0 - 200","timestamp":"2025-01-27T05:05:41.901Z"}
{"level":"info","message":"DELETE /subscription/delete/6794d1522c30c8f3bf6e96b0 - 200","timestamp":"2025-01-27T05:05:43.937Z"}
{"level":"info","message":"DELETE /subscription/delete/6794d1522c30c8f3bf6e96b0 - 200","timestamp":"2025-01-27T05:05:44.039Z"}
{"level":"info","message":"DELETE /subscription/delete/6794d1522c30c8f3bf6e96b0 - 200","timestamp":"2025-01-27T05:05:44.217Z"}
{"level":"info","message":"GET /subscription/read - 200","timestamp":"2025-01-27T05:05:45.885Z"}
{"level":"info","message":"DELETE /subscription/delete/679714132c30c8f3bf6e9715 - 200","timestamp":"2025-01-27T05:06:07.722Z"}
{"level":"info","message":"GET /subscription/read - 200","timestamp":"2025-01-27T05:06:12.026Z"}
{"level":"info","message":"POST /subscription/create - 200","timestamp":"2025-01-27T05:10:27.745Z"}
{"level":"info","message":"POST /subscription/create - 200","timestamp":"2025-01-27T05:10:29.980Z"}
{"level":"info","message":"GET /subscription/read - 200","timestamp":"2025-01-27T05:10:34.049Z"}
{"level":"info","message":"DELETE /subscription/delete/679715452c30c8f3bf6e972d - 200","timestamp":"2025-01-27T05:10:42.590Z"}
{"level":"info","message":"DELETE /subscription/delete/679715452c30c8f3bf6e972d - 200","timestamp":"2025-01-27T05:10:44.323Z"}
{"level":"info","message":"DELETE /subscription/delete/679715452c30c8f3bf6e972d - 200","timestamp":"2025-01-27T05:10:46.579Z"}
{"level":"info","message":"DELETE /subscription/delete/679715452c30c8f3bf6e972d - 200","timestamp":"2025-01-27T05:10:47.166Z"}
{"level":"info","message":"DELETE /subscription/delete/679715452c30c8f3bf6e972d - 200","timestamp":"2025-01-27T05:10:47.206Z"}
{"level":"info","message":"DELETE /subscription/delete/679715452c30c8f3bf6e972d - 200","timestamp":"2025-01-27T05:10:47.520Z"}
{"level":"info","message":"DELETE /subscription/delete/679715452c30c8f3bf6e972d - 200","timestamp":"2025-01-27T05:10:47.584Z"}
{"level":"info","message":"DELETE /subscription/delete/679715452c30c8f3bf6e972d - 200","timestamp":"2025-01-27T05:10:47.770Z"}
{"level":"info","message":"GET /subscription/read - 200","timestamp":"2025-01-27T05:10:49.683Z"}
{"level":"info","message":"GET /subscription/read - 200","timestamp":"2025-01-27T05:13:57.379Z"}
{"level":"info","message":"DELETE /subscription/delete/679715432c30c8f3bf6e972a - 200","timestamp":"2025-01-27T05:13:59.097Z"}
{"level":"info","message":"GET /subscription/read - 200","timestamp":"2025-01-27T05:14:05.204Z"}
{"level":"info","message":"POST /subscription/create - 200","timestamp":"2025-01-27T05:15:05.634Z"}
{"level":"info","message":"POST /subscription/create - 200","timestamp":"2025-01-27T05:15:13.702Z"}
{"level":"info","message":"POST /subscription/create - 200","timestamp":"2025-01-27T05:15:13.714Z"}
{"level":"info","message":"POST /subscription/create - 200","timestamp":"2025-01-27T05:15:13.898Z"}
{"level":"info","message":"POST /subscription/create - 200","timestamp":"2025-01-27T05:15:13.930Z"}
{"level":"info","message":"POST /subscription/create - 200","timestamp":"2025-01-27T05:15:13.935Z"}
{"level":"info","message":"POST /subscription/create - 200","timestamp":"2025-01-27T05:15:14.077Z"}
{"level":"info","message":"POST /subscription/create - 200","timestamp":"2025-01-27T05:15:14.115Z"}
{"level":"info","message":"POST /subscription/create - 200","timestamp":"2025-01-27T05:15:14.256Z"}
{"level":"info","message":"POST /subscription/create - 200","timestamp":"2025-01-27T05:15:14.422Z"}
{"level":"info","message":"POST /subscription/create - 200","timestamp":"2025-01-27T05:15:14.589Z"}
{"level":"info","message":"POST /subscription/create - 200","timestamp":"2025-01-27T05:15:14.727Z"}
{"level":"info","message":"POST /subscription/create - 200","timestamp":"2025-01-27T05:15:14.900Z"}
{"level":"info","message":"POST /subscription/create - 200","timestamp":"2025-01-27T05:15:15.062Z"}
{"level":"info","message":"POST /subscription/create - 200","timestamp":"2025-01-27T05:15:15.215Z"}
{"level":"info","message":"POST /subscription/create - 200","timestamp":"2025-01-27T05:15:15.531Z"}
{"level":"info","message":"POST /subscription/create - 200","timestamp":"2025-01-27T05:15:15.730Z"}
{"level":"info","message":"GET /subscription/read - 200","timestamp":"2025-01-27T05:15:21.114Z"}
{"level":"info","message":"GET /subscription/read - 200","timestamp":"2025-01-27T05:15:25.849Z"}
{"level":"info","message":"DELETE /subscription/delete/679716622c30c8f3bf6e975c - 200","timestamp":"2025-01-27T05:15:31.795Z"}
{"level":"info","message":"DELETE /subscription/delete/679716622c30c8f3bf6e975f - 200","timestamp":"2025-01-27T05:15:33.238Z"}
{"level":"info","message":"DELETE /subscription/delete/679716622c30c8f3bf6e975c - 200","timestamp":"2025-01-27T05:15:34.007Z"}
{"level":"info","message":"DELETE /subscription/delete/679716622c30c8f3bf6e975c - 200","timestamp":"2025-01-27T05:15:34.146Z"}
{"level":"info","message":"DELETE /subscription/delete/679716622c30c8f3bf6e975c - 200","timestamp":"2025-01-27T05:15:34.321Z"}
{"level":"info","message":"DELETE /subscription/delete/679716612c30c8f3bf6e9753 - 200","timestamp":"2025-01-27T05:15:36.104Z"}
{"level":"info","message":"DELETE /subscription/delete/679716592c30c8f3bf6e974a - 200","timestamp":"2025-01-27T05:16:06.808Z"}
{"level":"info","message":"DELETE /subscription/delete/679716592c30c8f3bf6e974a - 200","timestamp":"2025-01-27T05:16:08.765Z"}
{"level":"info","message":"DELETE /subscription/delete/679716592c30c8f3bf6e974a - 200","timestamp":"2025-01-27T05:16:11.043Z"}
{"level":"info","message":"GET /subscription/read - 200","timestamp":"2025-01-27T05:16:15.325Z"}
{"level":"info","message":"DELETE /subscription/delete/679716632c30c8f3bf6e977a - 200","timestamp":"2025-01-27T05:16:19.140Z"}
{"level":"info","message":"GET /subscription/read - 200","timestamp":"2025-01-27T05:16:22.710Z"}
{"level":"info","message":"DELETE /subscription/delete/679716632c30c8f3bf6e9777 - 200","timestamp":"2025-01-27T05:16:26.758Z"}
{"level":"info","message":"GET /subscription/read - 200","timestamp":"2025-01-27T05:16:32.710Z"}
{"level":"info","message":"DELETE /subscription/delete/679716612c30c8f3bf6e9756 - 200","timestamp":"2025-01-27T05:16:34.867Z"}
{"level":"info","message":"GET /subscription/read - 200","timestamp":"2025-01-27T05:16:38.388Z"}
{"level":"info","message":"DELETE /subscription/delete/679716612c30c8f3bf6e974d - 200","timestamp":"2025-01-27T05:16:41.531Z"}
{"level":"info","message":"GET /subscription/read - 200","timestamp":"2025-01-27T05:16:45.350Z"}
{"level":"info","message":"DELETE /subscription/delete/679716612c30c8f3bf6e9750 - 200","timestamp":"2025-01-27T05:16:46.813Z"}
{"level":"info","message":"DELETE /subscription/delete/679716612c30c8f3bf6e9759 - 200","timestamp":"2025-01-27T05:16:49.798Z"}
{"level":"info","message":"DELETE /subscription/delete/679716622c30c8f3bf6e9762 - 200","timestamp":"2025-01-27T05:16:53.417Z"}
{"level":"info","message":"DELETE /subscription/delete/679716622c30c8f3bf6e9765 - 200","timestamp":"2025-01-27T05:17:00.016Z"}
{"level":"info","message":"GET /subscription/read - 200","timestamp":"2025-01-27T05:17:03.689Z"}
{"level":"info","message":"DELETE /subscription/delete/679716622c30c8f3bf6e9768 - 200","timestamp":"2025-01-27T05:17:07.890Z"}
{"level":"info","message":"DELETE /subscription/delete/679716622c30c8f3bf6e976b - 200","timestamp":"2025-01-27T05:17:11.053Z"}
{"level":"info","message":"DELETE /subscription/delete/679716622c30c8f3bf6e976e - 200","timestamp":"2025-01-27T05:17:13.839Z"}
{"level":"info","message":"DELETE /subscription/delete/679716632c30c8f3bf6e9771 - 200","timestamp":"2025-01-27T05:17:19.115Z"}
{"level":"info","message":"GET /subscription/read - 200","timestamp":"2025-01-27T05:17:22.301Z"}
{"level":"info","message":"GET /subscription/read - 200","timestamp":"2025-01-27T05:17:28.246Z"}
{"level":"info","message":"GET /admin-dashboard/showAllAgencyInAdmin - 200","timestamp":"2025-01-27T05:19:08.097Z"}
{"level":"info","message":"GET /general/read - 200","timestamp":"2025-01-27T05:19:10.129Z"}
{"level":"info","message":"GET /subscription/read - 200","timestamp":"2025-01-27T05:19:12.073Z"}
{"level":"info","message":"DELETE /subscription/delete/679716632c30c8f3bf6e9774 - 200","timestamp":"2025-01-27T05:19:14.501Z"}
{"level":"info","message":"DELETE /subscription/delete/679716632c30c8f3bf6e9774 - 200","timestamp":"2025-01-27T05:19:16.725Z"}
{"level":"info","message":"GET /subscription/read - 200","timestamp":"2025-01-27T05:19:19.336Z"}
{"level":"info","message":"POST /subscription/create - 200","timestamp":"2025-01-27T05:20:15.400Z"}
{"level":"info","message":"GET /subscription/read - 200","timestamp":"2025-01-27T05:20:30.934Z"}
{"level":"info","message":"GET /subscription/read - 200","timestamp":"2025-01-27T05:20:42.904Z"}
{"level":"info","message":"GET /promo-code/read - 200","timestamp":"2025-01-27T05:21:24.547Z"}
{"level":"info","message":"GET /subscription/read - 200","timestamp":"2025-01-27T05:22:10.910Z"}
{"level":"info","message":"GET /admin-dashboard/showAllUserInAdmin? - 200","timestamp":"2025-01-27T05:26:44.125Z"}
{"level":"info","message":"GET /general/read - 200","timestamp":"2025-01-27T05:27:31.532Z"}
{"level":"info","message":"GET /subscription/read - 200","timestamp":"2025-01-27T05:27:32.618Z"}
{"level":"info","message":"GET /promo-code/read - 200","timestamp":"2025-01-27T05:27:38.428Z"}
{"level":"info","message":"GET /platform/read - 200","timestamp":"2025-01-27T05:27:42.526Z"}
{"level":"info","message":"DELETE /subscription/delete/6797178f2c30c8f3bf6e97c5 - 200","timestamp":"2025-01-27T05:27:58.244Z"}
{"level":"info","message":"GET /subscription/read - 200","timestamp":"2025-01-27T05:28:01.149Z"}
{"level":"info","message":"POST /subscription/create - 200","timestamp":"2025-01-27T05:28:58.942Z"}
{"level":"info","message":"GET /subscription/read - 200","timestamp":"2025-01-27T05:29:05.049Z"}
{"level":"info","message":"DELETE /subscription/delete/6797199a2c30c8f3bf6e97de - 200","timestamp":"2025-01-27T05:29:07.186Z"}
{"level":"info","message":"DELETE /subscription/delete/6797199a2c30c8f3bf6e97de - 200","timestamp":"2025-01-27T05:29:08.660Z"}
{"level":"info","message":"GET /subscription/read - 200","timestamp":"2025-01-27T05:29:12.558Z"}
{"level":"info","message":"POST /subscription/create - 200","timestamp":"2025-01-27T05:29:57.952Z"}
{"level":"info","message":"GET /subscription/read - 200","timestamp":"2025-01-27T05:30:05.560Z"}
{"level":"info","message":"DELETE /subscription/delete/679719d52c30c8f3bf6e97e9 - 200","timestamp":"2025-01-27T05:30:08.321Z"}
{"level":"info","message":"GET /subscription/read - 200","timestamp":"2025-01-27T05:30:08.680Z"}
{"level":"info","message":"GET /subscription/read - 200","timestamp":"2025-01-27T05:31:23.808Z"}
{"level":"info","message":"GET /subscription/read - 200","timestamp":"2025-01-27T05:34:26.642Z"}
{"level":"info","message":"POST /subscription/create - 200","timestamp":"2025-01-27T05:35:17.008Z"}
{"level":"info","message":"GET /subscription/read - 200","timestamp":"2025-01-27T05:35:23.598Z"}
{"level":"info","message":"GET /subscription/read - 200","timestamp":"2025-01-27T05:37:47.151Z"}
{"level":"info","message":"POST /subscription/create - 200","timestamp":"2025-01-27T05:38:02.698Z"}
{"level":"info","message":"GET /subscription/read - 200","timestamp":"2025-01-27T05:38:10.566Z"}
{"level":"info","message":"DELETE /subscription/delete/67971bba2c30c8f3bf6e97fd - 200","timestamp":"2025-01-27T05:38:12.682Z"}
{"level":"info","message":"GET /subscription/read - 200","timestamp":"2025-01-27T05:38:12.807Z"}
{"level":"info","message":"GET /subscription/read - 200","timestamp":"2025-01-27T05:41:02.140Z"}
{"level":"info","message":"POST /subscription/create - 200","timestamp":"2025-01-27T05:41:10.649Z"}
{"level":"info","message":"GET /subscription/read - 200","timestamp":"2025-01-27T05:41:17.096Z"}
{"level":"info","message":"DELETE /subscription/delete/67971c762c30c8f3bf6e9808 - 200","timestamp":"2025-01-27T05:41:20.795Z"}
{"level":"info","message":"GET /subscription/read - 200","timestamp":"2025-01-27T05:41:20.919Z"}
{"level":"info","message":"POST /subscription/create - 200","timestamp":"2025-01-27T05:43:59.038Z"}
{"level":"info","message":"GET /subscription/read - 200","timestamp":"2025-01-27T05:44:04.912Z"}
{"level":"info","message":"DELETE /subscription/delete/67971d1f2c30c8f3bf6e9811 - 200","timestamp":"2025-01-27T05:44:06.838Z"}
{"level":"info","message":"GET /subscription/read - 200","timestamp":"2025-01-27T05:44:06.970Z"}
{"level":"info","message":"GET /promo-code/read - 200","timestamp":"2025-01-27T05:50:29.803Z"}
{"level":"info","message":"POST /subscription/create - 200","timestamp":"2025-01-27T05:50:36.449Z"}
{"level":"info","message":"GET /subscription/read - 200","timestamp":"2025-01-27T05:50:42.497Z"}
{"level":"info","message":"DELETE /subscription/delete/67971eac2c30c8f3bf6e981d - 200","timestamp":"2025-01-27T05:50:49.669Z"}
{"level":"info","message":"GET /subscription/read - 200","timestamp":"2025-01-27T05:50:49.925Z"}
{"level":"info","message":"POST /subscription/create - 200","timestamp":"2025-01-27T05:52:13.474Z"}
{"level":"info","message":"GET /subscription/read - 200","timestamp":"2025-01-27T05:52:17.171Z"}
{"level":"info","message":"DELETE /subscription/delete/67971f0d2c30c8f3bf6e9826 - 200","timestamp":"2025-01-27T05:52:25.130Z"}
{"level":"info","message":"GET /subscription/read - 200","timestamp":"2025-01-27T05:52:25.387Z"}
{"level":"info","message":"POST /subscription/create - 200","timestamp":"2025-01-27T05:54:01.720Z"}
{"level":"info","message":"GET /subscription/read - 200","timestamp":"2025-01-27T05:54:08.379Z"}
{"level":"info","message":"DELETE /subscription/delete/67971f792c30c8f3bf6e982f - 200","timestamp":"2025-01-27T05:54:10.677Z"}
{"level":"info","message":"GET /subscription/read - 200","timestamp":"2025-01-27T05:54:11.033Z"}
{"level":"info","message":"GET /subscription/read - 200","timestamp":"2025-01-27T05:54:18.503Z"}
{"level":"info","message":"GET /subscription/read - 200","timestamp":"2025-01-27T05:54:19.583Z"}
{"level":"info","message":"GET /subscription/read - 200","timestamp":"2025-01-27T05:54:20.729Z"}
{"level":"info","message":"GET /subscription/read - 200","timestamp":"2025-01-27T05:54:21.608Z"}
{"level":"info","message":"GET /promo-code/read - 200","timestamp":"2025-01-27T05:54:23.799Z"}
{"level":"info","message":"GET /platform/read - 200","timestamp":"2025-01-27T05:54:24.809Z"}
{"level":"info","message":"GET /general/read - 200","timestamp":"2025-01-27T05:54:25.796Z"}
{"level":"info","message":"GET /admin-dashboard/showAllAgencyInAdmin - 200","timestamp":"2025-01-27T06:02:35.585Z"}
{"level":"info","message":"GET /subscription/read - 200","timestamp":"2025-01-27T06:03:36.779Z"}
{"level":"info","message":"GET /subscription/read - 200","timestamp":"2025-01-27T06:03:42.554Z"}
{"level":"info","message":"POST /auth/login - 200","timestamp":"2025-01-27T06:04:13.278Z"}
{"level":"info","message":"GET /subscription/read/67922ee8dfd8a935a229d8d4 - 200","timestamp":"2025-01-27T06:04:56.432Z"}
{"level":"info","message":"GET /subscription/read - 200","timestamp":"2025-01-27T06:05:09.928Z"}
{"level":"info","message":"GET /subscription/read/67922ee8dfd8a935a229d8d4 - 200","timestamp":"2025-01-27T06:05:32.591Z"}
{"level":"info","message":"GET /subscription/read/67922ee8dfd8a935a229d8d4 - 200","timestamp":"2025-01-27T06:05:44.701Z"}
{"level":"info","message":"GET /subscription/read - 200","timestamp":"2025-01-27T06:07:19.696Z"}
