{"level":"info","message":"POST /auth/register - 200","timestamp":"2025-02-11T04:00:09.963Z"}
{"level":"info","message":"POST /auth/register - 200","timestamp":"2025-02-11T04:00:19.853Z"}
{"level":"info","message":"POST /auth/register - 200","timestamp":"2025-02-11T04:43:57.095Z"}
{"level":"info","message":"POST /auth/register - 200","timestamp":"2025-02-11T04:46:30.881Z"}
{"level":"info","message":"POST /auth/register - 200","timestamp":"2025-02-11T04:46:35.214Z"}
{"level":"info","message":"POST /auth/register - 200","timestamp":"2025-02-11T04:47:02.414Z"}
{"level":"info","message":"POST /auth/register - 200","timestamp":"2025-02-11T04:47:07.969Z"}
{"level":"info","message":"POST /auth/register - 200","timestamp":"2025-02-11T04:48:38.883Z"}
{"level":"info","message":"POST /auth/register - 200","timestamp":"2025-02-11T04:49:20.025Z"}
{"level":"info","message":"POST /auth/register - 200","timestamp":"2025-02-11T04:49:26.700Z"}
{"level":"info","message":"POST /auth/register - 200","timestamp":"2025-02-11T04:51:09.222Z"}
{"level":"info","message":"POST /auth/register - 200","timestamp":"2025-02-11T04:51:16.557Z"}
{"level":"info","message":"POST /auth/register - 200","timestamp":"2025-02-11T04:52:05.226Z"}
{"level":"info","message":"POST /auth/register - 200","timestamp":"2025-02-11T04:52:31.844Z"}
{"level":"info","message":"POST /payment/create-checkout-session - 200","timestamp":"2025-02-11T05:13:03.323Z"}
{"level":"info","message":"POST /payment/webhook/stripe - 200","timestamp":"2025-02-11T05:13:56.398Z"}
{"level":"info","message":"GET /payment/success?session_id=cs_test_a1DmFN3iLcG8V0MLpabBuC5NqQndlSpMQpfxxhSKsEaeURLnLNo1k7QCuM - 200","timestamp":"2025-02-11T05:13:59.080Z"}
{"level":"info","message":"POST /payment/create-checkout-session - 200","timestamp":"2025-02-11T05:14:48.874Z"}
{"level":"info","message":"POST /payment/webhook/stripe - 200","timestamp":"2025-02-11T05:15:39.412Z"}
{"level":"info","message":"GET /payment/success?session_id=cs_test_a1ybuQwEJ4VNyBSQgSWHkXOQanQk1Iy5VfDHk6Ws28iAUmdL0lru3nlMTd - 200","timestamp":"2025-02-11T05:15:42.968Z"}
{"level":"info","message":"POST /payment/create-checkout-session - 200","timestamp":"2025-02-11T05:17:07.896Z"}
{"level":"info","message":"POST /payment/webhook/stripe - 200","timestamp":"2025-02-11T05:17:54.528Z"}
{"level":"info","message":"GET /payment/success?session_id=cs_test_a1HaBE8q9buRP2OYwyUB4QR6u1gORVpMBtlfMKelhH1Ea4VgZoVxI5SYGh - 200","timestamp":"2025-02-11T05:17:56.959Z"}
{"level":"info","message":"POST /payment/create-checkout-session - 200","timestamp":"2025-02-11T05:18:09.472Z"}
{"level":"info","message":"POST /payment/webhook/stripe - 200","timestamp":"2025-02-11T05:18:45.782Z"}
{"level":"info","message":"GET /payment/success?session_id=cs_test_a1YJLivQ0uAUceJNd4Caw80kqXUOIZcGFRxLXzDR7iRJT1IeDSZSoBZ6ut - 200","timestamp":"2025-02-11T05:18:48.972Z"}
{"level":"info","message":"POST /payment/create-checkout-session - 200","timestamp":"2025-02-11T06:16:23.676Z"}
{"level":"info","message":"POST /payment/create-checkout-session - 200","timestamp":"2025-02-11T06:16:28.397Z"}
{"level":"info","message":"POST /payment/webhook/stripe - 200","timestamp":"2025-02-11T06:16:52.848Z"}
{"level":"info","message":"GET /payment/success?session_id=cs_test_a1ZU20mGSibLBiAXez4yno2Hox2GyqzWOZUyVF40Ws6VKMAFefCzVXQj3f - 200","timestamp":"2025-02-11T06:16:55.948Z"}
{"level":"info","message":"POST /payment/create-checkout-session - 200","timestamp":"2025-02-11T06:18:00.744Z"}
{"level":"info","message":"POST /payment/webhook/stripe - 200","timestamp":"2025-02-11T06:18:30.523Z"}
{"level":"info","message":"GET /payment/success?session_id=cs_test_a186qd1PS68fxxikUEMX4hEJXvxcci135Rn3xL0rFDaq9vNcGZureO0hrb - 200","timestamp":"2025-02-11T06:18:32.944Z"}
{"level":"info","message":"POST /payment/create-checkout-session - 200","timestamp":"2025-02-11T06:19:12.584Z"}
{"level":"info","message":"POST /payment/webhook/stripe - 200","timestamp":"2025-02-11T06:19:36.018Z"}
{"level":"info","message":"GET /payment/success?session_id=cs_test_a1SQ0pxsCLKMUgv2Fcxrt6oxzX16kf83YwKV8ggYFVcIqaqHnDHqB4cf00 - 200","timestamp":"2025-02-11T06:19:38.200Z"}
{"level":"info","message":"POST /payment/create-checkout-session - 200","timestamp":"2025-02-11T06:22:20.346Z"}
{"level":"info","message":"POST /payment/webhook/stripe - 200","timestamp":"2025-02-11T06:22:45.682Z"}
{"level":"info","message":"GET /payment/success?session_id=cs_test_a1c66QP1JrRmk3nGD78TdX3tK4tGtRkwUUHlF3AfSfDy7wn939M6hclfRZ - 200","timestamp":"2025-02-11T06:22:47.283Z"}
{"level":"info","message":"POST /payment/create-checkout-session - 200","timestamp":"2025-02-11T06:34:36.340Z"}
{"level":"info","message":"POST /payment/create-checkout-session - 200","timestamp":"2025-02-11T06:35:23.826Z"}
{"level":"info","message":"POST /payment/webhook/stripe - 200","timestamp":"2025-02-11T06:35:51.726Z"}
{"level":"info","message":"GET /payment/success?session_id=cs_test_a1aONoA1Izxz9odzdJ3cJHIFumBHUhWlL1oZpG0pmI8D459lMGJx7lNRXz - 200","timestamp":"2025-02-11T06:35:53.286Z"}
{"level":"info","message":"POST /auth/register - 200","timestamp":"2025-02-11T07:48:12.211Z"}
{"level":"info","message":"GET / - 200","timestamp":"2025-02-11T07:49:19.819Z"}
{"level":"info","message":"POST /auth/register - 200","timestamp":"2025-02-11T07:50:09.725Z"}
{"level":"info","message":"POST /auth/register - 200","timestamp":"2025-02-11T07:50:18.796Z"}
{"level":"info","message":"POST /payment/create-checkout-session - 200","timestamp":"2025-02-11T07:51:32.546Z"}
{"level":"info","message":"POST /payment/webhook/stripe - 200","timestamp":"2025-02-11T07:52:02.919Z"}
{"level":"info","message":"GET /payment/success?session_id=cs_test_a1s3gOaxtp98UhOHjSnmnHs750yRfOUq483GVRtN79oo2C9aojKBYQJYlP - 200","timestamp":"2025-02-11T07:52:04.626Z"}
{"level":"info","message":"POST /payment/create-checkout-session - 200","timestamp":"2025-02-11T07:54:06.024Z"}
{"level":"info","message":"POST /payment/webhook/stripe - 200","timestamp":"2025-02-11T07:54:58.168Z"}
{"level":"info","message":"GET /payment/success?session_id=cs_test_a1hqrEUM0peVqiGUz2UnBVun8Zoj713HwhQ8MHoYono3iQq6xTQIb6BQsG - 200","timestamp":"2025-02-11T07:55:00.977Z"}
{"level":"info","message":"GET /favicon.ico - 200","timestamp":"2025-02-11T07:55:01.467Z"}
{"level":"info","message":"POST /payment/create-checkout-session - 200","timestamp":"2025-02-11T07:57:58.184Z"}
{"level":"info","message":"POST /payment/webhook/stripe - 200","timestamp":"2025-02-11T07:58:28.782Z"}
{"level":"info","message":"GET /payment/success?session_id=cs_test_a1pQXJRNo7lwu4Pen0caQI5cYcoRrUdFUiSO0WAyPpoX03tX5ENANtFWGh - 200","timestamp":"2025-02-11T07:58:30.506Z"}
{"level":"info","message":"POST /payment/create-checkout-session - 200","timestamp":"2025-02-11T08:00:13.773Z"}
{"level":"info","message":"POST /payment/webhook/stripe - 200","timestamp":"2025-02-11T08:00:39.133Z"}
{"level":"info","message":"GET /payment/success?session_id=cs_test_a1lFC7bEcJ1lZAoZ1Fz0PemgXSsh8fY3HIhrbSqvnJDPIG0CrTUxmClT4o - 200","timestamp":"2025-02-11T08:00:40.763Z"}
{"level":"info","message":"GET /favicon.ico - 200","timestamp":"2025-02-11T08:00:41.381Z"}
{"level":"info","message":"POST /payment/create-checkout-session - 200","timestamp":"2025-02-11T08:04:15.351Z"}
{"level":"info","message":"POST /payment/webhook/stripe - 200","timestamp":"2025-02-11T08:04:35.629Z"}
{"level":"info","message":"GET /payment/success?session_id=cs_test_a1hCnVrR9vY9OVO5FbMKrYToauRg3i2C5UqvrH7owP3itpH3QRFfrRxvSL - 200","timestamp":"2025-02-11T08:04:37.244Z"}
{"level":"info","message":"POST /auth/register - 200","timestamp":"2025-02-11T08:05:43.476Z"}
{"level":"info","message":"POST /payment/create-checkout-session - 200","timestamp":"2025-02-11T08:08:28.108Z"}
{"level":"info","message":"POST /payment/webhook/stripe - 200","timestamp":"2025-02-11T08:08:59.268Z"}
{"level":"info","message":"GET /payment/success?session_id=cs_test_a1uJnZPL4UdcXwgEOfTebD7ZrYoifzUy36zTOKlkPND9cWojcfGuzbOSLW - 200","timestamp":"2025-02-11T08:09:01.489Z"}
{"level":"info","message":"POST /payment/create-checkout-session - 200","timestamp":"2025-02-11T08:11:28.514Z"}
{"level":"info","message":"POST /payment/webhook/stripe - 200","timestamp":"2025-02-11T08:12:03.512Z"}
{"level":"info","message":"GET /payment/success?session_id=cs_test_a117oIvtEzKlfAyREQY6XP38cFfytVvz8d9tlfVvOI0e7E7GywUbvc4RPE - 200","timestamp":"2025-02-11T08:12:03.688Z"}
{"level":"info","message":"POST /payment/create-checkout-session - 200","timestamp":"2025-02-11T08:13:51.187Z"}
{"level":"info","message":"POST /payment/webhook/stripe - 200","timestamp":"2025-02-11T08:14:16.600Z"}
{"level":"info","message":"GET /payment/success?session_id=cs_test_a1S6FOg5pK2yRS60r3wd9fUWEodCGPyUnGuuCHPzIznqkVi3cuJs6txkiE - 200","timestamp":"2025-02-11T08:14:18.374Z"}
{"level":"info","message":"POST /payment/create-checkout-session - 200","timestamp":"2025-02-11T08:34:35.206Z"}
{"level":"info","message":"POST /payment/webhook/stripe - 200","timestamp":"2025-02-11T08:35:02.033Z"}
{"level":"info","message":"GET /payment/success?session_id=cs_test_a1zZs4bGjUdGnpZuAZh1wo4Gh5IEE72rXwUmkCjQnmAzOlp0epkcLSBLA8 - 200","timestamp":"2025-02-11T08:35:03.870Z"}
{"level":"info","message":"POST /payment/create-checkout-session - 200","timestamp":"2025-02-11T08:37:57.250Z"}
{"level":"info","message":"POST /payment/webhook/stripe - 200","timestamp":"2025-02-11T08:38:22.404Z"}
{"level":"info","message":"GET /payment/success?session_id=cs_test_a1Dg0YvVtg2FVxTUqTvX2mr5cV1USIURZ57UQB71ZOoYTntTXOESQdUQF8 - 200","timestamp":"2025-02-11T08:38:24.007Z"}
{"level":"info","message":"POST /payment/create-checkout-session - 200","timestamp":"2025-02-11T08:39:42.268Z"}
{"level":"info","message":"POST /payment/webhook/stripe - 200","timestamp":"2025-02-11T08:40:20.485Z"}
{"level":"info","message":"GET /payment/success?session_id=cs_test_a1N5SAtSyX4DQIi77BtxtRVmw9RlYowKY57oEpCioson7h2JsWEuF0zXAy - 200","timestamp":"2025-02-11T08:40:22.144Z"}
