{"level":"info","message":"POST /payment/create-checkout-session - 200","timestamp":"2025-02-15T11:42:48.217Z"}
{"level":"info","message":"POST /payment/webhook/stripe - 200","timestamp":"2025-02-15T11:43:15.462Z"}
{"level":"info","message":"GET /payment/success?session_id=cs_test_a1kQeiPxTdWRCgD0KuDIEvgJPh0pronHeZDqABhxoJKJy1N7mqqn9Uz0CJ - 200","timestamp":"2025-02-15T11:43:17.908Z"}
{"level":"info","message":"POST /payment/create-checkout-session - 200","timestamp":"2025-02-15T11:44:45.749Z"}
{"level":"info","message":"POST /payment/webhook/stripe - 200","timestamp":"2025-02-15T11:45:15.195Z"}
{"level":"info","message":"GET /payment/success?session_id=cs_test_a155dc6I6K9UXpM4QynhWYcneoEownVgo3iNkGLuOEAMhQhkybjVIGAwBV - 200","timestamp":"2025-02-15T11:45:26.002Z"}
{"level":"info","message":"POST /payment/webhook/stripe - 200","timestamp":"2025-02-15T11:45:30.316Z"}
{"level":"info","message":"POST /payment/create-checkout-session - 200","timestamp":"2025-02-15T11:46:51.079Z"}
{"level":"info","message":"POST /payment/webhook/stripe - 200","timestamp":"2025-02-15T11:47:17.192Z"}
{"level":"info","message":"GET /payment/success?session_id=cs_test_a1OWThnvx70OfHM1lBBSIt5zYBaJLhUyogNnYplpmI8p8tf4GsqvqZz9I7 - 200","timestamp":"2025-02-15T11:47:19.446Z"}
{"level":"info","message":"POST /payment/create-checkout-session - 200","timestamp":"2025-02-15T11:47:54.847Z"}
{"level":"info","message":"POST /payment/webhook/stripe - 200","timestamp":"2025-02-15T11:48:22.447Z"}
{"level":"info","message":"GET /payment/success?session_id=cs_test_a1TwdA35ncSRCHscd5oox9pbvNOw0maO3s5gxvjEGbwP9VEW3CKsNG3itw - 200","timestamp":"2025-02-15T11:48:24.114Z"}
{"level":"info","message":"POST /payment/create-checkout-session - 200","timestamp":"2025-02-15T11:49:33.407Z"}
{"level":"info","message":"POST /payment/webhook/stripe - 200","timestamp":"2025-02-15T11:49:57.171Z"}
{"level":"info","message":"GET /payment/success?session_id=cs_test_a1VLH4RPrDENlUCUmHqPtVPvflF8joj8oFNzWzy5Gw6gfj5ka73EV3jEPw - 200","timestamp":"2025-02-15T11:49:58.717Z"}
{"level":"info","message":"POST /payment/create-checkout-session - 200","timestamp":"2025-02-15T11:50:14.355Z"}
{"level":"info","message":"POST /payment/webhook/stripe - 200","timestamp":"2025-02-15T11:50:40.117Z"}
{"level":"info","message":"GET /payment/success?session_id=cs_test_a1GhuV3xv4Ib0PVboLS2B3vO1MhQ3oaqnHy5REgskNsDWFrLXxeUYUD3Ur - 200","timestamp":"2025-02-15T11:50:43.253Z"}
{"level":"info","message":"POST /payment/create-checkout-session - 200","timestamp":"2025-02-15T11:51:37.292Z"}
{"level":"info","message":"POST /payment/webhook/stripe - 200","timestamp":"2025-02-15T11:52:04.865Z"}
{"level":"info","message":"GET /payment/success?session_id=cs_test_a18wL5uMQ1ncaPBmLKEn4G4aEmfawtIrsati9Y3UmCNsnHY0RtmQ1UlP4O - 200","timestamp":"2025-02-15T11:52:06.450Z"}
{"level":"info","message":"POST /payment/create-checkout-session - 200","timestamp":"2025-02-15T12:10:22.084Z"}
{"level":"info","message":"POST /payment/webhook/stripe - 200","timestamp":"2025-02-15T12:10:48.000Z"}
{"level":"info","message":"GET /payment/success?session_id=cs_test_a1nqhz8xHKwTRWQljpuAQ0yVAwvI59HJXM8tWcey6NeRQxcd5c6wJ9ycon - 200","timestamp":"2025-02-15T12:10:49.662Z"}
{"level":"info","message":"POST /payment/webhook/stripe - 200","timestamp":"2025-02-15T12:46:01.137Z"}
