{"level":"info","message":"POST /payment/create-checkout-session - 200","timestamp":"2025-02-13T02:58:51.563Z"}
{"level":"info","message":"POST /payment/webhook/stripe - 200","timestamp":"2025-02-13T02:59:29.466Z"}
{"level":"info","message":"GET /payment/success?session_id=cs_test_a1DjSGZNT5OolSJ97zo0qSUvNmO3aH0atj2CDq6N0CQEOoZfH8AIbOXaqH - 200","timestamp":"2025-02-13T02:59:31.459Z"}
{"level":"info","message":"POST /payment/create-checkout-session - 200","timestamp":"2025-02-13T03:00:59.151Z"}
{"level":"info","message":"POST /payment/webhook/stripe - 200","timestamp":"2025-02-13T03:01:31.316Z"}
{"level":"info","message":"GET /payment/success?session_id=cs_test_a1jon6rMYN40TKCLPaC5EANh94k2TQev8U3vhUxLYsYYtGQjP0RPRhK0uN - 200","timestamp":"2025-02-13T03:01:34.141Z"}
{"level":"info","message":"POST /payment/create-checkout-session - 200","timestamp":"2025-02-13T03:02:09.149Z"}
{"level":"info","message":"POST /payment/webhook/stripe - 200","timestamp":"2025-02-13T03:02:50.070Z"}
{"level":"info","message":"GET /payment/success?session_id=cs_test_a1O30teX1flBoyxBacQNamr80sMLl9bkNzP7mUIk1IWVQYdYlotvM1wBUQ - 200","timestamp":"2025-02-13T03:03:00.412Z"}
{"level":"info","message":"POST /payment/webhook/stripe - 200","timestamp":"2025-02-13T03:03:07.303Z"}
{"level":"info","message":"POST /payment/create-checkout-session - 200","timestamp":"2025-02-13T03:09:00.126Z"}
{"level":"info","message":"POST /payment/webhook/stripe - 200","timestamp":"2025-02-13T03:09:43.804Z"}
{"level":"info","message":"GET /payment/success?session_id=cs_test_a1BW1vMYJw401j8rF4Dc6tleN2tmunQ4l9VvDorasu36Z1xbOxO6YudXDD - 200","timestamp":"2025-02-13T03:09:46.465Z"}
{"level":"info","message":"GET /payment/monthly-progress - 200","timestamp":"2025-02-13T03:13:46.913Z"}
{"level":"info","message":"GET /payment/monthly-progress - 200","timestamp":"2025-02-13T03:13:53.373Z"}
{"level":"info","message":"POST /auth/login - 200","timestamp":"2025-02-13T03:14:08.244Z"}
{"level":"info","message":"GET /payment/monthly-progress - 200","timestamp":"2025-02-13T03:14:43.605Z"}
{"level":"info","message":"GET /payment/monthly-progress - 200","timestamp":"2025-02-13T03:15:51.258Z"}
{"level":"info","message":"GET /payment/monthly-progress - 200","timestamp":"2025-02-13T03:25:46.638Z"}
{"level":"info","message":"GET /payment/monthly-progress - 200","timestamp":"2025-02-13T03:57:00.340Z"}
{"level":"info","message":"POST /payment/webhook/stripe - 200","timestamp":"2025-02-13T04:04:02.399Z"}
{"level":"info","message":"GET /payment/monthly-progress - 200","timestamp":"2025-02-13T04:05:43.726Z"}
